Build started 09/04/2014 9:51:52 AM.
     1>Project "C:\Marc_Serra\TortoiseGit_Busmaster\BUSMASTER_2.3_UDS\busmaster\Sources\CAN_iVIEW\CAN_i-VIEW.vcxproj" on node 2 (Build target(s)).
     1>ClCompile:
         C:\Program Files (x86)\Microsoft Visual Studio 11.0\VC\bin\CL.exe /c /IC:\Marc_Serra\TortoiseGit_Busmaster\BUSMASTER_2.3_UDS\busmaster\Sources\ /IC:\WinDDK\7600.16385.1\inc\mfc42 /IC:\WinDDK\7600.16385.1\inc\atl71 /I\lib /I\include /I"\mDNSResponder-333.10\mDNSShared" /I. /Zi /nologo /W4 /WX- /Od /Oy- /D WIN32 /D _WINDOWS /D NDEBUG /D _USRDLL /D WINVER=0x0500 /D _VC80_UPGRADE=0x0710 /D _USING_V110_SDK71_ /D _WINDLL /D _MBCS /D _AFXDLL /GF- /Gm- /EHsc /MD /GS /Gy- /fp:precise /Zc:wchar_t /Zc:forScope /Fo"busmaster_debug\\" /Fd"busmaster_debug\vc110.pdb" /Gd /TP /analyze- /errorReport:prompt AcceptanceFilterDlg.cpp "CAN_i-VIEW.cpp" CANRegAnalysis.cpp ChangeRegisters.cpp HardwareListing.cpp
         AcceptanceFilterDlg.cpp
     1>C:\Marc_Serra\TortoiseGit_Busmaster\BUSMASTER_2.3_UDS\busmaster\Sources\include/struct_can.h(293): warning C4100: 'pNodePtr' : parámetro formal sin referencia
     1>C:\Marc_Serra\TortoiseGit_Busmaster\BUSMASTER_2.3_UDS\busmaster\Sources\include/struct_can.h(340): warning C4244: 'inicializando' : conversión de 'double' a 'float'; posible pérdida de datos
     1>C:\Marc_Serra\TortoiseGit_Busmaster\BUSMASTER_2.3_UDS\busmaster\Sources\include/struct_can.h(463): warning C4101: 'nStrSize' : variable local sin referencia
     1>C:\Marc_Serra\TortoiseGit_Busmaster\BUSMASTER_2.3_UDS\busmaster\Sources\include/struct_can.h(499): warning C4244: 'inicializando' : conversión de 'double' a 'float'; posible pérdida de datos
     1>c:\marc_serra\tortoisegit_busmaster\busmaster_2.3_uds\busmaster\sources\include\Struct_LIN.h(124): warning C4091: 'typedef ' : se ha omitido a la izquierda de 'SEVENT_SYNC_LIN' cuando no hay ninguna variable declarada
     1>c:\marc_serra\tortoisegit_busmaster\busmaster_2.3_uds\busmaster\sources\include\BaseDefs.h(244): warning C4091: 'typedef ' : se ha omitido a la izquierda de 'tagFormattedData_CAN' cuando no hay ninguna variable declarada
     1>c:\marc_serra\tortoisegit_busmaster\busmaster_2.3_uds\busmaster\sources\include\BaseDefs.h(291): warning C4091: 'typedef ' : se ha omitido a la izquierda de 'tagFormattedData_LIN' cuando no hay ninguna variable declarada
         CAN_i-VIEW.cpp
     1>C:\Marc_Serra\TortoiseGit_Busmaster\BUSMASTER_2.3_UDS\busmaster\Sources\include/struct_can.h(293): warning C4100: 'pNodePtr' : parámetro formal sin referencia
     1>C:\Marc_Serra\TortoiseGit_Busmaster\BUSMASTER_2.3_UDS\busmaster\Sources\include/struct_can.h(340): warning C4244: 'inicializando' : conversión de 'double' a 'float'; posible pérdida de datos
     1>C:\Marc_Serra\TortoiseGit_Busmaster\BUSMASTER_2.3_UDS\busmaster\Sources\include/struct_can.h(463): warning C4101: 'nStrSize' : variable local sin referencia
     1>C:\Marc_Serra\TortoiseGit_Busmaster\BUSMASTER_2.3_UDS\busmaster\Sources\include/struct_can.h(499): warning C4244: 'inicializando' : conversión de 'double' a 'float'; posible pérdida de datos
     1>c:\marc_serra\tortoisegit_busmaster\busmaster_2.3_uds\busmaster\sources\can_iview\EXTERNAL\vci.h(519): warning C4005: 'EIDRM' : redefinición de macro
                 C:\Program Files (x86)\Microsoft Visual Studio 11.0\VC\include\errno.h(103) : vea la definición anterior de 'EIDRM'
     1>c:\marc_serra\tortoisegit_busmaster\busmaster_2.3_uds\busmaster\sources\can_iview\EXTERNAL\vci.h(540): warning C4005: 'ENOSTR' : redefinición de macro
                 C:\Program Files (x86)\Microsoft Visual Studio 11.0\VC\include\errno.h(117) : vea la definición anterior de 'ENOSTR'
     1>c:\marc_serra\tortoisegit_busmaster\busmaster_2.3_uds\busmaster\sources\can_iview\EXTERNAL\vci.h(541): warning C4005: 'ENODATA' : redefinición de macro
                 C:\Program Files (x86)\Microsoft Visual Studio 11.0\VC\include\errno.h(112) : vea la definición anterior de 'ENODATA'
     1>c:\marc_serra\tortoisegit_busmaster\busmaster_2.3_uds\busmaster\sources\can_iview\EXTERNAL\vci.h(542): warning C4005: 'ETIME' : redefinición de macro
                 C:\Program Files (x86)\Microsoft Visual Studio 11.0\VC\include\errno.h(129) : vea la definición anterior de 'ETIME'
     1>c:\marc_serra\tortoisegit_busmaster\busmaster_2.3_uds\busmaster\sources\can_iview\EXTERNAL\vci.h(543): warning C4005: 'ENOSR' : redefinición de macro
                 C:\Program Files (x86)\Microsoft Visual Studio 11.0\VC\include\errno.h(116) : vea la definición anterior de 'ENOSR'
     1>c:\marc_serra\tortoisegit_busmaster\busmaster_2.3_uds\busmaster\sources\can_iview\EXTERNAL\vci.h(547): warning C4005: 'ENOLINK' : redefinición de macro
                 C:\Program Files (x86)\Microsoft Visual Studio 11.0\VC\include\errno.h(113) : vea la definición anterior de 'ENOLINK'
     1>c:\marc_serra\tortoisegit_busmaster\busmaster_2.3_uds\busmaster\sources\can_iview\EXTERNAL\vci.h(551): warning C4005: 'EPROTO' : redefinición de macro
                 C:\Program Files (x86)\Microsoft Visual Studio 11.0\VC\include\errno.h(126) : vea la definición anterior de 'EPROTO'
     1>c:\marc_serra\tortoisegit_busmaster\busmaster_2.3_uds\busmaster\sources\can_iview\EXTERNAL\vci.h(554): warning C4005: 'EBADMSG' : redefinición de macro
                 C:\Program Files (x86)\Microsoft Visual Studio 11.0\VC\include\errno.h(96) : vea la definición anterior de 'EBADMSG'
     1>c:\marc_serra\tortoisegit_busmaster\busmaster_2.3_uds\busmaster\sources\can_iview\EXTERNAL\vci.h(555): warning C4005: 'EOVERFLOW' : redefinición de macro
                 C:\Program Files (x86)\Microsoft Visual Studio 11.0\VC\include\errno.h(124) : vea la definición anterior de 'EOVERFLOW'
     1>c:\marc_serra\tortoisegit_busmaster\busmaster_2.3_uds\busmaster\sources\can_iview\EXTERNAL\vci.h(572): warning C4005: 'ENOTSOCK' : redefinición de macro
                 C:\Program Files (x86)\Microsoft Visual Studio 11.0\VC\include\errno.h(120) : vea la definición anterior de 'ENOTSOCK'
     1>c:\marc_serra\tortoisegit_busmaster\busmaster_2.3_uds\busmaster\sources\can_iview\EXTERNAL\vci.h(573): warning C4005: 'EDESTADDRREQ' : redefinición de macro
                 C:\Program Files (x86)\Microsoft Visual Studio 11.0\VC\include\errno.h(101) : vea la definición anterior de 'EDESTADDRREQ'
     1>c:\marc_serra\tortoisegit_busmaster\busmaster_2.3_uds\busmaster\sources\can_iview\EXTERNAL\vci.h(574): warning C4005: 'EMSGSIZE' : redefinición de macro
                 C:\Program Files (x86)\Microsoft Visual Studio 11.0\VC\include\errno.h(107) : vea la definición anterior de 'EMSGSIZE'
     1>c:\marc_serra\tortoisegit_busmaster\busmaster_2.3_uds\busmaster\sources\can_iview\EXTERNAL\vci.h(575): warning C4005: 'EPROTOTYPE' : redefinición de macro
                 C:\Program Files (x86)\Microsoft Visual Studio 11.0\VC\include\errno.h(128) : vea la definición anterior de 'EPROTOTYPE'
     1>c:\marc_serra\tortoisegit_busmaster\busmaster_2.3_uds\busmaster\sources\can_iview\EXTERNAL\vci.h(576): warning C4005: 'ENOPROTOOPT' : redefinición de macro
                 C:\Program Files (x86)\Microsoft Visual Studio 11.0\VC\include\errno.h(115) : vea la definición anterior de 'ENOPROTOOPT'
     1>c:\marc_serra\tortoisegit_busmaster\busmaster_2.3_uds\busmaster\sources\can_iview\EXTERNAL\vci.h(577): warning C4005: 'EPROTONOSUPPORT' : redefinición de macro
                 C:\Program Files (x86)\Microsoft Visual Studio 11.0\VC\include\errno.h(127) : vea la definición anterior de 'EPROTONOSUPPORT'
     1>c:\marc_serra\tortoisegit_busmaster\busmaster_2.3_uds\busmaster\sources\can_iview\EXTERNAL\vci.h(579): warning C4005: 'EOPNOTSUPP' : redefinición de macro
                 C:\Program Files (x86)\Microsoft Visual Studio 11.0\VC\include\errno.h(122) : vea la definición anterior de 'EOPNOTSUPP'
     1>c:\marc_serra\tortoisegit_busmaster\busmaster_2.3_uds\busmaster\sources\can_iview\EXTERNAL\vci.h(581): warning C4005: 'EAFNOSUPPORT' : redefinición de macro
                 C:\Program Files (x86)\Microsoft Visual Studio 11.0\VC\include\errno.h(94) : vea la definición anterior de 'EAFNOSUPPORT'
     1>c:\marc_serra\tortoisegit_busmaster\busmaster_2.3_uds\busmaster\sources\can_iview\EXTERNAL\vci.h(582): warning C4005: 'EADDRINUSE' : redefinición de macro
                 C:\Program Files (x86)\Microsoft Visual Studio 11.0\VC\include\errno.h(92) : vea la definición anterior de 'EADDRINUSE'
     1>c:\marc_serra\tortoisegit_busmaster\busmaster_2.3_uds\busmaster\sources\can_iview\EXTERNAL\vci.h(583): warning C4005: 'EADDRNOTAVAIL' : redefinición de macro
                 C:\Program Files (x86)\Microsoft Visual Studio 11.0\VC\include\errno.h(93) : vea la definición anterior de 'EADDRNOTAVAIL'
     1>c:\marc_serra\tortoisegit_busmaster\busmaster_2.3_uds\busmaster\sources\can_iview\EXTERNAL\vci.h(584): warning C4005: 'ENETDOWN' : redefinición de macro
                 C:\Program Files (x86)\Microsoft Visual Studio 11.0\VC\include\errno.h(108) : vea la definición anterior de 'ENETDOWN'
     1>c:\marc_serra\tortoisegit_busmaster\busmaster_2.3_uds\busmaster\sources\can_iview\EXTERNAL\vci.h(585): warning C4005: 'ENETUNREACH' : redefinición de macro
                 C:\Program Files (x86)\Microsoft Visual Studio 11.0\VC\include\errno.h(110) : vea la definición anterior de 'ENETUNREACH'
     1>c:\marc_serra\tortoisegit_busmaster\busmaster_2.3_uds\busmaster\sources\can_iview\EXTERNAL\vci.h(586): warning C4005: 'ENETRESET' : redefinición de macro
                 C:\Program Files (x86)\Microsoft Visual Studio 11.0\VC\include\errno.h(109) : vea la definición anterior de 'ENETRESET'
     1>c:\marc_serra\tortoisegit_busmaster\busmaster_2.3_uds\busmaster\sources\can_iview\EXTERNAL\vci.h(587): warning C4005: 'ECONNABORTED' : redefinición de macro
                 C:\Program Files (x86)\Microsoft Visual Studio 11.0\VC\include\errno.h(98) : vea la definición anterior de 'ECONNABORTED'
     1>c:\marc_serra\tortoisegit_busmaster\busmaster_2.3_uds\busmaster\sources\can_iview\EXTERNAL\vci.h(588): warning C4005: 'ECONNRESET' : redefinición de macro
                 C:\Program Files (x86)\Microsoft Visual Studio 11.0\VC\include\errno.h(100) : vea la definición anterior de 'ECONNRESET'
     1>c:\marc_serra\tortoisegit_busmaster\busmaster_2.3_uds\busmaster\sources\can_iview\EXTERNAL\vci.h(589): warning C4005: 'ENOBUFS' : redefinición de macro
                 C:\Program Files (x86)\Microsoft Visual Studio 11.0\VC\include\errno.h(111) : vea la definición anterior de 'ENOBUFS'
     1>c:\marc_serra\tortoisegit_busmaster\busmaster_2.3_uds\busmaster\sources\can_iview\EXTERNAL\vci.h(590): warning C4005: 'EISCONN' : redefinición de macro
                 C:\Program Files (x86)\Microsoft Visual Studio 11.0\VC\include\errno.h(105) : vea la definición anterior de 'EISCONN'
     1>c:\marc_serra\tortoisegit_busmaster\busmaster_2.3_uds\busmaster\sources\can_iview\EXTERNAL\vci.h(591): warning C4005: 'ENOTCONN' : redefinición de macro
                 C:\Program Files (x86)\Microsoft Visual Studio 11.0\VC\include\errno.h(118) : vea la definición anterior de 'ENOTCONN'
     1>c:\marc_serra\tortoisegit_busmaster\busmaster_2.3_uds\busmaster\sources\can_iview\EXTERNAL\vci.h(594): warning C4005: 'ETIMEDOUT' : redefinición de macro
                 C:\Program Files (x86)\Microsoft Visual Studio 11.0\VC\include\errno.h(130) : vea la definición anterior de 'ETIMEDOUT'
     1>c:\marc_serra\tortoisegit_busmaster\busmaster_2.3_uds\busmaster\sources\can_iview\EXTERNAL\vci.h(595): warning C4005: 'ECONNREFUSED' : redefinición de macro
                 C:\Program Files (x86)\Microsoft Visual Studio 11.0\VC\include\errno.h(99) : vea la definición anterior de 'ECONNREFUSED'
     1>c:\marc_serra\tortoisegit_busmaster\busmaster_2.3_uds\busmaster\sources\can_iview\EXTERNAL\vci.h(597): warning C4005: 'EHOSTUNREACH' : redefinición de macro
                 C:\Program Files (x86)\Microsoft Visual Studio 11.0\VC\include\errno.h(102) : vea la definición anterior de 'EHOSTUNREACH'
     1>c:\marc_serra\tortoisegit_busmaster\busmaster_2.3_uds\busmaster\sources\can_iview\EXTERNAL\vci.h(598): warning C4005: 'EALREADY' : redefinición de macro
                 C:\Program Files (x86)\Microsoft Visual Studio 11.0\VC\include\errno.h(95) : vea la definición anterior de 'EALREADY'
     1>c:\marc_serra\tortoisegit_busmaster\busmaster_2.3_uds\busmaster\sources\can_iview\EXTERNAL\vci.h(599): warning C4005: 'EINPROGRESS' : redefinición de macro
                 C:\Program Files (x86)\Microsoft Visual Studio 11.0\VC\include\errno.h(104) : vea la definición anterior de 'EINPROGRESS'
     1>c:\marc_serra\tortoisegit_busmaster\busmaster_2.3_uds\busmaster\sources\include\Struct_LIN.h(124): warning C4091: 'typedef ' : se ha omitido a la izquierda de 'SEVENT_SYNC_LIN' cuando no hay ninguna variable declarada
     1>C:\Marc_Serra\TortoiseGit_Busmaster\BUSMASTER_2.3_UDS\busmaster\Sources\Include/BaseDefs.h(244): warning C4091: 'typedef ' : se ha omitido a la izquierda de 'tagFormattedData_CAN' cuando no hay ninguna variable declarada
     1>C:\Marc_Serra\TortoiseGit_Busmaster\BUSMASTER_2.3_UDS\busmaster\Sources\Include/BaseDefs.h(291): warning C4091: 'typedef ' : se ha omitido a la izquierda de 'tagFormattedData_LIN' cuando no hay ninguna variable declarada
     1>c:\marc_serra\tortoisegit_busmaster\busmaster_2.3_uds\busmaster\sources\datatypes\Base_FlexRay_Buffer.h(126): warning C4005: 'FLX_MAX_MSG_DATA_SIZE' : redefinición de macro
                 C:\Marc_Serra\TortoiseGit_Busmaster\BUSMASTER_2.3_UDS\busmaster\Sources\Include/BaseDefs.h(164) : vea la definición anterior de 'FLX_MAX_MSG_DATA_SIZE'
     1>C:\WinDDK\7600.16385.1\inc\atl71\cstringt.h(267): warning C4996: 'wcscpy': This function or variable may be unsafe. Consider using wcscpy_s instead. To disable deprecation, use _CRT_SECURE_NO_WARNINGS. See online help for details.
                 C:\Program Files (x86)\Microsoft Visual Studio 11.0\VC\include\string.h(288) : vea la declaración de 'wcscpy'
     1>C:\WinDDK\7600.16385.1\inc\atl71\cstringt.h(286): warning C4996: 'wcscpy': This function or variable may be unsafe. Consider using wcscpy_s instead. To disable deprecation, use _CRT_SECURE_NO_WARNINGS. See online help for details.
                 C:\Program Files (x86)\Microsoft Visual Studio 11.0\VC\include\string.h(288) : vea la declaración de 'wcscpy'
     1>C:\WinDDK\7600.16385.1\inc\atl71\cstringt.h(629): warning C4996: '_wcsupr': This function or variable may be unsafe. Consider using _wcsupr_s instead. To disable deprecation, use _CRT_SECURE_NO_WARNINGS. See online help for details.
                 C:\Program Files (x86)\Microsoft Visual Studio 11.0\VC\include\string.h(355) : vea la declaración de '_wcsupr'
     1>C:\WinDDK\7600.16385.1\inc\atl71\cstringt.h(634): warning C4996: '_wcslwr': This function or variable may be unsafe. Consider using _wcslwr_s instead. To disable deprecation, use _CRT_SECURE_NO_WARNINGS. See online help for details.
                 C:\Program Files (x86)\Microsoft Visual Studio 11.0\VC\include\string.h(349) : vea la declaración de '_wcslwr'
     1>C:\WinDDK\7600.16385.1\inc\atl71\cstringt.h(649): warning C4996: 'vswprintf': swprintf has been changed to conform with the ISO C standard, adding an extra character count parameter. To use traditional Microsoft swprintf, set _CRT_NON_CONFORMING_SWPRINTFS.
                 C:\Program Files (x86)\Microsoft Visual Studio 11.0\VC\include\swprintf.inl(97) : vea la declaración de 'vswprintf'
     1>CAN_i-VIEW.cpp(1200): warning C4100: 'pMsgIds' : parámetro formal sin referencia
     1>CAN_i-VIEW.cpp(1199): warning C4100: 'Channel' : parámetro formal sin referencia
     1>CAN_i-VIEW.cpp(1198): warning C4100: 'FilterType' : parámetro formal sin referencia
         CANRegAnalysis.cpp
     1>C:\Marc_Serra\TortoiseGit_Busmaster\BUSMASTER_2.3_UDS\busmaster\Sources\include/struct_can.h(293): warning C4100: 'pNodePtr' : parámetro formal sin referencia
     1>C:\Marc_Serra\TortoiseGit_Busmaster\BUSMASTER_2.3_UDS\busmaster\Sources\include/struct_can.h(340): warning C4244: 'inicializando' : conversión de 'double' a 'float'; posible pérdida de datos
     1>C:\Marc_Serra\TortoiseGit_Busmaster\BUSMASTER_2.3_UDS\busmaster\Sources\include/struct_can.h(463): warning C4101: 'nStrSize' : variable local sin referencia
     1>C:\Marc_Serra\TortoiseGit_Busmaster\BUSMASTER_2.3_UDS\busmaster\Sources\include/struct_can.h(499): warning C4244: 'inicializando' : conversión de 'double' a 'float'; posible pérdida de datos
     1>c:\marc_serra\tortoisegit_busmaster\busmaster_2.3_uds\busmaster\sources\include\Struct_LIN.h(124): warning C4091: 'typedef ' : se ha omitido a la izquierda de 'SEVENT_SYNC_LIN' cuando no hay ninguna variable declarada
     1>c:\marc_serra\tortoisegit_busmaster\busmaster_2.3_uds\busmaster\sources\include\BaseDefs.h(244): warning C4091: 'typedef ' : se ha omitido a la izquierda de 'tagFormattedData_CAN' cuando no hay ninguna variable declarada
     1>c:\marc_serra\tortoisegit_busmaster\busmaster_2.3_uds\busmaster\sources\include\BaseDefs.h(291): warning C4091: 'typedef ' : se ha omitido a la izquierda de 'tagFormattedData_LIN' cuando no hay ninguna variable declarada
         ChangeRegisters.cpp
     1>C:\Marc_Serra\TortoiseGit_Busmaster\BUSMASTER_2.3_UDS\busmaster\Sources\include/struct_can.h(293): warning C4100: 'pNodePtr' : parámetro formal sin referencia
     1>C:\Marc_Serra\TortoiseGit_Busmaster\BUSMASTER_2.3_UDS\busmaster\Sources\include/struct_can.h(340): warning C4244: 'inicializando' : conversión de 'double' a 'float'; posible pérdida de datos
     1>C:\Marc_Serra\TortoiseGit_Busmaster\BUSMASTER_2.3_UDS\busmaster\Sources\include/struct_can.h(463): warning C4101: 'nStrSize' : variable local sin referencia
     1>C:\Marc_Serra\TortoiseGit_Busmaster\BUSMASTER_2.3_UDS\busmaster\Sources\include/struct_can.h(499): warning C4244: 'inicializando' : conversión de 'double' a 'float'; posible pérdida de datos
     1>c:\marc_serra\tortoisegit_busmaster\busmaster_2.3_uds\busmaster\sources\include\Struct_LIN.h(124): warning C4091: 'typedef ' : se ha omitido a la izquierda de 'SEVENT_SYNC_LIN' cuando no hay ninguna variable declarada
     1>c:\marc_serra\tortoisegit_busmaster\busmaster_2.3_uds\busmaster\sources\include\BaseDefs.h(244): warning C4091: 'typedef ' : se ha omitido a la izquierda de 'tagFormattedData_CAN' cuando no hay ninguna variable declarada
     1>c:\marc_serra\tortoisegit_busmaster\busmaster_2.3_uds\busmaster\sources\include\BaseDefs.h(291): warning C4091: 'typedef ' : se ha omitido a la izquierda de 'tagFormattedData_LIN' cuando no hay ninguna variable declarada
     1>ChangeRegisters.cpp(823): warning C4996: '_itoa': This function or variable may be unsafe. Consider using _itoa_s instead. To disable deprecation, use _CRT_SECURE_NO_WARNINGS. See online help for details.
                 C:\Program Files (x86)\Microsoft Visual Studio 11.0\VC\include\stdlib.h(468) : vea la declaración de '_itoa'
     1>ChangeRegisters.cpp(951): warning C4996: '_itoa': This function or variable may be unsafe. Consider using _itoa_s instead. To disable deprecation, use _CRT_SECURE_NO_WARNINGS. See online help for details.
                 C:\Program Files (x86)\Microsoft Visual Studio 11.0\VC\include\stdlib.h(468) : vea la declaración de '_itoa'
     1>ChangeRegisters.cpp(1135): warning C4996: '_itoa': This function or variable may be unsafe. Consider using _itoa_s instead. To disable deprecation, use _CRT_SECURE_NO_WARNINGS. See online help for details.
                 C:\Program Files (x86)\Microsoft Visual Studio 11.0\VC\include\stdlib.h(468) : vea la declaración de '_itoa'
         HardwareListing.cpp
     1>C:\Marc_Serra\TortoiseGit_Busmaster\BUSMASTER_2.3_UDS\busmaster\Sources\include/struct_can.h(293): warning C4100: 'pNodePtr' : parámetro formal sin referencia
     1>C:\Marc_Serra\TortoiseGit_Busmaster\BUSMASTER_2.3_UDS\busmaster\Sources\include/struct_can.h(340): warning C4244: 'inicializando' : conversión de 'double' a 'float'; posible pérdida de datos
     1>C:\Marc_Serra\TortoiseGit_Busmaster\BUSMASTER_2.3_UDS\busmaster\Sources\include/struct_can.h(463): warning C4101: 'nStrSize' : variable local sin referencia
     1>C:\Marc_Serra\TortoiseGit_Busmaster\BUSMASTER_2.3_UDS\busmaster\Sources\include/struct_can.h(499): warning C4244: 'inicializando' : conversión de 'double' a 'float'; posible pérdida de datos
     1>c:\marc_serra\tortoisegit_busmaster\busmaster_2.3_uds\busmaster\sources\include\Struct_LIN.h(124): warning C4091: 'typedef ' : se ha omitido a la izquierda de 'SEVENT_SYNC_LIN' cuando no hay ninguna variable declarada
     1>c:\marc_serra\tortoisegit_busmaster\busmaster_2.3_uds\busmaster\sources\datatypes\../Include/BaseDefs.h(244): warning C4091: 'typedef ' : se ha omitido a la izquierda de 'tagFormattedData_CAN' cuando no hay ninguna variable declarada
     1>c:\marc_serra\tortoisegit_busmaster\busmaster_2.3_uds\busmaster\sources\datatypes\../Include/BaseDefs.h(291): warning C4091: 'typedef ' : se ha omitido a la izquierda de 'tagFormattedData_LIN' cuando no hay ninguna variable declarada
         Generando código...
       ResourceCompile:
         C:\Program Files (x86)\Microsoft SDKs\Windows\v7.1A\bin\rc.exe /D _DEBUG /D _VC80_UPGRADE=0x0710 /D _USING_V110_SDK71_ /D _AFXDLL /l"0x0409" /Ibusmaster_debug\ /nologo /fo"busmaster_debug\CAN_i-VIEW.res" CAN_i-VIEW.rc 
     1>C:\Program Files (x86)\MSBuild\Microsoft.Cpp\v4.0\V110\Microsoft.CppBuild.targets(1137,5): warning MSB8012: TargetPath(C:\Marc_Serra\TortoiseGit_Busmaster\BUSMASTER_2.3_UDS\busmaster\Sources\CAN_iVIEW\busmaster_debug\CAN_i-VIEW.dll) does not match the Linker's OutputFile property value (C:\Marc_Serra\TortoiseGit_Busmaster\BUSMASTER_2.3_UDS\busmaster\Sources\bin\busmaster_debug\CAN_i-VIEW.dll). This may cause your project to build incorrectly. To correct this, please make sure that $(OutDir), $(TargetName) and $(TargetExt) property values match the value specified in %(Link.OutputFile).
       Link:
         C:\Program Files (x86)\Microsoft Visual Studio 11.0\VC\bin\link.exe /ERRORREPORT:PROMPT /OUT:"C:\Marc_Serra\TortoiseGit_Busmaster\BUSMASTER_2.3_UDS\busmaster\Sources\/bin/busmaster_debug\CAN_i-VIEW.dll" /INCREMENTAL:NO /NOLOGO /LIBPATH:C:\WinDDK\7600.16385.1\lib\Mfc\i386 /LIBPATH:C:\WinDDK\7600.16385.1\lib\ATL\i386 Ws2_32.lib /NODEFAULTLIB:daouuid.lib /MANIFEST /MANIFESTUAC:"level='asInvoker' uiAccess='false'" /manifest:embed /manifestinput:"C:\Program Files (x86)\Microsoft Visual Studio 11.0\VC\Include\Manifest\dpiaware.manifest" /DEBUG /PDB:"busmaster_debug\CAN_i-VIEW.pdb" /SUBSYSTEM:WINDOWS,"5.01" /STACK:"8000000" /OPT:REF /OPT:ICF /TLBID:1 /DYNAMICBASE:NO /IMPLIB:"C:\Marc_Serra\TortoiseGit_Busmaster\BUSMASTER_2.3_UDS\busmaster\Sources\/BIN/Libs/busmaster_debug\CAN_i-VIEW.lib" /MACHINE:X86 /SAFESEH "C:\Marc_Serra\TortoiseGit_Busmaster\BUSMASTER_2.3_UDS\busmaster\Sources\/BIN/Libs/busmaster_debug\Utils.lib" /DLL "busmaster_debug\CAN_i-VIEW.res"
         busmaster_debug\AcceptanceFilterDlg.obj
         "busmaster_debug\CAN_i-VIEW.obj"
         busmaster_debug\CANRegAnalysis.obj
         busmaster_debug\ChangeRegisters.obj
         busmaster_debug\HardwareListing.obj
            Creando biblioteca C:\Marc_Serra\TortoiseGit_Busmaster\BUSMASTER_2.3_UDS\busmaster\Sources\/BIN/Libs/busmaster_debug\CAN_i-VIEW.lib y objeto C:\Marc_Serra\TortoiseGit_Busmaster\BUSMASTER_2.3_UDS\busmaster\Sources\/BIN/Libs/busmaster_debug\CAN_i-VIEW.exp
     1>CAN_i-VIEW.obj : warning LNK4254: sección 'ATL' (50000040) combinada en '.rdata' (40000040) con atributos diferentes
     1>Utils.lib(RadixEdit.obj) : warning LNK4254: sección 'ATL' (50000040) combinada en '.rdata' (40000040) con atributos diferentes
         CAN_i-VIEW.vcxproj -> C:\Marc_Serra\TortoiseGit_Busmaster\BUSMASTER_2.3_UDS\busmaster\Sources\CAN_iVIEW\busmaster_debug\CAN_i-VIEW.dll
     1>Done Building Project "C:\Marc_Serra\TortoiseGit_Busmaster\BUSMASTER_2.3_UDS\busmaster\Sources\CAN_iVIEW\CAN_i-VIEW.vcxproj" (Build target(s)).

Build succeeded.

Time Elapsed 00:00:17.38
