Build started 09/04/2014 9:27:15 AM.
     1>Project "C:\Marc_Serra\TortoiseGit_Busmaster\BUSMASTER_2.3_UDS\busmaster\Sources\ProjectConfiguration\ProjectConfiguration.vcxproj" on node 3 (Build target(s)).
     1>ClCompile:
         C:\Program Files (x86)\Microsoft Visual Studio 11.0\VC\bin\CL.exe /c /IC:\Marc_Serra\TortoiseGit_Busmaster\BUSMASTER_2.3_UDS\busmaster\Sources\ /IC:\WinDDK\7600.16385.1\inc\mfc42 /IC:\WinDDK\7600.16385.1\inc\atl71 /I..\EXTERNAL\libxml2\include /I..\EXTERNAL\iconv\include /nologo /W4 /WX- /O2 /Oy- /D WIN32 /D _WINDOWS /D _DEBUG /D _USRDLL /D WINVER=0x0500 /D _VC80_UPGRADE=0x0710 /D _USING_V110_SDK71_ /D _WINDLL /D _MBCS /D _AFXDLL /Gm /EHsc /MDd /GS /fp:precise /Zc:wchar_t /Zc:forScope /Fo"Debug\\" /Fd"Debug\vc110.pdb" /Gd /TP /analyze- /errorReport:prompt /I "C:\Marc_Serra\TortoiseGit_Busmaster\BUSMASTER_2.3_UDS\busmaster\Sources\/Localization/include" operations_file.cpp ProjConfig.cpp projConfigManager.cpp ProjectConfiguration.cpp
     1>cl : Línea de comandos warning D9007: '/Gm' requiere '/Zi o /ZI'; opción omitida
         operations_file.cpp
         ProjConfig.cpp
         projConfigManager.cpp
     1>c:\marc_serra\tortoisegit_busmaster\busmaster_2.3_uds\busmaster\sources\include\Struct_CAN.h(293): warning C4100: 'pNodePtr' : parámetro formal sin referencia
     1>c:\marc_serra\tortoisegit_busmaster\busmaster_2.3_uds\busmaster\sources\include\Struct_CAN.h(340): warning C4244: 'inicializando' : conversión de 'double' a 'float'; posible pérdida de datos
     1>c:\marc_serra\tortoisegit_busmaster\busmaster_2.3_uds\busmaster\sources\include\Struct_CAN.h(463): warning C4101: 'nStrSize' : variable local sin referencia
     1>c:\marc_serra\tortoisegit_busmaster\busmaster_2.3_uds\busmaster\sources\include\Struct_CAN.h(499): warning C4244: 'inicializando' : conversión de 'double' a 'float'; posible pérdida de datos
     1>c:\marc_serra\tortoisegit_busmaster\busmaster_2.3_uds\busmaster\sources\include\Struct_LIN.h(124): warning C4091: 'typedef ' : se ha omitido a la izquierda de 'SEVENT_SYNC_LIN' cuando no hay ninguna variable declarada
     1>C:\Marc_Serra\TortoiseGit_Busmaster\BUSMASTER_2.3_UDS\busmaster\Sources\include/BaseDefs.h(244): warning C4091: 'typedef ' : se ha omitido a la izquierda de 'tagFormattedData_CAN' cuando no hay ninguna variable declarada
     1>C:\Marc_Serra\TortoiseGit_Busmaster\BUSMASTER_2.3_UDS\busmaster\Sources\include/BaseDefs.h(291): warning C4091: 'typedef ' : se ha omitido a la izquierda de 'tagFormattedData_LIN' cuando no hay ninguna variable declarada
         ProjectConfiguration.cpp
         Generando código...
     1>c:\marc_serra\tortoisegit_busmaster\busmaster_2.3_uds\busmaster\sources\projectconfiguration\operations_file.cpp(378): warning C4706: asignación en la expresión condicional
     1>c:\marc_serra\tortoisegit_busmaster\busmaster_2.3_uds\busmaster\sources\projectconfiguration\operations_file.cpp(418): warning C4706: asignación en la expresión condicional
     1>C:\Program Files (x86)\MSBuild\Microsoft.Cpp\v4.0\V110\Microsoft.CppBuild.targets(1137,5): warning MSB8012: TargetPath(C:\Marc_Serra\TortoiseGit_Busmaster\BUSMASTER_2.3_UDS\busmaster\Sources\ProjectConfiguration\Debug\ProjectConfiguration.dll) does not match the Linker's OutputFile property value (C:\Marc_Serra\TortoiseGit_Busmaster\BUSMASTER_2.3_UDS\busmaster\Sources\bin\Debug\ProjectConfiguration.dll). This may cause your project to build incorrectly. To correct this, please make sure that $(OutDir), $(TargetName) and $(TargetExt) property values match the value specified in %(Link.OutputFile).
       Link:
         C:\Program Files (x86)\Microsoft Visual Studio 11.0\VC\bin\link.exe /ERRORREPORT:PROMPT /OUT:"C:\Marc_Serra\TortoiseGit_Busmaster\BUSMASTER_2.3_UDS\busmaster\Sources\/bin/Debug\ProjectConfiguration.dll" /INCREMENTAL /NOLOGO /LIBPATH:C:\WinDDK\7600.16385.1\lib\Mfc\i386 /LIBPATH:C:\WinDDK\7600.16385.1\lib\ATL\i386 /MANIFEST /MANIFESTUAC:"level='asInvoker' uiAccess='false'" /manifest:embed /manifestinput:"C:\Program Files (x86)\Microsoft Visual Studio 11.0\VC\Include\Manifest\dpiaware.manifest" /DEBUG /PDB:"Debug\ProjectConfiguration.pdb" /SUBSYSTEM:WINDOWS,"5.01" /TLBID:1 /DYNAMICBASE:NO /IMPLIB:"C:\Marc_Serra\TortoiseGit_Busmaster\BUSMASTER_2.3_UDS\busmaster\Sources\/BIN/Libs/Debug\ProjectConfiguration.lib" /MACHINE:X86 /SAFESEH "C:\Marc_Serra\TortoiseGit_Busmaster\BUSMASTER_2.3_UDS\busmaster\Sources\/BIN/Libs/Debug\DataTypes.lib"
         "C:\Marc_Serra\TortoiseGit_Busmaster\BUSMASTER_2.3_UDS\busmaster\Sources\/Localization/lib/intl.lib" /DLL Debug\operations_file.obj
         Debug\ProjConfig.obj
         Debug\projConfigManager.obj
         Debug\ProjectConfiguration.obj
         C:\Marc_Serra\TortoiseGit_Busmaster\BUSMASTER_2.3_UDS\busmaster\Sources\BIN\Libs\Debug\DataTypes.lib
            Creando biblioteca C:\Marc_Serra\TortoiseGit_Busmaster\BUSMASTER_2.3_UDS\busmaster\Sources\/BIN/Libs/Debug\ProjectConfiguration.lib y objeto C:\Marc_Serra\TortoiseGit_Busmaster\BUSMASTER_2.3_UDS\busmaster\Sources\/BIN/Libs/Debug\ProjectConfiguration.exp
         ProjectConfiguration.vcxproj -> C:\Marc_Serra\TortoiseGit_Busmaster\BUSMASTER_2.3_UDS\busmaster\Sources\ProjectConfiguration\Debug\ProjectConfiguration.dll
     1>Done Building Project "C:\Marc_Serra\TortoiseGit_Busmaster\BUSMASTER_2.3_UDS\busmaster\Sources\ProjectConfiguration\ProjectConfiguration.vcxproj" (Build target(s)).

Build succeeded.

Time Elapsed 00:00:11.15
