Build started 09/04/2014 9:49:13 AM.
     1>Project "C:\Marc_Serra\TortoiseGit_Busmaster\BUSMASTER_2.3_UDS\busmaster\Sources\TXWindowLIN\TXWindowLIN.vcxproj" on node 2 (Build target(s)).
     1>C:\Program Files (x86)\MSBuild\Microsoft.Cpp\v4.0\V110\Microsoft.CppBuild.targets(1137,5): warning MSB8012: TargetPath(C:\Marc_Serra\TortoiseGit_Busmaster\BUSMASTER_2.3_UDS\busmaster\Sources\TXWindowLIN\Debug\TXWindowLIN.dll) does not match the Linker's OutputFile property value (C:\Marc_Serra\TortoiseGit_Busmaster\BUSMASTER_2.3_UDS\busmaster\Sources\BIN\Debug\TXWindow.dll). This may cause your project to build incorrectly. To correct this, please make sure that $(OutDir), $(TargetName) and $(TargetExt) property values match the value specified in %(Link.OutputFile).
     1>C:\Program Files (x86)\MSBuild\Microsoft.Cpp\v4.0\V110\Microsoft.CppBuild.targets(1139,5): warning MSB8012: TargetName(TXWindowLIN) does not match the Linker's OutputFile property value (TXWindow). This may cause your project to build incorrectly. To correct this, please make sure that $(OutDir), $(TargetName) and $(TargetExt) property values match the value specified in %(Link.OutputFile).
     1>Link:
         C:\Program Files (x86)\Microsoft Visual Studio 11.0\VC\bin\link.exe /ERRORREPORT:PROMPT /OUT:"C:\Marc_Serra\TortoiseGit_Busmaster\BUSMASTER_2.3_UDS\busmaster\Sources\/BIN/Debug\TXWindow.dll" /INCREMENTAL /NOLOGO /LIBPATH:C:\WinDDK\7600.16385.1\lib\Mfc\i386 /LIBPATH:C:\WinDDK\7600.16385.1\lib\ATL\i386 Winmm.lib /MANIFEST /MANIFESTUAC:"level='asInvoker' uiAccess='false'" /manifest:embed /manifestinput:"C:\Program Files (x86)\Microsoft Visual Studio 11.0\VC\Include\Manifest\dpiaware.manifest" /DEBUG /PDB:"Debug\TXWindowLIN.pdb" /SUBSYSTEM:WINDOWS /TLBID:1 /DYNAMICBASE:NO /IMPLIB:"C:\Marc_Serra\TortoiseGit_Busmaster\BUSMASTER_2.3_UDS\busmaster\Sources\/BIN/Libs/Debug\TXWindow.lib" /MACHINE:X86 /SAFESEH "C:\Marc_Serra\TortoiseGit_Busmaster\BUSMASTER_2.3_UDS\busmaster\Sources\/BIN/Libs/Debug\DIL_Interface.lib"
         "C:\Marc_Serra\TortoiseGit_Busmaster\BUSMASTER_2.3_UDS\busmaster\Sources\/BIN/Libs/Debug\Utils.lib"
         "C:\Marc_Serra\TortoiseGit_Busmaster\BUSMASTER_2.3_UDS\busmaster\Sources\/BIN/Libs/Debug\DataTypes.lib"
         "C:\Marc_Serra\TortoiseGit_Busmaster\BUSMASTER_2.3_UDS\busmaster\Sources\/Localization/lib/intl.lib" /DLL Debug\TXWindowLin.res
         Debug\CMsgSignalTemp.obj
         Debug\FlexListCtrl.obj
         Debug\MultiLanguage.obj
         Debug\SignalDetailsDlg.obj
         Debug\SignalMatrix.obj
         Debug\Tx_MDIChildBase.obj
         Debug\TxFlags.obj
         Debug\TxFunctionsView.obj
         Debug\TxMsgBlocksView.obj
         Debug\TxMsgChildFrame.obj
         Debug\TxMsgDetailsView.obj
         Debug\TxMsgListView.obj
         Debug\TxMsgManager.obj
         Debug\TXWindow.obj
         Debug\TxWindow_stdafx.obj
         Debug\TxWndDataStore.obj
     1>LINK : fatal error LNK1104: no se puede abrir el archivo 'C:\Marc_Serra\TortoiseGit_Busmaster\BUSMASTER_2.3_UDS\busmaster\Sources\/BIN/Libs/Debug\DIL_Interface.lib'
     1>Done Building Project "C:\Marc_Serra\TortoiseGit_Busmaster\BUSMASTER_2.3_UDS\busmaster\Sources\TXWindowLIN\TXWindowLIN.vcxproj" (Build target(s)) -- FAILED.

Build FAILED.

Time Elapsed 00:00:00.81
