Build started 09/04/2014 9:27:43 AM.
     1>Project "C:\Marc_Serra\TortoiseGit_Busmaster\BUSMASTER_2.3_UDS\busmaster\Sources\CAN_Kvaser_CAN\CAN_Kvaser_CAN.vcxproj" on node 5 (Build target(s)).
     1>PreBuildEvent:
         cmd GetKvaserLib.bat
         :VCEnd
         Microsoft Windows [Versión 6.1.7601]
         Copyright (c) 2009 Microsoft Corporation. Reservados todos los derechos.
         
         C:\Marc_Serra\TortoiseGit_Busmaster\BUSMASTER_2.3_UDS\busmaster\Sources\CAN_Kvaser_CAN>
       ClCompile:
         C:\Program Files (x86)\Microsoft Visual Studio 11.0\VC\bin\CL.exe /c /IC:\Marc_Serra\TortoiseGit_Busmaster\BUSMASTER_2.3_UDS\busmaster\Sources\ /IC:\WinDDK\7600.16385.1\inc\mfc42 /IC:\WinDDK\7600.16385.1\inc\atl71 /I..\EXTERNAL\libxml2\include /I..\EXTERNAL\iconv\include /nologo /W4 /WX- /O2 /Oy- /D WIN32 /D _WINDOWS /D _DEBUG /D _USRDLL /D WINVER=0x0500 /D _VC80_UPGRADE=0x0710 /D _USING_V110_SDK71_ /D _WINDLL /D _MBCS /D _AFXDLL /Gm /EHsc /MDd /GS /fp:precise /Zc:wchar_t /Zc:forScope /Fo"Debug\\" /Fd"Debug\vc110.pdb" /Gd /TP /analyze- /errorReport:prompt /I "C:\Marc_Serra\TortoiseGit_Busmaster\BUSMASTER_2.3_UDS\busmaster\Sources\/Localization/include" AcceptanceFilterDlg.cpp CAN_Kvaser_CAN.cpp CANRegAnalysis.cpp ChangeRegisters.cpp HardwareListing.cpp ..\Application\MultiLanguage.cpp
     1>cl : Línea de comandos warning D9007: '/Gm' requiere '/Zi o /ZI'; opción omitida
         AcceptanceFilterDlg.cpp
     1>C:\Marc_Serra\TortoiseGit_Busmaster\BUSMASTER_2.3_UDS\busmaster\Sources\include/struct_CAN.h(293): warning C4100: 'pNodePtr' : parámetro formal sin referencia
     1>C:\Marc_Serra\TortoiseGit_Busmaster\BUSMASTER_2.3_UDS\busmaster\Sources\include/struct_CAN.h(340): warning C4244: 'inicializando' : conversión de 'double' a 'float'; posible pérdida de datos
     1>C:\Marc_Serra\TortoiseGit_Busmaster\BUSMASTER_2.3_UDS\busmaster\Sources\include/struct_CAN.h(463): warning C4101: 'nStrSize' : variable local sin referencia
     1>C:\Marc_Serra\TortoiseGit_Busmaster\BUSMASTER_2.3_UDS\busmaster\Sources\include/struct_CAN.h(499): warning C4244: 'inicializando' : conversión de 'double' a 'float'; posible pérdida de datos
     1>AcceptanceFilterDlg.cpp(170): warning C4189: 'bButtonChecked' : la variable local se ha inicializado pero no se hace referencia a ella
         CAN_Kvaser_CAN.cpp
     1>C:\Marc_Serra\TortoiseGit_Busmaster\BUSMASTER_2.3_UDS\busmaster\Sources\include/struct_CAN.h(293): warning C4100: 'pNodePtr' : parámetro formal sin referencia
     1>C:\Marc_Serra\TortoiseGit_Busmaster\BUSMASTER_2.3_UDS\busmaster\Sources\include/struct_CAN.h(340): warning C4244: 'inicializando' : conversión de 'double' a 'float'; posible pérdida de datos
     1>C:\Marc_Serra\TortoiseGit_Busmaster\BUSMASTER_2.3_UDS\busmaster\Sources\include/struct_CAN.h(463): warning C4101: 'nStrSize' : variable local sin referencia
     1>C:\Marc_Serra\TortoiseGit_Busmaster\BUSMASTER_2.3_UDS\busmaster\Sources\include/struct_CAN.h(499): warning C4244: 'inicializando' : conversión de 'double' a 'float'; posible pérdida de datos
     1>C:\Marc_Serra\TortoiseGit_Busmaster\BUSMASTER_2.3_UDS\busmaster\Sources\include/Struct_LIN.h(124): warning C4091: 'typedef ' : se ha omitido a la izquierda de 'SEVENT_SYNC_LIN' cuando no hay ninguna variable declarada
     1>C:\Marc_Serra\TortoiseGit_Busmaster\BUSMASTER_2.3_UDS\busmaster\Sources\include/BaseDefs.h(244): warning C4091: 'typedef ' : se ha omitido a la izquierda de 'tagFormattedData_CAN' cuando no hay ninguna variable declarada
     1>C:\Marc_Serra\TortoiseGit_Busmaster\BUSMASTER_2.3_UDS\busmaster\Sources\include/BaseDefs.h(291): warning C4091: 'typedef ' : se ha omitido a la izquierda de 'tagFormattedData_LIN' cuando no hay ninguna variable declarada
     1>c:\marc_serra\tortoisegit_busmaster\busmaster_2.3_uds\busmaster\sources\datatypes\Base_FlexRay_Buffer.h(126): warning C4005: 'FLX_MAX_MSG_DATA_SIZE' : redefinición de macro
                 C:\Marc_Serra\TortoiseGit_Busmaster\BUSMASTER_2.3_UDS\busmaster\Sources\include/BaseDefs.h(164) : vea la definición anterior de 'FLX_MAX_MSG_DATA_SIZE'
     1>CAN_Kvaser_CAN.cpp(540): warning C4996: 'strcpy': This function or variable may be unsafe. Consider using strcpy_s instead. To disable deprecation, use _CRT_SECURE_NO_WARNINGS. See online help for details.
                 C:\Program Files (x86)\Microsoft Visual Studio 11.0\VC\include\string.h(110) : vea la declaración de 'strcpy'
     1>CAN_Kvaser_CAN.cpp(556): warning C4996: 'strcpy': This function or variable may be unsafe. Consider using strcpy_s instead. To disable deprecation, use _CRT_SECURE_NO_WARNINGS. See online help for details.
                 C:\Program Files (x86)\Microsoft Visual Studio 11.0\VC\include\string.h(110) : vea la declaración de 'strcpy'
     1>CAN_Kvaser_CAN.cpp(745): warning C4244: '=' : conversión de 'int' a 'UCHAR'; posible pérdida de datos
     1>CAN_Kvaser_CAN.cpp(1681): warning C4189: 'unClientIndex' : la variable local se ha inicializado pero no se hace referencia a ella
     1>CAN_Kvaser_CAN.cpp(1909): warning C4189: 's' : la variable local se ha inicializado pero no se hace referencia a ella
     1>CAN_Kvaser_CAN.cpp(2185): warning C4018: '>=' : no coinciden signed/unsigned
     1>CAN_Kvaser_CAN.cpp(2207): warning C4996: 'sprintf': This function or variable may be unsafe. Consider using sprintf_s instead. To disable deprecation, use _CRT_SECURE_NO_WARNINGS. See online help for details.
                 C:\Program Files (x86)\Microsoft Visual Studio 11.0\VC\include\stdio.h(357) : vea la declaración de 'sprintf'
     1>CAN_Kvaser_CAN.cpp(2246): warning C4996: 'sprintf': This function or variable may be unsafe. Consider using sprintf_s instead. To disable deprecation, use _CRT_SECURE_NO_WARNINGS. See online help for details.
                 C:\Program Files (x86)\Microsoft Visual Studio 11.0\VC\include\stdio.h(357) : vea la declaración de 'sprintf'
     1>CAN_Kvaser_CAN.cpp(2252): warning C4996: 'sprintf': This function or variable may be unsafe. Consider using sprintf_s instead. To disable deprecation, use _CRT_SECURE_NO_WARNINGS. See online help for details.
                 C:\Program Files (x86)\Microsoft Visual Studio 11.0\VC\include\stdio.h(357) : vea la declaración de 'sprintf'
     1>CAN_Kvaser_CAN.cpp(2279): warning C4996: 'strcpy': This function or variable may be unsafe. Consider using strcpy_s instead. To disable deprecation, use _CRT_SECURE_NO_WARNINGS. See online help for details.
                 C:\Program Files (x86)\Microsoft Visual Studio 11.0\VC\include\string.h(110) : vea la declaración de 'strcpy'
     1>CAN_Kvaser_CAN.cpp(2310): warning C4996: 'sprintf': This function or variable may be unsafe. Consider using sprintf_s instead. To disable deprecation, use _CRT_SECURE_NO_WARNINGS. See online help for details.
                 C:\Program Files (x86)\Microsoft Visual Studio 11.0\VC\include\stdio.h(357) : vea la declaración de 'sprintf'
     1>CAN_Kvaser_CAN.cpp(2315): warning C4996: 'sprintf': This function or variable may be unsafe. Consider using sprintf_s instead. To disable deprecation, use _CRT_SECURE_NO_WARNINGS. See online help for details.
                 C:\Program Files (x86)\Microsoft Visual Studio 11.0\VC\include\stdio.h(357) : vea la declaración de 'sprintf'
         CANRegAnalysis.cpp
     1>C:\Marc_Serra\TortoiseGit_Busmaster\BUSMASTER_2.3_UDS\busmaster\Sources\include/struct_CAN.h(293): warning C4100: 'pNodePtr' : parámetro formal sin referencia
     1>C:\Marc_Serra\TortoiseGit_Busmaster\BUSMASTER_2.3_UDS\busmaster\Sources\include/struct_CAN.h(340): warning C4244: 'inicializando' : conversión de 'double' a 'float'; posible pérdida de datos
     1>C:\Marc_Serra\TortoiseGit_Busmaster\BUSMASTER_2.3_UDS\busmaster\Sources\include/struct_CAN.h(463): warning C4101: 'nStrSize' : variable local sin referencia
     1>C:\Marc_Serra\TortoiseGit_Busmaster\BUSMASTER_2.3_UDS\busmaster\Sources\include/struct_CAN.h(499): warning C4244: 'inicializando' : conversión de 'double' a 'float'; posible pérdida de datos
     1>c:\marc_serra\tortoisegit_busmaster\busmaster_2.3_uds\busmaster\sources\include\Struct_LIN.h(124): warning C4091: 'typedef ' : se ha omitido a la izquierda de 'SEVENT_SYNC_LIN' cuando no hay ninguna variable declarada
     1>c:\marc_serra\tortoisegit_busmaster\busmaster_2.3_uds\busmaster\sources\include\BaseDefs.h(244): warning C4091: 'typedef ' : se ha omitido a la izquierda de 'tagFormattedData_CAN' cuando no hay ninguna variable declarada
     1>c:\marc_serra\tortoisegit_busmaster\busmaster_2.3_uds\busmaster\sources\include\BaseDefs.h(291): warning C4091: 'typedef ' : se ha omitido a la izquierda de 'tagFormattedData_LIN' cuando no hay ninguna variable declarada
         ChangeRegisters.cpp
     1>C:\Marc_Serra\TortoiseGit_Busmaster\BUSMASTER_2.3_UDS\busmaster\Sources\include/struct_CAN.h(293): warning C4100: 'pNodePtr' : parámetro formal sin referencia
     1>C:\Marc_Serra\TortoiseGit_Busmaster\BUSMASTER_2.3_UDS\busmaster\Sources\include/struct_CAN.h(340): warning C4244: 'inicializando' : conversión de 'double' a 'float'; posible pérdida de datos
     1>C:\Marc_Serra\TortoiseGit_Busmaster\BUSMASTER_2.3_UDS\busmaster\Sources\include/struct_CAN.h(463): warning C4101: 'nStrSize' : variable local sin referencia
     1>C:\Marc_Serra\TortoiseGit_Busmaster\BUSMASTER_2.3_UDS\busmaster\Sources\include/struct_CAN.h(499): warning C4244: 'inicializando' : conversión de 'double' a 'float'; posible pérdida de datos
     1>c:\marc_serra\tortoisegit_busmaster\busmaster_2.3_uds\busmaster\sources\include\Struct_LIN.h(124): warning C4091: 'typedef ' : se ha omitido a la izquierda de 'SEVENT_SYNC_LIN' cuando no hay ninguna variable declarada
     1>c:\marc_serra\tortoisegit_busmaster\busmaster_2.3_uds\busmaster\sources\include\BaseDefs.h(244): warning C4091: 'typedef ' : se ha omitido a la izquierda de 'tagFormattedData_CAN' cuando no hay ninguna variable declarada
     1>c:\marc_serra\tortoisegit_busmaster\busmaster_2.3_uds\busmaster\sources\include\BaseDefs.h(291): warning C4091: 'typedef ' : se ha omitido a la izquierda de 'tagFormattedData_LIN' cuando no hay ninguna variable declarada
     1>ChangeRegisters.cpp(819): warning C4996: '_itoa': This function or variable may be unsafe. Consider using _itoa_s instead. To disable deprecation, use _CRT_SECURE_NO_WARNINGS. See online help for details.
                 C:\Program Files (x86)\Microsoft Visual Studio 11.0\VC\include\stdlib.h(468) : vea la declaración de '_itoa'
     1>ChangeRegisters.cpp(947): warning C4996: '_itoa': This function or variable may be unsafe. Consider using _itoa_s instead. To disable deprecation, use _CRT_SECURE_NO_WARNINGS. See online help for details.
                 C:\Program Files (x86)\Microsoft Visual Studio 11.0\VC\include\stdlib.h(468) : vea la declaración de '_itoa'
     1>ChangeRegisters.cpp(1131): warning C4996: '_itoa': This function or variable may be unsafe. Consider using _itoa_s instead. To disable deprecation, use _CRT_SECURE_NO_WARNINGS. See online help for details.
                 C:\Program Files (x86)\Microsoft Visual Studio 11.0\VC\include\stdlib.h(468) : vea la declaración de '_itoa'
     1>ChangeRegisters.cpp(1090): warning C4189: 'nColumnCount' : la variable local se ha inicializado pero no se hace referencia a ella
     1>ChangeRegisters.cpp(1769): warning C4189: 'pcStopStr' : la variable local se ha inicializado pero no se hace referencia a ella
         HardwareListing.cpp
     1>C:\Marc_Serra\TortoiseGit_Busmaster\BUSMASTER_2.3_UDS\busmaster\Sources\include/struct_CAN.h(293): warning C4100: 'pNodePtr' : parámetro formal sin referencia
     1>C:\Marc_Serra\TortoiseGit_Busmaster\BUSMASTER_2.3_UDS\busmaster\Sources\include/struct_CAN.h(340): warning C4244: 'inicializando' : conversión de 'double' a 'float'; posible pérdida de datos
     1>C:\Marc_Serra\TortoiseGit_Busmaster\BUSMASTER_2.3_UDS\busmaster\Sources\include/struct_CAN.h(463): warning C4101: 'nStrSize' : variable local sin referencia
     1>C:\Marc_Serra\TortoiseGit_Busmaster\BUSMASTER_2.3_UDS\busmaster\Sources\include/struct_CAN.h(499): warning C4244: 'inicializando' : conversión de 'double' a 'float'; posible pérdida de datos
     1>c:\marc_serra\tortoisegit_busmaster\busmaster_2.3_uds\busmaster\sources\include\Struct_LIN.h(124): warning C4091: 'typedef ' : se ha omitido a la izquierda de 'SEVENT_SYNC_LIN' cuando no hay ninguna variable declarada
     1>c:\marc_serra\tortoisegit_busmaster\busmaster_2.3_uds\busmaster\sources\datatypes\../Include/BaseDefs.h(244): warning C4091: 'typedef ' : se ha omitido a la izquierda de 'tagFormattedData_CAN' cuando no hay ninguna variable declarada
     1>c:\marc_serra\tortoisegit_busmaster\busmaster_2.3_uds\busmaster\sources\datatypes\../Include/BaseDefs.h(291): warning C4091: 'typedef ' : se ha omitido a la izquierda de 'tagFormattedData_LIN' cuando no hay ninguna variable declarada
     1>HardwareListing.cpp(664): warning C4189: 'nArrayIndex' : la variable local se ha inicializado pero no se hace referencia a ella
     1>HardwareListing.cpp(659): warning C4189: 'nSelected' : la variable local se ha inicializado pero no se hace referencia a ella
         MultiLanguage.cpp
     1>c:\marc_serra\tortoisegit_busmaster\busmaster_2.3_uds\busmaster\sources\include\Struct_CAN.h(293): warning C4100: 'pNodePtr' : parámetro formal sin referencia
     1>c:\marc_serra\tortoisegit_busmaster\busmaster_2.3_uds\busmaster\sources\include\Struct_CAN.h(340): warning C4244: 'inicializando' : conversión de 'double' a 'float'; posible pérdida de datos
     1>c:\marc_serra\tortoisegit_busmaster\busmaster_2.3_uds\busmaster\sources\include\Struct_CAN.h(463): warning C4101: 'nStrSize' : variable local sin referencia
     1>c:\marc_serra\tortoisegit_busmaster\busmaster_2.3_uds\busmaster\sources\include\Struct_CAN.h(499): warning C4244: 'inicializando' : conversión de 'double' a 'float'; posible pérdida de datos
     1>c:\marc_serra\tortoisegit_busmaster\busmaster_2.3_uds\busmaster\sources\include\Struct_LIN.h(124): warning C4091: 'typedef ' : se ha omitido a la izquierda de 'SEVENT_SYNC_LIN' cuando no hay ninguna variable declarada
     1>C:\Marc_Serra\TortoiseGit_Busmaster\BUSMASTER_2.3_UDS\busmaster\Sources\include/BaseDefs.h(244): warning C4091: 'typedef ' : se ha omitido a la izquierda de 'tagFormattedData_CAN' cuando no hay ninguna variable declarada
     1>C:\Marc_Serra\TortoiseGit_Busmaster\BUSMASTER_2.3_UDS\busmaster\Sources\include/BaseDefs.h(291): warning C4091: 'typedef ' : se ha omitido a la izquierda de 'tagFormattedData_LIN' cuando no hay ninguna variable declarada
     1>..\Application\MultiLanguage.cpp(190): warning C4996: 'sscanf': This function or variable may be unsafe. Consider using sscanf_s instead. To disable deprecation, use _CRT_SECURE_NO_WARNINGS. See online help for details.
                 C:\Program Files (x86)\Microsoft Visual Studio 11.0\VC\include\stdio.h(311) : vea la declaración de 'sscanf'
     1>..\Application\MultiLanguage.cpp(144): warning C4189: 'nPrimaryLang' : la variable local se ha inicializado pero no se hace referencia a ella
     1>..\Application\MultiLanguage.cpp(146): warning C4189: 'lcid' : la variable local se ha inicializado pero no se hace referencia a ella
     1>..\Application\MultiLanguage.cpp(145): warning C4189: 'nSubLang' : la variable local se ha inicializado pero no se hace referencia a ella
     1>..\Application\MultiLanguage.cpp(328): warning C4189: 'nPrimaryLang' : la variable local se ha inicializado pero no se hace referencia a ella
     1>..\Application\MultiLanguage.cpp(331): warning C4189: 'nLocales' : la variable local se ha inicializado pero no se hace referencia a ella
     1>..\Application\MultiLanguage.cpp(330): warning C4189: 'lcid' : la variable local se ha inicializado pero no se hace referencia a ella
     1>..\Application\MultiLanguage.cpp(329): warning C4189: 'nSubLang' : la variable local se ha inicializado pero no se hace referencia a ella
     1>..\Application\MultiLanguage.cpp(388): warning C4189: 'nSubLang' : la variable local se ha inicializado pero no se hace referencia a ella
         Generando código...
     1>c:\marc_serra\tortoisegit_busmaster\busmaster_2.3_uds\busmaster\sources\can_kvaser_can\can_kvaser_can.cpp(2074): warning C4701: posiblemente se utilizó la variable local 'nStatus' sin inicializar
       ResourceCompile:
         C:\Program Files (x86)\Microsoft SDKs\Windows\v7.1A\bin\rc.exe /D _DEBUG /D _VC80_UPGRADE=0x0710 /D _USING_V110_SDK71_ /D _AFXDLL /l"0x0409" /IDebug\ /IC:\WinDDK\7600.16385.1\inc\mfc42 /IC:\WinDDK\7600.16385.1\inc\atl71 /nologo /fo"Debug\CAN_Kvaser_CAN.res" CAN_Kvaser_CAN.rc 
     1>C:\Program Files (x86)\MSBuild\Microsoft.Cpp\v4.0\V110\Microsoft.CppBuild.targets(1137,5): warning MSB8012: TargetPath(C:\Marc_Serra\TortoiseGit_Busmaster\BUSMASTER_2.3_UDS\busmaster\Sources\CAN_Kvaser_CAN\Debug\CAN_Kvaser_CAN.dll) does not match the Linker's OutputFile property value (C:\Marc_Serra\TortoiseGit_Busmaster\BUSMASTER_2.3_UDS\busmaster\Sources\bin\Debug\CAN_Kvaser_CAN.dll). This may cause your project to build incorrectly. To correct this, please make sure that $(OutDir), $(TargetName) and $(TargetExt) property values match the value specified in %(Link.OutputFile).
       PreLinkEvent:
         copy "%TMP%\canlib32.lib" ".\..\bin\libs\Debug\canlib32.lib"
         del "%TMP%\canlib32.lib"
         
         :VCEnd
         El sistema no puede encontrar el archivo especificado.
         No se pudo encontrar C:\Users\MSERRA~1\AppData\Local\Temp\canlib32.lib
       Link:
         C:\Program Files (x86)\Microsoft Visual Studio 11.0\VC\bin\link.exe /ERRORREPORT:PROMPT /OUT:"C:\Marc_Serra\TortoiseGit_Busmaster\BUSMASTER_2.3_UDS\busmaster\Sources\/bin/Debug\CAN_Kvaser_CAN.dll" /INCREMENTAL /NOLOGO /LIBPATH:C:\WinDDK\7600.16385.1\lib\Mfc\i386 /LIBPATH:C:\WinDDK\7600.16385.1\lib\ATL\i386 C:\Marc_Serra\TortoiseGit_Busmaster\BUSMASTER_2.3_UDS\busmaster\Sources\/BIN/Libs/Debug\canlib32.lib /MANIFEST /MANIFESTUAC:"level='asInvoker' uiAccess='false'" /manifest:embed /manifestinput:"C:\Program Files (x86)\Microsoft Visual Studio 11.0\VC\Include\Manifest\dpiaware.manifest" /PDB:"Debug\CAN_Kvaser_CAN.pdb" /SUBSYSTEM:WINDOWS,"5.01" /TLBID:1 /DYNAMICBASE:NO /IMPLIB:"C:\Marc_Serra\TortoiseGit_Busmaster\BUSMASTER_2.3_UDS\busmaster\Sources\/BIN/Libs/Debug\CAN_Kvaser_CAN.lib" /MACHINE:X86 /SAFESEH "C:\Marc_Serra\TortoiseGit_Busmaster\BUSMASTER_2.3_UDS\busmaster\Sources\/BIN/Libs/Debug\DataTypes.lib"
         "C:\Marc_Serra\TortoiseGit_Busmaster\BUSMASTER_2.3_UDS\busmaster\Sources\/BIN/Libs/Debug\Utils.lib"
         "C:\Marc_Serra\TortoiseGit_Busmaster\BUSMASTER_2.3_UDS\busmaster\Sources\/Localization/lib/intl.lib" /DLL Debug\CAN_Kvaser_CAN.res
         Debug\AcceptanceFilterDlg.obj
         Debug\CAN_Kvaser_CAN.obj
         Debug\CANRegAnalysis.obj
         Debug\ChangeRegisters.obj
         Debug\HardwareListing.obj
         Debug\MultiLanguage.obj
         C:\Marc_Serra\TortoiseGit_Busmaster\BUSMASTER_2.3_UDS\busmaster\Sources\BIN\Libs\Debug\Utils.lib
         C:\Marc_Serra\TortoiseGit_Busmaster\BUSMASTER_2.3_UDS\busmaster\Sources\BIN\Libs\Debug\CommonClass.lib
     1>atlsd.lib(stdafx.obj) : warning LNK4078: se encontraron varias secciones 'ATL' con atributos diferentes (40301040)
            Creando biblioteca C:\Marc_Serra\TortoiseGit_Busmaster\BUSMASTER_2.3_UDS\busmaster\Sources\/BIN/Libs/Debug\CAN_Kvaser_CAN.lib y objeto C:\Marc_Serra\TortoiseGit_Busmaster\BUSMASTER_2.3_UDS\busmaster\Sources\/BIN/Libs/Debug\CAN_Kvaser_CAN.exp
     1>Utils.lib(RadixEdit.obj) : warning LNK4254: secci¾n 'ATL' (50000040) combinada en '.rdata' (40000040) con atributos diferentes
     1>Utils.lib(Utility_Thread.obj) : warning LNK4254: secci¾n 'ATL' (50000040) combinada en '.rdata' (40000040) con atributos diferentes
     1>atlsd.lib(atldebugapi.obj) : warning LNK4254: secci¾n 'ATL' (50000040) combinada en '.rdata' (40000040) con atributos diferentes
     1>atlsd.lib(externs.obj) : warning LNK4254: secci¾n 'ATL' (50000040) combinada en '.rdata' (40000040) con atributos diferentes
     1>atlsd.lib(atltrace.obj) : warning LNK4254: secci¾n 'ATL' (50000040) combinada en '.rdata' (40000040) con atributos diferentes
     1>atlsd.lib(stdafx.obj) : warning LNK4254: secci¾n 'ATL' (50000040) combinada en '.rdata' (40000040) con atributos diferentes
     1>atlsd.lib(atltracemodulemanager.obj) : warning LNK4254: secci¾n 'ATL' (50000040) combinada en '.rdata' (40000040) con atributos diferentes
     1>atlsd.lib(allocate.obj) : warning LNK4254: secci¾n 'ATL' (50000040) combinada en '.rdata' (40000040) con atributos diferentes
         CAN_Kvaser_CAN.vcxproj -> C:\Marc_Serra\TortoiseGit_Busmaster\BUSMASTER_2.3_UDS\busmaster\Sources\CAN_Kvaser_CAN\Debug\CAN_Kvaser_CAN.dll
     1>Done Building Project "C:\Marc_Serra\TortoiseGit_Busmaster\BUSMASTER_2.3_UDS\busmaster\Sources\CAN_Kvaser_CAN\CAN_Kvaser_CAN.vcxproj" (Build target(s)).

Build succeeded.

Time Elapsed 00:00:17.47
