Build started 09/04/2014 11:29:31 AM.
     1>Project "C:\Marc_Serra\TortoiseGit_Busmaster\BUSMASTER_2.3_UDS\busmaster\Sources\TXWindowLIN\TXWindowLIN.vcxproj" on node 4 (Build target(s)).
     1>C:\Program Files (x86)\MSBuild\Microsoft.Cpp\v4.0\V110\Microsoft.CppBuild.targets(1137,5): warning MSB8012: TargetPath(C:\Marc_Serra\TortoiseGit_Busmaster\BUSMASTER_2.3_UDS\busmaster\Sources\TXWindowLIN\busmaster_debug\TXWindowLIN.dll) does not match the Linker's OutputFile property value (C:\Marc_Serra\TortoiseGit_Busmaster\BUSMASTER_2.3_UDS\busmaster\Sources\BIN\busmaster_debug\TXWindowLIN.dll). This may cause your project to build incorrectly. To correct this, please make sure that $(OutDir), $(TargetName) and $(TargetExt) property values match the value specified in %(Link.OutputFile).
     1>Link:
         C:\Program Files (x86)\Microsoft Visual Studio 11.0\VC\bin\link.exe /ERRORREPORT:PROMPT /OUT:"C:\Marc_Serra\TortoiseGit_Busmaster\BUSMASTER_2.3_UDS\busmaster\Sources\/BIN/busmaster_debug\TXWindowLIN.dll" /INCREMENTAL:NO /NOLOGO /LIBPATH:C:\WinDDK\7600.16385.1\lib\Mfc\i386 /LIBPATH:C:\WinDDK\7600.16385.1\lib\ATL\i386 Winmm.lib /MANIFEST /MANIFESTUAC:"level='asInvoker' uiAccess='false'" /manifest:embed /manifestinput:"C:\Program Files (x86)\Microsoft Visual Studio 11.0\VC\Include\Manifest\dpiaware.manifest" /DEBUG /PDB:"busmaster_debug\TXWindowLIN.pdb" /SUBSYSTEM:WINDOWS /STACK:"8000000" /OPT:REF /OPT:ICF /TLBID:1 /DYNAMICBASE:NO /IMPLIB:"C:\Marc_Serra\TortoiseGit_Busmaster\BUSMASTER_2.3_UDS\busmaster\Sources\/BIN/Libs/busmaster_debug\TXWindowLIN.lib" /MACHINE:X86 /SAFESEH "C:\Marc_Serra\TortoiseGit_Busmaster\BUSMASTER_2.3_UDS\busmaster\Sources\/BIN/Libs/busmaster_debug\DIL_Interface.lib"
         "C:\Marc_Serra\TortoiseGit_Busmaster\BUSMASTER_2.3_UDS\busmaster\Sources\/BIN/Libs/busmaster_debug\Utils.lib"
         "C:\Marc_Serra\TortoiseGit_Busmaster\BUSMASTER_2.3_UDS\busmaster\Sources\/BIN/Libs/busmaster_debug\DataTypes.lib"
         
          /DLL busmaster_debug\TXWindowLin.res
         busmaster_debug\CMsgSignalTemp.obj
         busmaster_debug\FlexListCtrl.obj
         busmaster_debug\MultiLanguage.obj
         busmaster_debug\SignalDetailsDlg.obj
         busmaster_debug\SignalMatrix.obj
         busmaster_debug\Tx_MDIChildBase.obj
         busmaster_debug\TxFlags.obj
         busmaster_debug\TxFunctionsView.obj
         busmaster_debug\TxMsgBlocksView.obj
         busmaster_debug\TxMsgChildFrame.obj
         busmaster_debug\TxMsgDetailsView.obj
         busmaster_debug\TxMsgListView.obj
         busmaster_debug\TxMsgManager.obj
         busmaster_debug\TXWindow.obj
         busmaster_debug\TxWindow_stdafx.obj
         busmaster_debug\TxWndDataStore.obj
            Creando biblioteca C:\Marc_Serra\TortoiseGit_Busmaster\BUSMASTER_2.3_UDS\busmaster\Sources\/BIN/Libs/busmaster_debug\TXWindowLIN.lib y objeto C:\Marc_Serra\TortoiseGit_Busmaster\BUSMASTER_2.3_UDS\busmaster\Sources\/BIN/Libs/busmaster_debug\TXWindowLIN.exp
     1>SignalDetailsDlg.obj : warning LNK4254: sección 'ATL' (50000040) combinada en '.rdata' (40000040) con atributos diferentes
     1>TxMsgDetailsView.obj : warning LNK4254: sección 'ATL' (50000040) combinada en '.rdata' (40000040) con atributos diferentes
     1>Utils.lib(ComboItem.obj) : warning LNK4254: sección 'ATL' (50000040) combinada en '.rdata' (40000040) con atributos diferentes
     1>Utils.lib(EditItem.obj) : warning LNK4254: sección 'ATL' (50000040) combinada en '.rdata' (40000040) con atributos diferentes
     1>Utils.lib(Utility_Structs.obj) : warning LNK4254: sección 'ATL' (50000040) combinada en '.rdata' (40000040) con atributos diferentes
     1>Utils.lib(FFListCtrl.obj) : warning LNK4254: sección 'ATL' (50000040) combinada en '.rdata' (40000040) con atributos diferentes
     1>Utils.lib(NumEdit.obj) : warning LNK4254: sección 'ATL' (50000040) combinada en '.rdata' (40000040) con atributos diferentes
     1>Utils.lib(RadixEdit.obj) : warning LNK4254: sección 'ATL' (50000040) combinada en '.rdata' (40000040) con atributos diferentes
     1>Utils.lib(AlphanumiricEdit.obj) : warning LNK4254: sección 'ATL' (50000040) combinada en '.rdata' (40000040) con atributos diferentes
     1>Utils.lib(OffScreenDC.obj) : warning LNK4254: sección 'ATL' (50000040) combinada en '.rdata' (40000040) con atributos diferentes
     1>Utils.lib(Utility.obj) : warning LNK4254: sección 'ATL' (50000040) combinada en '.rdata' (40000040) con atributos diferentes
     1>Utils.lib(NumSpinCtrl.obj) : warning LNK4254: sección 'ATL' (50000040) combinada en '.rdata' (40000040) con atributos diferentes
         TXWindowLIN.vcxproj -> C:\Marc_Serra\TortoiseGit_Busmaster\BUSMASTER_2.3_UDS\busmaster\Sources\TXWindowLIN\busmaster_debug\TXWindowLIN.dll
     1>Done Building Project "C:\Marc_Serra\TortoiseGit_Busmaster\BUSMASTER_2.3_UDS\busmaster\Sources\TXWindowLIN\TXWindowLIN.vcxproj" (Build target(s)).

Build succeeded.

Time Elapsed 00:00:01.65
