C:\MARC_SERRA\TORTOISEGIT_BUSMASTER\PROBES\BUSMASTER\SOURCES\UDS_PROTOCOL\BUSMASTER_DEBUG\UDSSETTINGSWND.OBJ
C:\MARC_SERRA\TORTOISEGIT_BUSMASTER\PROBES\BUSMASTER\SOURCES\UDS_PROTOCOL\BUSMASTER_DEBUG\UDSMAINWND.OBJ
C:\MARC_SERRA\TORTOISEGIT_BUSMASTER\PROBES\BUSMASTER\SOURCES\UDS_PROTOCOL\BUSMASTER_DEBUG\UDS_TIMMINGWND.OBJ
C:\MARC_SERRA\TORTOISEGIT_BUSMASTER\PROBES\BUSMASTER\SOURCES\UDS_PROTOCOL\BUSMASTER_DEBUG\UDS_PROTOCOL.OBJ
C:\MARC_SERRA\TORTOISEGIT_BUSMASTER\PROBES\BUSMASTER\SOURCES\UDS_PROTOCOL\BUSMASTER_DEBUG\UDS_NEGRESPMNG.OBJ
C:\MARC_SERRA\TORTOISEGIT_BUSMASTER\PROBES\BUSMASTER\SOURCES\UDS_PROTOCOL\BUSMASTER_DEBUG\STDAFX.OBJ
C:\MARC_SERRA\TORTOISEGIT_BUSMASTER\PROBES\BUSMASTER\SOURCES\UDS_PROTOCOL\BUSMASTER_DEBUG\PANEL_DME.OBJ
C:\MARC_SERRA\TORTOISEGIT_BUSMASTER\PROBES\BUSMASTER\SOURCES\UDS_PROTOCOL\BUSMASTER_DEBUG\PANELANDNODE.OBJ
C:\MARC_SERRA\TORTOISEGIT_BUSMASTER\PROBES\BUSMASTER\SOURCES\UDS_PROTOCOL\BUSMASTER_DEBUG\PANELABS.OBJ
C:\MARC_SERRA\TORTOISEGIT_BUSMASTER\PROBES\BUSMASTER\SOURCES\UDS_PROTOCOL\BUSMASTER_DEBUG\PANEL.OBJ
C:\MARC_SERRA\TORTOISEGIT_BUSMASTER\PROBES\BUSMASTER\SOURCES\UDS_PROTOCOL\BUSMASTER_DEBUG\NODE.OBJ
C:\MARC_SERRA\TORTOISEGIT_BUSMASTER\PROBES\BUSMASTER\SOURCES\UDS_PROTOCOL\BUSMASTER_DEBUG\MAINPANEL.OBJ
C:\MARC_SERRA\TORTOISEGIT_BUSMASTER\PROBES\BUSMASTER\SOURCES\UDS_PROTOCOL\BUSMASTER_DEBUG\VC110.PDB
C:\MARC_SERRA\TORTOISEGIT_BUSMASTER\PROBES\BUSMASTER\SOURCES\BIN\BUSMASTER_DEBUG\UDS_PROTOCOL.DLL
C:\MARC_SERRA\TORTOISEGIT_BUSMASTER\PROBES\BUSMASTER\SOURCES\UDS_PROTOCOL\BUSMASTER_DEBUG\UDS_PROTOCOL.PDB
C:\MARC_SERRA\TORTOISEGIT_BUSMASTER\PROBES\BUSMASTER\SOURCES\UDS_PROTOCOL\BUSMASTER_DEBUG\UDS.RES
C:\Marc_Serra\TortoiseGit_Busmaster\Probes\busmaster\Sources\BIN\Libs\busmaster_debug\UDS_Protocol.lib
C:\Marc_Serra\TortoiseGit_Busmaster\Probes\busmaster\Sources\BIN\Libs\busmaster_debug\UDS_Protocol.exp
C:\Marc_Serra\TortoiseGit_Busmaster\Probes\busmaster\Sources\UDS_Protocol\busmaster_debug\MainPanel.obj
C:\Marc_Serra\TortoiseGit_Busmaster\Probes\busmaster\Sources\UDS_Protocol\busmaster_debug\Node.obj
C:\Marc_Serra\TortoiseGit_Busmaster\Probes\busmaster\Sources\UDS_Protocol\busmaster_debug\Panel.obj
C:\Marc_Serra\TortoiseGit_Busmaster\Probes\busmaster\Sources\UDS_Protocol\busmaster_debug\PanelAbs.obj
C:\Marc_Serra\TortoiseGit_Busmaster\Probes\busmaster\Sources\UDS_Protocol\busmaster_debug\PanelAndNode.obj
C:\Marc_Serra\TortoiseGit_Busmaster\Probes\busmaster\Sources\UDS_Protocol\busmaster_debug\Panel_DME.obj
C:\Marc_Serra\TortoiseGit_Busmaster\Probes\busmaster\Sources\UDS_Protocol\busmaster_debug\stdafx.obj
C:\Marc_Serra\TortoiseGit_Busmaster\Probes\busmaster\Sources\UDS_Protocol\busmaster_debug\UDSMainWnd.obj
C:\Marc_Serra\TortoiseGit_Busmaster\Probes\busmaster\Sources\UDS_Protocol\busmaster_debug\UDSSettingsWnd.obj
C:\Marc_Serra\TortoiseGit_Busmaster\Probes\busmaster\Sources\UDS_Protocol\busmaster_debug\UDS_NegRespMng.obj
C:\Marc_Serra\TortoiseGit_Busmaster\Probes\busmaster\Sources\UDS_Protocol\busmaster_debug\UDS_Protocol.obj
C:\Marc_Serra\TortoiseGit_Busmaster\Probes\busmaster\Sources\UDS_Protocol\busmaster_debug\UDS_TimmingWnd.obj
C:\Marc_Serra\TortoiseGit_Busmaster\Probes\busmaster\Sources\UDS_Protocol\busmaster_debug\msxml6.tli
C:\Marc_Serra\TortoiseGit_Busmaster\Probes\busmaster\Sources\UDS_Protocol\busmaster_debug\msxml6.tlh
C:\Marc_Serra\TortoiseGit_Busmaster\Probes\busmaster\Sources\UDS_Protocol\busmaster_debug\cl.command.1.tlog
C:\Marc_Serra\TortoiseGit_Busmaster\Probes\busmaster\Sources\UDS_Protocol\busmaster_debug\CL.read.1.tlog
C:\Marc_Serra\TortoiseGit_Busmaster\Probes\busmaster\Sources\UDS_Protocol\busmaster_debug\CL.write.1.tlog
C:\Marc_Serra\TortoiseGit_Busmaster\Probes\busmaster\Sources\UDS_Protocol\busmaster_debug\link-cvtres.read.1.tlog
C:\Marc_Serra\TortoiseGit_Busmaster\Probes\busmaster\Sources\UDS_Protocol\busmaster_debug\link-cvtres.write.1.tlog
C:\Marc_Serra\TortoiseGit_Busmaster\Probes\busmaster\Sources\UDS_Protocol\busmaster_debug\link-mt.read.1.tlog
C:\Marc_Serra\TortoiseGit_Busmaster\Probes\busmaster\Sources\UDS_Protocol\busmaster_debug\link-mt.write.1.tlog
C:\Marc_Serra\TortoiseGit_Busmaster\Probes\busmaster\Sources\UDS_Protocol\busmaster_debug\link-rc.read.1.tlog
C:\Marc_Serra\TortoiseGit_Busmaster\Probes\busmaster\Sources\UDS_Protocol\busmaster_debug\link-rc.write.1.tlog
C:\Marc_Serra\TortoiseGit_Busmaster\Probes\busmaster\Sources\UDS_Protocol\busmaster_debug\link.command.1.tlog
C:\Marc_Serra\TortoiseGit_Busmaster\Probes\busmaster\Sources\UDS_Protocol\busmaster_debug\link.read.1.tlog
C:\Marc_Serra\TortoiseGit_Busmaster\Probes\busmaster\Sources\UDS_Protocol\busmaster_debug\link.write.1.tlog
C:\Marc_Serra\TortoiseGit_Busmaster\Probes\busmaster\Sources\UDS_Protocol\busmaster_debug\rc.command.1.tlog
C:\Marc_Serra\TortoiseGit_Busmaster\Probes\busmaster\Sources\UDS_Protocol\busmaster_debug\rc.read.1.tlog
C:\Marc_Serra\TortoiseGit_Busmaster\Probes\busmaster\Sources\UDS_Protocol\busmaster_debug\rc.write.1.tlog
C:\Marc_Serra\TortoiseGit_Busmaster\Probes\busmaster\Sources\UDS_Protocol\busmaster_debug\UDS_Protocol.write.1.tlog
C:\Marc_Serra\TortoiseGit_Busmaster\Probes\busmaster\Sources\UDS_Protocol\busmaster_debug\uds.res
C:\Marc_Serra\TortoiseGit_Busmaster\Probes\busmaster\Sources\UDS_Protocol\busmaster_debug\UDS_Protocol.pdb
C:\Marc_Serra\TortoiseGit_Busmaster\Probes\busmaster\Sources\UDS_Protocol\busmaster_debug\vc110.pdb
