Build started 09/04/2014 11:29:34 AM.
     1>Project "C:\Marc_Serra\TortoiseGit_Busmaster\BUSMASTER_2.3_UDS\busmaster\Sources\SignalDefiner\SignalDefiner.vcxproj" on node 2 (Build target(s)).
     1>ClCompile:
         C:\Program Files (x86)\Microsoft Visual Studio 11.0\VC\bin\CL.exe /c /IC:\Marc_Serra\TortoiseGit_Busmaster\BUSMASTER_2.3_UDS\busmaster\Sources\ /IC:\WinDDK\7600.16385.1\inc\mfc42 /IC:\WinDDK\7600.16385.1\inc\atl71 /Zi /nologo /W3 /WX- /Od /Oy- /GL /D WIN32 /D _WINDOWS /D NDEBUG /D _USRDLL /D _USING_V110_SDK71_ /D _WINDLL /D _UNICODE /D UNICODE /D _AFXDLL /Gm- /EHsc /MD /GS /fp:precise /Zc:wchar_t /Zc:forScope /Fo"busmaster_debug\\" /Fd"busmaster_debug\vc110.pdb" /Gd /TP /analyze- /errorReport:prompt /I "C:\Marc_Serra\TortoiseGit_Busmaster\BUSMASTER_2.3_UDS\busmaster\Sources\/Localization/include" SignalDefiner.cpp SignalDefinerDlg.cpp
         SignalDefiner.cpp
         SignalDefinerDlg.cpp
     1>SignalDefinerDlg.cpp(12): warning C4305: 'inicializando' : truncamiento de 'double' a 'const float'
     1>SignalDefinerDlg.cpp(292): warning C4244: '=' : conversión de 'double' a 'int'; posible pérdida de datos
     1>SignalDefinerDlg.cpp(313): warning C4244: '=' : conversión de 'double' a 'int'; posible pérdida de datos
     1>C:\Program Files (x86)\MSBuild\Microsoft.Cpp\v4.0\V110\Microsoft.CppBuild.targets(1137,5): warning MSB8012: TargetPath(C:\Marc_Serra\TortoiseGit_Busmaster\BUSMASTER_2.3_UDS\busmaster\Sources\SignalDefiner\busmaster_debug\SignalDefiner.dll) does not match the Linker's OutputFile property value (C:\Marc_Serra\TortoiseGit_Busmaster\BUSMASTER_2.3_UDS\busmaster\Sources\bin\busmaster_debug\SignalDefiner.dll). This may cause your project to build incorrectly. To correct this, please make sure that $(OutDir), $(TargetName) and $(TargetExt) property values match the value specified in %(Link.OutputFile).
       Link:
         C:\Program Files (x86)\Microsoft Visual Studio 11.0\VC\bin\link.exe /ERRORREPORT:PROMPT /OUT:"C:\Marc_Serra\TortoiseGit_Busmaster\BUSMASTER_2.3_UDS\busmaster\Sources\/bin/busmaster_debug\SignalDefiner.dll" /INCREMENTAL:NO /NOLOGO /LIBPATH:C:\WinDDK\7600.16385.1\lib\Mfc\i386 /LIBPATH:C:\WinDDK\7600.16385.1\lib\ATL\i386 /MANIFEST /MANIFESTUAC:"level='asInvoker' uiAccess='false'" /manifest:embed /manifestinput:"C:\Program Files (x86)\Microsoft Visual Studio 11.0\VC\Include\Manifest\dpiaware.manifest" /DEBUG /PDB:"busmaster_debug\SignalDefiner.pdb" /SUBSYSTEM:WINDOWS,"5.01" /OPT:REF /OPT:ICF /LTCG /TLBID:1 /DYNAMICBASE:NO /IMPLIB:"C:\Marc_Serra\TortoiseGit_Busmaster\BUSMASTER_2.3_UDS\busmaster\Sources\/BIN/Libs/busmaster_debug\SignalDefiner.lib" /MACHINE:X86 /SAFESEH /DLL busmaster_debug\SignalDefiner.res
         busmaster_debug\MultiLanguage.obj
         busmaster_debug\SignalDefiner.obj
         busmaster_debug\SignalDefinerDlg.obj
            Creando biblioteca C:\Marc_Serra\TortoiseGit_Busmaster\BUSMASTER_2.3_UDS\busmaster\Sources\/BIN/Libs/busmaster_debug\SignalDefiner.lib y objeto C:\Marc_Serra\TortoiseGit_Busmaster\BUSMASTER_2.3_UDS\busmaster\Sources\/BIN/Libs/busmaster_debug\SignalDefiner.exp
         Generando código
         Generación de código finalizada
     1>SignalDefiner.obj : warning LNK4254: sección 'ATL' (50000040) combinada en '.rdata' (40000040) con atributos diferentes
     1>SignalDefinerDlg.obj : warning LNK4254: sección 'ATL' (50000040) combinada en '.rdata' (40000040) con atributos diferentes
         SignalDefiner.vcxproj -> C:\Marc_Serra\TortoiseGit_Busmaster\BUSMASTER_2.3_UDS\busmaster\Sources\SignalDefiner\busmaster_debug\SignalDefiner.dll
     1>Done Building Project "C:\Marc_Serra\TortoiseGit_Busmaster\BUSMASTER_2.3_UDS\busmaster\Sources\SignalDefiner\SignalDefiner.vcxproj" (Build target(s)).

Build succeeded.

Time Elapsed 00:00:04.40
