Build started 09/04/2014 9:50:40 AM.
     1>Project "C:\Marc_Serra\TortoiseGit_Busmaster\BUSMASTER_2.3_UDS\busmaster\Sources\Utility\Utils.vcxproj" on node 3 (Build target(s)).
     1>ClCompile:
         C:\Program Files (x86)\Microsoft Visual Studio 11.0\VC\bin\CL.exe /c /IC:\Marc_Serra\TortoiseGit_Busmaster\BUSMASTER_2.3_UDS\busmaster\Sources\ /IC:\WinDDK\7600.16385.1\inc\mfc42 /IC:\WinDDK\7600.16385.1\inc\atl71 /Zi /nologo /W4 /WX- /Od /Oy- /D WIN32 /D NDEBUG /D _LIB /D WINVER=0x0500 /D _VC80_UPGRADE=0x0710 /D _USING_V110_SDK71_ /D _MBCS /D _AFXDLL /Gm- /EHsc /MD /GS /fp:precise /Zc:wchar_t /Zc:forScope /Fo"busmaster_debug\\" /Fd"busmaster_debug\vc110.pdb" /Gd /TP /analyze- /errorReport:prompt AlphaChar.cpp AlphanumiricEdit.cpp ButtonItem.cpp ColorSelector.cpp ComboItem.cpp ComputeCheckSum.cpp EditItem.cpp FFListCtrl.cpp FlexListCtrl.cpp FlickerFreeListCtrl.cpp FlickerFreeTree.cpp KeyNumEdit.cpp MsgInterpretation.cpp MultiLanguageSupport.cpp NumEdit.cpp NumSpinCtrl.cpp OffScreenDC.cpp SignalMatrix.cpp UtilFunctions.cpp Utility.cpp Utility_Structs.cpp Utility_Thread.cpp WaitIndicator.cpp
         AlphaChar.cpp
     1>C:\WinDDK\7600.16385.1\inc\atl71\cstringt.h(267): warning C4996: 'wcscpy': This function or variable may be unsafe. Consider using wcscpy_s instead. To disable deprecation, use _CRT_SECURE_NO_WARNINGS. See online help for details.
                 C:\Program Files (x86)\Microsoft Visual Studio 11.0\VC\include\string.h(288) : vea la declaración de 'wcscpy'
     1>C:\WinDDK\7600.16385.1\inc\atl71\cstringt.h(286): warning C4996: 'wcscpy': This function or variable may be unsafe. Consider using wcscpy_s instead. To disable deprecation, use _CRT_SECURE_NO_WARNINGS. See online help for details.
                 C:\Program Files (x86)\Microsoft Visual Studio 11.0\VC\include\string.h(288) : vea la declaración de 'wcscpy'
     1>C:\WinDDK\7600.16385.1\inc\atl71\cstringt.h(629): warning C4996: '_wcsupr': This function or variable may be unsafe. Consider using _wcsupr_s instead. To disable deprecation, use _CRT_SECURE_NO_WARNINGS. See online help for details.
                 C:\Program Files (x86)\Microsoft Visual Studio 11.0\VC\include\string.h(355) : vea la declaración de '_wcsupr'
     1>C:\WinDDK\7600.16385.1\inc\atl71\cstringt.h(634): warning C4996: '_wcslwr': This function or variable may be unsafe. Consider using _wcslwr_s instead. To disable deprecation, use _CRT_SECURE_NO_WARNINGS. See online help for details.
                 C:\Program Files (x86)\Microsoft Visual Studio 11.0\VC\include\string.h(349) : vea la declaración de '_wcslwr'
     1>C:\WinDDK\7600.16385.1\inc\atl71\cstringt.h(649): warning C4996: 'vswprintf': swprintf has been changed to conform with the ISO C standard, adding an extra character count parameter. To use traditional Microsoft swprintf, set _CRT_NON_CONFORMING_SWPRINTFS.
                 C:\Program Files (x86)\Microsoft Visual Studio 11.0\VC\include\swprintf.inl(97) : vea la declaración de 'vswprintf'
         AlphanumiricEdit.cpp
     1>C:\WinDDK\7600.16385.1\inc\atl71\cstringt.h(267): warning C4996: 'wcscpy': This function or variable may be unsafe. Consider using wcscpy_s instead. To disable deprecation, use _CRT_SECURE_NO_WARNINGS. See online help for details.
                 C:\Program Files (x86)\Microsoft Visual Studio 11.0\VC\include\string.h(288) : vea la declaración de 'wcscpy'
     1>C:\WinDDK\7600.16385.1\inc\atl71\cstringt.h(286): warning C4996: 'wcscpy': This function or variable may be unsafe. Consider using wcscpy_s instead. To disable deprecation, use _CRT_SECURE_NO_WARNINGS. See online help for details.
                 C:\Program Files (x86)\Microsoft Visual Studio 11.0\VC\include\string.h(288) : vea la declaración de 'wcscpy'
     1>C:\WinDDK\7600.16385.1\inc\atl71\cstringt.h(629): warning C4996: '_wcsupr': This function or variable may be unsafe. Consider using _wcsupr_s instead. To disable deprecation, use _CRT_SECURE_NO_WARNINGS. See online help for details.
                 C:\Program Files (x86)\Microsoft Visual Studio 11.0\VC\include\string.h(355) : vea la declaración de '_wcsupr'
     1>C:\WinDDK\7600.16385.1\inc\atl71\cstringt.h(634): warning C4996: '_wcslwr': This function or variable may be unsafe. Consider using _wcslwr_s instead. To disable deprecation, use _CRT_SECURE_NO_WARNINGS. See online help for details.
                 C:\Program Files (x86)\Microsoft Visual Studio 11.0\VC\include\string.h(349) : vea la declaración de '_wcslwr'
     1>C:\WinDDK\7600.16385.1\inc\atl71\cstringt.h(649): warning C4996: 'vswprintf': swprintf has been changed to conform with the ISO C standard, adding an extra character count parameter. To use traditional Microsoft swprintf, set _CRT_NON_CONFORMING_SWPRINTFS.
                 C:\Program Files (x86)\Microsoft Visual Studio 11.0\VC\include\swprintf.inl(97) : vea la declaración de 'vswprintf'
         ButtonItem.cpp
     1>C:\WinDDK\7600.16385.1\inc\atl71\cstringt.h(267): warning C4996: 'wcscpy': This function or variable may be unsafe. Consider using wcscpy_s instead. To disable deprecation, use _CRT_SECURE_NO_WARNINGS. See online help for details.
                 C:\Program Files (x86)\Microsoft Visual Studio 11.0\VC\include\string.h(288) : vea la declaración de 'wcscpy'
     1>C:\WinDDK\7600.16385.1\inc\atl71\cstringt.h(286): warning C4996: 'wcscpy': This function or variable may be unsafe. Consider using wcscpy_s instead. To disable deprecation, use _CRT_SECURE_NO_WARNINGS. See online help for details.
                 C:\Program Files (x86)\Microsoft Visual Studio 11.0\VC\include\string.h(288) : vea la declaración de 'wcscpy'
     1>C:\WinDDK\7600.16385.1\inc\atl71\cstringt.h(629): warning C4996: '_wcsupr': This function or variable may be unsafe. Consider using _wcsupr_s instead. To disable deprecation, use _CRT_SECURE_NO_WARNINGS. See online help for details.
                 C:\Program Files (x86)\Microsoft Visual Studio 11.0\VC\include\string.h(355) : vea la declaración de '_wcsupr'
     1>C:\WinDDK\7600.16385.1\inc\atl71\cstringt.h(634): warning C4996: '_wcslwr': This function or variable may be unsafe. Consider using _wcslwr_s instead. To disable deprecation, use _CRT_SECURE_NO_WARNINGS. See online help for details.
                 C:\Program Files (x86)\Microsoft Visual Studio 11.0\VC\include\string.h(349) : vea la declaración de '_wcslwr'
     1>C:\WinDDK\7600.16385.1\inc\atl71\cstringt.h(649): warning C4996: 'vswprintf': swprintf has been changed to conform with the ISO C standard, adding an extra character count parameter. To use traditional Microsoft swprintf, set _CRT_NON_CONFORMING_SWPRINTFS.
                 C:\Program Files (x86)\Microsoft Visual Studio 11.0\VC\include\swprintf.inl(97) : vea la declaración de 'vswprintf'
         ColorSelector.cpp
     1>C:\WinDDK\7600.16385.1\inc\atl71\cstringt.h(267): warning C4996: 'wcscpy': This function or variable may be unsafe. Consider using wcscpy_s instead. To disable deprecation, use _CRT_SECURE_NO_WARNINGS. See online help for details.
                 C:\Program Files (x86)\Microsoft Visual Studio 11.0\VC\include\string.h(288) : vea la declaración de 'wcscpy'
     1>C:\WinDDK\7600.16385.1\inc\atl71\cstringt.h(286): warning C4996: 'wcscpy': This function or variable may be unsafe. Consider using wcscpy_s instead. To disable deprecation, use _CRT_SECURE_NO_WARNINGS. See online help for details.
                 C:\Program Files (x86)\Microsoft Visual Studio 11.0\VC\include\string.h(288) : vea la declaración de 'wcscpy'
     1>C:\WinDDK\7600.16385.1\inc\atl71\cstringt.h(629): warning C4996: '_wcsupr': This function or variable may be unsafe. Consider using _wcsupr_s instead. To disable deprecation, use _CRT_SECURE_NO_WARNINGS. See online help for details.
                 C:\Program Files (x86)\Microsoft Visual Studio 11.0\VC\include\string.h(355) : vea la declaración de '_wcsupr'
     1>C:\WinDDK\7600.16385.1\inc\atl71\cstringt.h(634): warning C4996: '_wcslwr': This function or variable may be unsafe. Consider using _wcslwr_s instead. To disable deprecation, use _CRT_SECURE_NO_WARNINGS. See online help for details.
                 C:\Program Files (x86)\Microsoft Visual Studio 11.0\VC\include\string.h(349) : vea la declaración de '_wcslwr'
     1>C:\WinDDK\7600.16385.1\inc\atl71\cstringt.h(649): warning C4996: 'vswprintf': swprintf has been changed to conform with the ISO C standard, adding an extra character count parameter. To use traditional Microsoft swprintf, set _CRT_NON_CONFORMING_SWPRINTFS.
                 C:\Program Files (x86)\Microsoft Visual Studio 11.0\VC\include\swprintf.inl(97) : vea la declaración de 'vswprintf'
         ComboItem.cpp
     1>C:\WinDDK\7600.16385.1\inc\atl71\cstringt.h(267): warning C4996: 'wcscpy': This function or variable may be unsafe. Consider using wcscpy_s instead. To disable deprecation, use _CRT_SECURE_NO_WARNINGS. See online help for details.
                 C:\Program Files (x86)\Microsoft Visual Studio 11.0\VC\include\string.h(288) : vea la declaración de 'wcscpy'
     1>C:\WinDDK\7600.16385.1\inc\atl71\cstringt.h(286): warning C4996: 'wcscpy': This function or variable may be unsafe. Consider using wcscpy_s instead. To disable deprecation, use _CRT_SECURE_NO_WARNINGS. See online help for details.
                 C:\Program Files (x86)\Microsoft Visual Studio 11.0\VC\include\string.h(288) : vea la declaración de 'wcscpy'
     1>C:\WinDDK\7600.16385.1\inc\atl71\cstringt.h(629): warning C4996: '_wcsupr': This function or variable may be unsafe. Consider using _wcsupr_s instead. To disable deprecation, use _CRT_SECURE_NO_WARNINGS. See online help for details.
                 C:\Program Files (x86)\Microsoft Visual Studio 11.0\VC\include\string.h(355) : vea la declaración de '_wcsupr'
     1>C:\WinDDK\7600.16385.1\inc\atl71\cstringt.h(634): warning C4996: '_wcslwr': This function or variable may be unsafe. Consider using _wcslwr_s instead. To disable deprecation, use _CRT_SECURE_NO_WARNINGS. See online help for details.
                 C:\Program Files (x86)\Microsoft Visual Studio 11.0\VC\include\string.h(349) : vea la declaración de '_wcslwr'
     1>C:\WinDDK\7600.16385.1\inc\atl71\cstringt.h(649): warning C4996: 'vswprintf': swprintf has been changed to conform with the ISO C standard, adding an extra character count parameter. To use traditional Microsoft swprintf, set _CRT_NON_CONFORMING_SWPRINTFS.
                 C:\Program Files (x86)\Microsoft Visual Studio 11.0\VC\include\swprintf.inl(97) : vea la declaración de 'vswprintf'
         ComputeCheckSum.cpp
     1>C:\WinDDK\7600.16385.1\inc\atl71\cstringt.h(267): warning C4996: 'wcscpy': This function or variable may be unsafe. Consider using wcscpy_s instead. To disable deprecation, use _CRT_SECURE_NO_WARNINGS. See online help for details.
                 C:\Program Files (x86)\Microsoft Visual Studio 11.0\VC\include\string.h(288) : vea la declaración de 'wcscpy'
     1>C:\WinDDK\7600.16385.1\inc\atl71\cstringt.h(286): warning C4996: 'wcscpy': This function or variable may be unsafe. Consider using wcscpy_s instead. To disable deprecation, use _CRT_SECURE_NO_WARNINGS. See online help for details.
                 C:\Program Files (x86)\Microsoft Visual Studio 11.0\VC\include\string.h(288) : vea la declaración de 'wcscpy'
     1>C:\WinDDK\7600.16385.1\inc\atl71\cstringt.h(629): warning C4996: '_wcsupr': This function or variable may be unsafe. Consider using _wcsupr_s instead. To disable deprecation, use _CRT_SECURE_NO_WARNINGS. See online help for details.
                 C:\Program Files (x86)\Microsoft Visual Studio 11.0\VC\include\string.h(355) : vea la declaración de '_wcsupr'
     1>C:\WinDDK\7600.16385.1\inc\atl71\cstringt.h(634): warning C4996: '_wcslwr': This function or variable may be unsafe. Consider using _wcslwr_s instead. To disable deprecation, use _CRT_SECURE_NO_WARNINGS. See online help for details.
                 C:\Program Files (x86)\Microsoft Visual Studio 11.0\VC\include\string.h(349) : vea la declaración de '_wcslwr'
     1>C:\WinDDK\7600.16385.1\inc\atl71\cstringt.h(649): warning C4996: 'vswprintf': swprintf has been changed to conform with the ISO C standard, adding an extra character count parameter. To use traditional Microsoft swprintf, set _CRT_NON_CONFORMING_SWPRINTFS.
                 C:\Program Files (x86)\Microsoft Visual Studio 11.0\VC\include\swprintf.inl(97) : vea la declaración de 'vswprintf'
         EditItem.cpp
     1>C:\WinDDK\7600.16385.1\inc\atl71\cstringt.h(267): warning C4996: 'wcscpy': This function or variable may be unsafe. Consider using wcscpy_s instead. To disable deprecation, use _CRT_SECURE_NO_WARNINGS. See online help for details.
                 C:\Program Files (x86)\Microsoft Visual Studio 11.0\VC\include\string.h(288) : vea la declaración de 'wcscpy'
     1>C:\WinDDK\7600.16385.1\inc\atl71\cstringt.h(286): warning C4996: 'wcscpy': This function or variable may be unsafe. Consider using wcscpy_s instead. To disable deprecation, use _CRT_SECURE_NO_WARNINGS. See online help for details.
                 C:\Program Files (x86)\Microsoft Visual Studio 11.0\VC\include\string.h(288) : vea la declaración de 'wcscpy'
     1>C:\WinDDK\7600.16385.1\inc\atl71\cstringt.h(629): warning C4996: '_wcsupr': This function or variable may be unsafe. Consider using _wcsupr_s instead. To disable deprecation, use _CRT_SECURE_NO_WARNINGS. See online help for details.
                 C:\Program Files (x86)\Microsoft Visual Studio 11.0\VC\include\string.h(355) : vea la declaración de '_wcsupr'
     1>C:\WinDDK\7600.16385.1\inc\atl71\cstringt.h(634): warning C4996: '_wcslwr': This function or variable may be unsafe. Consider using _wcslwr_s instead. To disable deprecation, use _CRT_SECURE_NO_WARNINGS. See online help for details.
                 C:\Program Files (x86)\Microsoft Visual Studio 11.0\VC\include\string.h(349) : vea la declaración de '_wcslwr'
     1>C:\WinDDK\7600.16385.1\inc\atl71\cstringt.h(649): warning C4996: 'vswprintf': swprintf has been changed to conform with the ISO C standard, adding an extra character count parameter. To use traditional Microsoft swprintf, set _CRT_NON_CONFORMING_SWPRINTFS.
                 C:\Program Files (x86)\Microsoft Visual Studio 11.0\VC\include\swprintf.inl(97) : vea la declaración de 'vswprintf'
         FFListCtrl.cpp
     1>C:\WinDDK\7600.16385.1\inc\atl71\cstringt.h(267): warning C4996: 'wcscpy': This function or variable may be unsafe. Consider using wcscpy_s instead. To disable deprecation, use _CRT_SECURE_NO_WARNINGS. See online help for details.
                 C:\Program Files (x86)\Microsoft Visual Studio 11.0\VC\include\string.h(288) : vea la declaración de 'wcscpy'
     1>C:\WinDDK\7600.16385.1\inc\atl71\cstringt.h(286): warning C4996: 'wcscpy': This function or variable may be unsafe. Consider using wcscpy_s instead. To disable deprecation, use _CRT_SECURE_NO_WARNINGS. See online help for details.
                 C:\Program Files (x86)\Microsoft Visual Studio 11.0\VC\include\string.h(288) : vea la declaración de 'wcscpy'
     1>C:\WinDDK\7600.16385.1\inc\atl71\cstringt.h(629): warning C4996: '_wcsupr': This function or variable may be unsafe. Consider using _wcsupr_s instead. To disable deprecation, use _CRT_SECURE_NO_WARNINGS. See online help for details.
                 C:\Program Files (x86)\Microsoft Visual Studio 11.0\VC\include\string.h(355) : vea la declaración de '_wcsupr'
     1>C:\WinDDK\7600.16385.1\inc\atl71\cstringt.h(634): warning C4996: '_wcslwr': This function or variable may be unsafe. Consider using _wcslwr_s instead. To disable deprecation, use _CRT_SECURE_NO_WARNINGS. See online help for details.
                 C:\Program Files (x86)\Microsoft Visual Studio 11.0\VC\include\string.h(349) : vea la declaración de '_wcslwr'
     1>C:\WinDDK\7600.16385.1\inc\atl71\cstringt.h(649): warning C4996: 'vswprintf': swprintf has been changed to conform with the ISO C standard, adding an extra character count parameter. To use traditional Microsoft swprintf, set _CRT_NON_CONFORMING_SWPRINTFS.
                 C:\Program Files (x86)\Microsoft Visual Studio 11.0\VC\include\swprintf.inl(97) : vea la declaración de 'vswprintf'
         FlexListCtrl.cpp
     1>C:\WinDDK\7600.16385.1\inc\atl71\cstringt.h(267): warning C4996: 'wcscpy': This function or variable may be unsafe. Consider using wcscpy_s instead. To disable deprecation, use _CRT_SECURE_NO_WARNINGS. See online help for details.
                 C:\Program Files (x86)\Microsoft Visual Studio 11.0\VC\include\string.h(288) : vea la declaración de 'wcscpy'
     1>C:\WinDDK\7600.16385.1\inc\atl71\cstringt.h(286): warning C4996: 'wcscpy': This function or variable may be unsafe. Consider using wcscpy_s instead. To disable deprecation, use _CRT_SECURE_NO_WARNINGS. See online help for details.
                 C:\Program Files (x86)\Microsoft Visual Studio 11.0\VC\include\string.h(288) : vea la declaración de 'wcscpy'
     1>C:\WinDDK\7600.16385.1\inc\atl71\cstringt.h(629): warning C4996: '_wcsupr': This function or variable may be unsafe. Consider using _wcsupr_s instead. To disable deprecation, use _CRT_SECURE_NO_WARNINGS. See online help for details.
                 C:\Program Files (x86)\Microsoft Visual Studio 11.0\VC\include\string.h(355) : vea la declaración de '_wcsupr'
     1>C:\WinDDK\7600.16385.1\inc\atl71\cstringt.h(634): warning C4996: '_wcslwr': This function or variable may be unsafe. Consider using _wcslwr_s instead. To disable deprecation, use _CRT_SECURE_NO_WARNINGS. See online help for details.
                 C:\Program Files (x86)\Microsoft Visual Studio 11.0\VC\include\string.h(349) : vea la declaración de '_wcslwr'
     1>C:\WinDDK\7600.16385.1\inc\atl71\cstringt.h(649): warning C4996: 'vswprintf': swprintf has been changed to conform with the ISO C standard, adding an extra character count parameter. To use traditional Microsoft swprintf, set _CRT_NON_CONFORMING_SWPRINTFS.
                 C:\Program Files (x86)\Microsoft Visual Studio 11.0\VC\include\swprintf.inl(97) : vea la declaración de 'vswprintf'
         FlickerFreeListCtrl.cpp
     1>C:\WinDDK\7600.16385.1\inc\atl71\cstringt.h(267): warning C4996: 'wcscpy': This function or variable may be unsafe. Consider using wcscpy_s instead. To disable deprecation, use _CRT_SECURE_NO_WARNINGS. See online help for details.
                 C:\Program Files (x86)\Microsoft Visual Studio 11.0\VC\include\string.h(288) : vea la declaración de 'wcscpy'
     1>C:\WinDDK\7600.16385.1\inc\atl71\cstringt.h(286): warning C4996: 'wcscpy': This function or variable may be unsafe. Consider using wcscpy_s instead. To disable deprecation, use _CRT_SECURE_NO_WARNINGS. See online help for details.
                 C:\Program Files (x86)\Microsoft Visual Studio 11.0\VC\include\string.h(288) : vea la declaración de 'wcscpy'
     1>C:\WinDDK\7600.16385.1\inc\atl71\cstringt.h(629): warning C4996: '_wcsupr': This function or variable may be unsafe. Consider using _wcsupr_s instead. To disable deprecation, use _CRT_SECURE_NO_WARNINGS. See online help for details.
                 C:\Program Files (x86)\Microsoft Visual Studio 11.0\VC\include\string.h(355) : vea la declaración de '_wcsupr'
     1>C:\WinDDK\7600.16385.1\inc\atl71\cstringt.h(634): warning C4996: '_wcslwr': This function or variable may be unsafe. Consider using _wcslwr_s instead. To disable deprecation, use _CRT_SECURE_NO_WARNINGS. See online help for details.
                 C:\Program Files (x86)\Microsoft Visual Studio 11.0\VC\include\string.h(349) : vea la declaración de '_wcslwr'
     1>C:\WinDDK\7600.16385.1\inc\atl71\cstringt.h(649): warning C4996: 'vswprintf': swprintf has been changed to conform with the ISO C standard, adding an extra character count parameter. To use traditional Microsoft swprintf, set _CRT_NON_CONFORMING_SWPRINTFS.
                 C:\Program Files (x86)\Microsoft Visual Studio 11.0\VC\include\swprintf.inl(97) : vea la declaración de 'vswprintf'
         FlickerFreeTree.cpp
     1>C:\WinDDK\7600.16385.1\inc\atl71\cstringt.h(267): warning C4996: 'wcscpy': This function or variable may be unsafe. Consider using wcscpy_s instead. To disable deprecation, use _CRT_SECURE_NO_WARNINGS. See online help for details.
                 C:\Program Files (x86)\Microsoft Visual Studio 11.0\VC\include\string.h(288) : vea la declaración de 'wcscpy'
     1>C:\WinDDK\7600.16385.1\inc\atl71\cstringt.h(286): warning C4996: 'wcscpy': This function or variable may be unsafe. Consider using wcscpy_s instead. To disable deprecation, use _CRT_SECURE_NO_WARNINGS. See online help for details.
                 C:\Program Files (x86)\Microsoft Visual Studio 11.0\VC\include\string.h(288) : vea la declaración de 'wcscpy'
     1>C:\WinDDK\7600.16385.1\inc\atl71\cstringt.h(629): warning C4996: '_wcsupr': This function or variable may be unsafe. Consider using _wcsupr_s instead. To disable deprecation, use _CRT_SECURE_NO_WARNINGS. See online help for details.
                 C:\Program Files (x86)\Microsoft Visual Studio 11.0\VC\include\string.h(355) : vea la declaración de '_wcsupr'
     1>C:\WinDDK\7600.16385.1\inc\atl71\cstringt.h(634): warning C4996: '_wcslwr': This function or variable may be unsafe. Consider using _wcslwr_s instead. To disable deprecation, use _CRT_SECURE_NO_WARNINGS. See online help for details.
                 C:\Program Files (x86)\Microsoft Visual Studio 11.0\VC\include\string.h(349) : vea la declaración de '_wcslwr'
     1>C:\WinDDK\7600.16385.1\inc\atl71\cstringt.h(649): warning C4996: 'vswprintf': swprintf has been changed to conform with the ISO C standard, adding an extra character count parameter. To use traditional Microsoft swprintf, set _CRT_NON_CONFORMING_SWPRINTFS.
                 C:\Program Files (x86)\Microsoft Visual Studio 11.0\VC\include\swprintf.inl(97) : vea la declaración de 'vswprintf'
         KeyNumEdit.cpp
     1>C:\WinDDK\7600.16385.1\inc\atl71\cstringt.h(267): warning C4996: 'wcscpy': This function or variable may be unsafe. Consider using wcscpy_s instead. To disable deprecation, use _CRT_SECURE_NO_WARNINGS. See online help for details.
                 C:\Program Files (x86)\Microsoft Visual Studio 11.0\VC\include\string.h(288) : vea la declaración de 'wcscpy'
     1>C:\WinDDK\7600.16385.1\inc\atl71\cstringt.h(286): warning C4996: 'wcscpy': This function or variable may be unsafe. Consider using wcscpy_s instead. To disable deprecation, use _CRT_SECURE_NO_WARNINGS. See online help for details.
                 C:\Program Files (x86)\Microsoft Visual Studio 11.0\VC\include\string.h(288) : vea la declaración de 'wcscpy'
     1>C:\WinDDK\7600.16385.1\inc\atl71\cstringt.h(629): warning C4996: '_wcsupr': This function or variable may be unsafe. Consider using _wcsupr_s instead. To disable deprecation, use _CRT_SECURE_NO_WARNINGS. See online help for details.
                 C:\Program Files (x86)\Microsoft Visual Studio 11.0\VC\include\string.h(355) : vea la declaración de '_wcsupr'
     1>C:\WinDDK\7600.16385.1\inc\atl71\cstringt.h(634): warning C4996: '_wcslwr': This function or variable may be unsafe. Consider using _wcslwr_s instead. To disable deprecation, use _CRT_SECURE_NO_WARNINGS. See online help for details.
                 C:\Program Files (x86)\Microsoft Visual Studio 11.0\VC\include\string.h(349) : vea la declaración de '_wcslwr'
     1>C:\WinDDK\7600.16385.1\inc\atl71\cstringt.h(649): warning C4996: 'vswprintf': swprintf has been changed to conform with the ISO C standard, adding an extra character count parameter. To use traditional Microsoft swprintf, set _CRT_NON_CONFORMING_SWPRINTFS.
                 C:\Program Files (x86)\Microsoft Visual Studio 11.0\VC\include\swprintf.inl(97) : vea la declaración de 'vswprintf'
         MsgInterpretation.cpp
     1>C:\WinDDK\7600.16385.1\inc\atl71\cstringt.h(267): warning C4996: 'wcscpy': This function or variable may be unsafe. Consider using wcscpy_s instead. To disable deprecation, use _CRT_SECURE_NO_WARNINGS. See online help for details.
                 C:\Program Files (x86)\Microsoft Visual Studio 11.0\VC\include\string.h(288) : vea la declaración de 'wcscpy'
     1>C:\WinDDK\7600.16385.1\inc\atl71\cstringt.h(286): warning C4996: 'wcscpy': This function or variable may be unsafe. Consider using wcscpy_s instead. To disable deprecation, use _CRT_SECURE_NO_WARNINGS. See online help for details.
                 C:\Program Files (x86)\Microsoft Visual Studio 11.0\VC\include\string.h(288) : vea la declaración de 'wcscpy'
     1>C:\WinDDK\7600.16385.1\inc\atl71\cstringt.h(629): warning C4996: '_wcsupr': This function or variable may be unsafe. Consider using _wcsupr_s instead. To disable deprecation, use _CRT_SECURE_NO_WARNINGS. See online help for details.
                 C:\Program Files (x86)\Microsoft Visual Studio 11.0\VC\include\string.h(355) : vea la declaración de '_wcsupr'
     1>C:\WinDDK\7600.16385.1\inc\atl71\cstringt.h(634): warning C4996: '_wcslwr': This function or variable may be unsafe. Consider using _wcslwr_s instead. To disable deprecation, use _CRT_SECURE_NO_WARNINGS. See online help for details.
                 C:\Program Files (x86)\Microsoft Visual Studio 11.0\VC\include\string.h(349) : vea la declaración de '_wcslwr'
     1>C:\WinDDK\7600.16385.1\inc\atl71\cstringt.h(649): warning C4996: 'vswprintf': swprintf has been changed to conform with the ISO C standard, adding an extra character count parameter. To use traditional Microsoft swprintf, set _CRT_NON_CONFORMING_SWPRINTFS.
                 C:\Program Files (x86)\Microsoft Visual Studio 11.0\VC\include\swprintf.inl(97) : vea la declaración de 'vswprintf'
     1>c:\marc_serra\tortoisegit_busmaster\busmaster_2.3_uds\busmaster\sources\include\Struct_CAN.h(293): warning C4100: 'pNodePtr' : parámetro formal sin referencia
     1>c:\marc_serra\tortoisegit_busmaster\busmaster_2.3_uds\busmaster\sources\include\Struct_CAN.h(340): warning C4244: 'inicializando' : conversión de 'double' a 'float'; posible pérdida de datos
     1>c:\marc_serra\tortoisegit_busmaster\busmaster_2.3_uds\busmaster\sources\include\Struct_CAN.h(463): warning C4101: 'nStrSize' : variable local sin referencia
     1>c:\marc_serra\tortoisegit_busmaster\busmaster_2.3_uds\busmaster\sources\include\Struct_CAN.h(499): warning C4244: 'inicializando' : conversión de 'double' a 'float'; posible pérdida de datos
     1>c:\marc_serra\tortoisegit_busmaster\busmaster_2.3_uds\busmaster\sources\include\Struct_LIN.h(124): warning C4091: 'typedef ' : se ha omitido a la izquierda de 'SEVENT_SYNC_LIN' cuando no hay ninguna variable declarada
     1>c:\marc_serra\tortoisegit_busmaster\busmaster_2.3_uds\busmaster\sources\datatypes\..\Include\BaseDefs.h(244): warning C4091: 'typedef ' : se ha omitido a la izquierda de 'tagFormattedData_CAN' cuando no hay ninguna variable declarada
     1>c:\marc_serra\tortoisegit_busmaster\busmaster_2.3_uds\busmaster\sources\datatypes\..\Include\BaseDefs.h(291): warning C4091: 'typedef ' : se ha omitido a la izquierda de 'tagFormattedData_LIN' cuando no hay ninguna variable declarada
     1>C:\Marc_Serra\TortoiseGit_Busmaster\BUSMASTER_2.3_UDS\busmaster\Sources\DataTypes/Base_FlexRay_Buffer.h(126): warning C4005: 'FLX_MAX_MSG_DATA_SIZE' : redefinición de macro
                 c:\marc_serra\tortoisegit_busmaster\busmaster_2.3_uds\busmaster\sources\datatypes\..\Include\BaseDefs.h(164) : vea la definición anterior de 'FLX_MAX_MSG_DATA_SIZE'
     1>C:\Marc_Serra\TortoiseGit_Busmaster\BUSMASTER_2.3_UDS\busmaster\Sources\Datatypes/MsgSignal_Datatypes.h(281): warning C4100: 'RefObj' : parámetro formal sin referencia
     1>c:\marc_serra\tortoisegit_busmaster\busmaster_2.3_uds\busmaster\sources\datatypes\FEALData.h(799): warning C4100: 'ouEcuList' : parámetro formal sin referencia
     1>c:\marc_serra\tortoisegit_busmaster\busmaster_2.3_uds\busmaster\sources\datatypes\FEALData.h(803): warning C4100: 'ouFrameList' : parámetro formal sin referencia
     1>C:\Marc_Serra\TortoiseGit_Busmaster\BUSMASTER_2.3_UDS\busmaster\Sources\DataTypes/Cluster.h(36): warning C4099: 'SIGNAL_STRUCT' : nombre de tipo visto anteriormente usando 'struct' ahora se ve usando 'class'
                 C:\Marc_Serra\TortoiseGit_Busmaster\BUSMASTER_2.3_UDS\busmaster\Sources\DataTypes\MsgSignal_Datatypes.h(539) : vea la declaración de 'SIGNAL_STRUCT'
     1>C:\Marc_Serra\TortoiseGit_Busmaster\BUSMASTER_2.3_UDS\busmaster\Sources\DataTypes/Cluster.h(93): warning C4099: 'FRAME_STRUCT' : nombre de tipo visto anteriormente usando 'struct' ahora se ve usando 'class'
                 C:\Marc_Serra\TortoiseGit_Busmaster\BUSMASTER_2.3_UDS\busmaster\Sources\DataTypes\MsgSignal_Datatypes.h(540) : vea la declaración de 'FRAME_STRUCT'
     1>MsgInterpretation.cpp(1640): warning C4100: 'eNumFormat' : parámetro formal sin referencia
         MultiLanguageSupport.cpp
         NumEdit.cpp
     1>C:\WinDDK\7600.16385.1\inc\atl71\cstringt.h(267): warning C4996: 'wcscpy': This function or variable may be unsafe. Consider using wcscpy_s instead. To disable deprecation, use _CRT_SECURE_NO_WARNINGS. See online help for details.
                 C:\Program Files (x86)\Microsoft Visual Studio 11.0\VC\include\string.h(288) : vea la declaración de 'wcscpy'
     1>C:\WinDDK\7600.16385.1\inc\atl71\cstringt.h(286): warning C4996: 'wcscpy': This function or variable may be unsafe. Consider using wcscpy_s instead. To disable deprecation, use _CRT_SECURE_NO_WARNINGS. See online help for details.
                 C:\Program Files (x86)\Microsoft Visual Studio 11.0\VC\include\string.h(288) : vea la declaración de 'wcscpy'
     1>C:\WinDDK\7600.16385.1\inc\atl71\cstringt.h(629): warning C4996: '_wcsupr': This function or variable may be unsafe. Consider using _wcsupr_s instead. To disable deprecation, use _CRT_SECURE_NO_WARNINGS. See online help for details.
                 C:\Program Files (x86)\Microsoft Visual Studio 11.0\VC\include\string.h(355) : vea la declaración de '_wcsupr'
     1>C:\WinDDK\7600.16385.1\inc\atl71\cstringt.h(634): warning C4996: '_wcslwr': This function or variable may be unsafe. Consider using _wcslwr_s instead. To disable deprecation, use _CRT_SECURE_NO_WARNINGS. See online help for details.
                 C:\Program Files (x86)\Microsoft Visual Studio 11.0\VC\include\string.h(349) : vea la declaración de '_wcslwr'
     1>C:\WinDDK\7600.16385.1\inc\atl71\cstringt.h(649): warning C4996: 'vswprintf': swprintf has been changed to conform with the ISO C standard, adding an extra character count parameter. To use traditional Microsoft swprintf, set _CRT_NON_CONFORMING_SWPRINTFS.
                 C:\Program Files (x86)\Microsoft Visual Studio 11.0\VC\include\swprintf.inl(97) : vea la declaración de 'vswprintf'
         NumSpinCtrl.cpp
     1>C:\WinDDK\7600.16385.1\inc\atl71\cstringt.h(267): warning C4996: 'wcscpy': This function or variable may be unsafe. Consider using wcscpy_s instead. To disable deprecation, use _CRT_SECURE_NO_WARNINGS. See online help for details.
                 C:\Program Files (x86)\Microsoft Visual Studio 11.0\VC\include\string.h(288) : vea la declaración de 'wcscpy'
     1>C:\WinDDK\7600.16385.1\inc\atl71\cstringt.h(286): warning C4996: 'wcscpy': This function or variable may be unsafe. Consider using wcscpy_s instead. To disable deprecation, use _CRT_SECURE_NO_WARNINGS. See online help for details.
                 C:\Program Files (x86)\Microsoft Visual Studio 11.0\VC\include\string.h(288) : vea la declaración de 'wcscpy'
     1>C:\WinDDK\7600.16385.1\inc\atl71\cstringt.h(629): warning C4996: '_wcsupr': This function or variable may be unsafe. Consider using _wcsupr_s instead. To disable deprecation, use _CRT_SECURE_NO_WARNINGS. See online help for details.
                 C:\Program Files (x86)\Microsoft Visual Studio 11.0\VC\include\string.h(355) : vea la declaración de '_wcsupr'
     1>C:\WinDDK\7600.16385.1\inc\atl71\cstringt.h(634): warning C4996: '_wcslwr': This function or variable may be unsafe. Consider using _wcslwr_s instead. To disable deprecation, use _CRT_SECURE_NO_WARNINGS. See online help for details.
                 C:\Program Files (x86)\Microsoft Visual Studio 11.0\VC\include\string.h(349) : vea la declaración de '_wcslwr'
     1>C:\WinDDK\7600.16385.1\inc\atl71\cstringt.h(649): warning C4996: 'vswprintf': swprintf has been changed to conform with the ISO C standard, adding an extra character count parameter. To use traditional Microsoft swprintf, set _CRT_NON_CONFORMING_SWPRINTFS.
                 C:\Program Files (x86)\Microsoft Visual Studio 11.0\VC\include\swprintf.inl(97) : vea la declaración de 'vswprintf'
         OffScreenDC.cpp
     1>C:\WinDDK\7600.16385.1\inc\atl71\cstringt.h(267): warning C4996: 'wcscpy': This function or variable may be unsafe. Consider using wcscpy_s instead. To disable deprecation, use _CRT_SECURE_NO_WARNINGS. See online help for details.
                 C:\Program Files (x86)\Microsoft Visual Studio 11.0\VC\include\string.h(288) : vea la declaración de 'wcscpy'
     1>C:\WinDDK\7600.16385.1\inc\atl71\cstringt.h(286): warning C4996: 'wcscpy': This function or variable may be unsafe. Consider using wcscpy_s instead. To disable deprecation, use _CRT_SECURE_NO_WARNINGS. See online help for details.
                 C:\Program Files (x86)\Microsoft Visual Studio 11.0\VC\include\string.h(288) : vea la declaración de 'wcscpy'
     1>C:\WinDDK\7600.16385.1\inc\atl71\cstringt.h(629): warning C4996: '_wcsupr': This function or variable may be unsafe. Consider using _wcsupr_s instead. To disable deprecation, use _CRT_SECURE_NO_WARNINGS. See online help for details.
                 C:\Program Files (x86)\Microsoft Visual Studio 11.0\VC\include\string.h(355) : vea la declaración de '_wcsupr'
     1>C:\WinDDK\7600.16385.1\inc\atl71\cstringt.h(634): warning C4996: '_wcslwr': This function or variable may be unsafe. Consider using _wcslwr_s instead. To disable deprecation, use _CRT_SECURE_NO_WARNINGS. See online help for details.
                 C:\Program Files (x86)\Microsoft Visual Studio 11.0\VC\include\string.h(349) : vea la declaración de '_wcslwr'
     1>C:\WinDDK\7600.16385.1\inc\atl71\cstringt.h(649): warning C4996: 'vswprintf': swprintf has been changed to conform with the ISO C standard, adding an extra character count parameter. To use traditional Microsoft swprintf, set _CRT_NON_CONFORMING_SWPRINTFS.
                 C:\Program Files (x86)\Microsoft Visual Studio 11.0\VC\include\swprintf.inl(97) : vea la declaración de 'vswprintf'
         SignalMatrix.cpp
     1>C:\WinDDK\7600.16385.1\inc\atl71\cstringt.h(267): warning C4996: 'wcscpy': This function or variable may be unsafe. Consider using wcscpy_s instead. To disable deprecation, use _CRT_SECURE_NO_WARNINGS. See online help for details.
                 C:\Program Files (x86)\Microsoft Visual Studio 11.0\VC\include\string.h(288) : vea la declaración de 'wcscpy'
     1>C:\WinDDK\7600.16385.1\inc\atl71\cstringt.h(286): warning C4996: 'wcscpy': This function or variable may be unsafe. Consider using wcscpy_s instead. To disable deprecation, use _CRT_SECURE_NO_WARNINGS. See online help for details.
                 C:\Program Files (x86)\Microsoft Visual Studio 11.0\VC\include\string.h(288) : vea la declaración de 'wcscpy'
     1>C:\WinDDK\7600.16385.1\inc\atl71\cstringt.h(629): warning C4996: '_wcsupr': This function or variable may be unsafe. Consider using _wcsupr_s instead. To disable deprecation, use _CRT_SECURE_NO_WARNINGS. See online help for details.
                 C:\Program Files (x86)\Microsoft Visual Studio 11.0\VC\include\string.h(355) : vea la declaración de '_wcsupr'
     1>C:\WinDDK\7600.16385.1\inc\atl71\cstringt.h(634): warning C4996: '_wcslwr': This function or variable may be unsafe. Consider using _wcslwr_s instead. To disable deprecation, use _CRT_SECURE_NO_WARNINGS. See online help for details.
                 C:\Program Files (x86)\Microsoft Visual Studio 11.0\VC\include\string.h(349) : vea la declaración de '_wcslwr'
     1>C:\WinDDK\7600.16385.1\inc\atl71\cstringt.h(649): warning C4996: 'vswprintf': swprintf has been changed to conform with the ISO C standard, adding an extra character count parameter. To use traditional Microsoft swprintf, set _CRT_NON_CONFORMING_SWPRINTFS.
                 C:\Program Files (x86)\Microsoft Visual Studio 11.0\VC\include\swprintf.inl(97) : vea la declaración de 'vswprintf'
         UtilFunctions.cpp
     1>C:\WinDDK\7600.16385.1\inc\atl71\cstringt.h(267): warning C4996: 'wcscpy': This function or variable may be unsafe. Consider using wcscpy_s instead. To disable deprecation, use _CRT_SECURE_NO_WARNINGS. See online help for details.
                 C:\Program Files (x86)\Microsoft Visual Studio 11.0\VC\include\string.h(288) : vea la declaración de 'wcscpy'
     1>C:\WinDDK\7600.16385.1\inc\atl71\cstringt.h(286): warning C4996: 'wcscpy': This function or variable may be unsafe. Consider using wcscpy_s instead. To disable deprecation, use _CRT_SECURE_NO_WARNINGS. See online help for details.
                 C:\Program Files (x86)\Microsoft Visual Studio 11.0\VC\include\string.h(288) : vea la declaración de 'wcscpy'
     1>C:\WinDDK\7600.16385.1\inc\atl71\cstringt.h(629): warning C4996: '_wcsupr': This function or variable may be unsafe. Consider using _wcsupr_s instead. To disable deprecation, use _CRT_SECURE_NO_WARNINGS. See online help for details.
                 C:\Program Files (x86)\Microsoft Visual Studio 11.0\VC\include\string.h(355) : vea la declaración de '_wcsupr'
     1>C:\WinDDK\7600.16385.1\inc\atl71\cstringt.h(634): warning C4996: '_wcslwr': This function or variable may be unsafe. Consider using _wcslwr_s instead. To disable deprecation, use _CRT_SECURE_NO_WARNINGS. See online help for details.
                 C:\Program Files (x86)\Microsoft Visual Studio 11.0\VC\include\string.h(349) : vea la declaración de '_wcslwr'
     1>C:\WinDDK\7600.16385.1\inc\atl71\cstringt.h(649): warning C4996: 'vswprintf': swprintf has been changed to conform with the ISO C standard, adding an extra character count parameter. To use traditional Microsoft swprintf, set _CRT_NON_CONFORMING_SWPRINTFS.
                 C:\Program Files (x86)\Microsoft Visual Studio 11.0\VC\include\swprintf.inl(97) : vea la declaración de 'vswprintf'
     1>UtilFunctions.cpp(133): warning C4996: 'strcpy': This function or variable may be unsafe. Consider using strcpy_s instead. To disable deprecation, use _CRT_SECURE_NO_WARNINGS. See online help for details.
                 C:\Program Files (x86)\Microsoft Visual Studio 11.0\VC\include\string.h(110) : vea la declaración de 'strcpy'
     1>UtilFunctions.cpp(186): warning C4996: 'strcpy': This function or variable may be unsafe. Consider using strcpy_s instead. To disable deprecation, use _CRT_SECURE_NO_WARNINGS. See online help for details.
                 C:\Program Files (x86)\Microsoft Visual Studio 11.0\VC\include\string.h(110) : vea la declaración de 'strcpy'
     1>UtilFunctions.cpp(224): warning C4996: 'strcpy': This function or variable may be unsafe. Consider using strcpy_s instead. To disable deprecation, use _CRT_SECURE_NO_WARNINGS. See online help for details.
                 C:\Program Files (x86)\Microsoft Visual Studio 11.0\VC\include\string.h(110) : vea la declaración de 'strcpy'
         Utility.cpp
     1>C:\WinDDK\7600.16385.1\inc\atl71\cstringt.h(267): warning C4996: 'wcscpy': This function or variable may be unsafe. Consider using wcscpy_s instead. To disable deprecation, use _CRT_SECURE_NO_WARNINGS. See online help for details.
                 C:\Program Files (x86)\Microsoft Visual Studio 11.0\VC\include\string.h(288) : vea la declaración de 'wcscpy'
     1>C:\WinDDK\7600.16385.1\inc\atl71\cstringt.h(286): warning C4996: 'wcscpy': This function or variable may be unsafe. Consider using wcscpy_s instead. To disable deprecation, use _CRT_SECURE_NO_WARNINGS. See online help for details.
                 C:\Program Files (x86)\Microsoft Visual Studio 11.0\VC\include\string.h(288) : vea la declaración de 'wcscpy'
     1>C:\WinDDK\7600.16385.1\inc\atl71\cstringt.h(629): warning C4996: '_wcsupr': This function or variable may be unsafe. Consider using _wcsupr_s instead. To disable deprecation, use _CRT_SECURE_NO_WARNINGS. See online help for details.
                 C:\Program Files (x86)\Microsoft Visual Studio 11.0\VC\include\string.h(355) : vea la declaración de '_wcsupr'
     1>C:\WinDDK\7600.16385.1\inc\atl71\cstringt.h(634): warning C4996: '_wcslwr': This function or variable may be unsafe. Consider using _wcslwr_s instead. To disable deprecation, use _CRT_SECURE_NO_WARNINGS. See online help for details.
                 C:\Program Files (x86)\Microsoft Visual Studio 11.0\VC\include\string.h(349) : vea la declaración de '_wcslwr'
     1>C:\WinDDK\7600.16385.1\inc\atl71\cstringt.h(649): warning C4996: 'vswprintf': swprintf has been changed to conform with the ISO C standard, adding an extra character count parameter. To use traditional Microsoft swprintf, set _CRT_NON_CONFORMING_SWPRINTFS.
                 C:\Program Files (x86)\Microsoft Visual Studio 11.0\VC\include\swprintf.inl(97) : vea la declaración de 'vswprintf'
     1>Utility.cpp(108): warning C4996: 'strcpy': This function or variable may be unsafe. Consider using strcpy_s instead. To disable deprecation, use _CRT_SECURE_NO_WARNINGS. See online help for details.
                 C:\Program Files (x86)\Microsoft Visual Studio 11.0\VC\include\string.h(110) : vea la declaración de 'strcpy'
     1>Utility.cpp(329): warning C4996: 'strcpy': This function or variable may be unsafe. Consider using strcpy_s instead. To disable deprecation, use _CRT_SECURE_NO_WARNINGS. See online help for details.
                 C:\Program Files (x86)\Microsoft Visual Studio 11.0\VC\include\string.h(110) : vea la declaración de 'strcpy'
         Generando código...
         Compilando...
         Utility_Structs.cpp
     1>C:\WinDDK\7600.16385.1\inc\atl71\cstringt.h(267): warning C4996: 'wcscpy': This function or variable may be unsafe. Consider using wcscpy_s instead. To disable deprecation, use _CRT_SECURE_NO_WARNINGS. See online help for details.
                 C:\Program Files (x86)\Microsoft Visual Studio 11.0\VC\include\string.h(288) : vea la declaración de 'wcscpy'
     1>C:\WinDDK\7600.16385.1\inc\atl71\cstringt.h(286): warning C4996: 'wcscpy': This function or variable may be unsafe. Consider using wcscpy_s instead. To disable deprecation, use _CRT_SECURE_NO_WARNINGS. See online help for details.
                 C:\Program Files (x86)\Microsoft Visual Studio 11.0\VC\include\string.h(288) : vea la declaración de 'wcscpy'
     1>C:\WinDDK\7600.16385.1\inc\atl71\cstringt.h(629): warning C4996: '_wcsupr': This function or variable may be unsafe. Consider using _wcsupr_s instead. To disable deprecation, use _CRT_SECURE_NO_WARNINGS. See online help for details.
                 C:\Program Files (x86)\Microsoft Visual Studio 11.0\VC\include\string.h(355) : vea la declaración de '_wcsupr'
     1>C:\WinDDK\7600.16385.1\inc\atl71\cstringt.h(634): warning C4996: '_wcslwr': This function or variable may be unsafe. Consider using _wcslwr_s instead. To disable deprecation, use _CRT_SECURE_NO_WARNINGS. See online help for details.
                 C:\Program Files (x86)\Microsoft Visual Studio 11.0\VC\include\string.h(349) : vea la declaración de '_wcslwr'
     1>C:\WinDDK\7600.16385.1\inc\atl71\cstringt.h(649): warning C4996: 'vswprintf': swprintf has been changed to conform with the ISO C standard, adding an extra character count parameter. To use traditional Microsoft swprintf, set _CRT_NON_CONFORMING_SWPRINTFS.
                 C:\Program Files (x86)\Microsoft Visual Studio 11.0\VC\include\swprintf.inl(97) : vea la declaración de 'vswprintf'
         Utility_Thread.cpp
     1>C:\WinDDK\7600.16385.1\inc\atl71\cstringt.h(267): warning C4996: 'wcscpy': This function or variable may be unsafe. Consider using wcscpy_s instead. To disable deprecation, use _CRT_SECURE_NO_WARNINGS. See online help for details.
                 C:\Program Files (x86)\Microsoft Visual Studio 11.0\VC\include\string.h(288) : vea la declaración de 'wcscpy'
     1>C:\WinDDK\7600.16385.1\inc\atl71\cstringt.h(286): warning C4996: 'wcscpy': This function or variable may be unsafe. Consider using wcscpy_s instead. To disable deprecation, use _CRT_SECURE_NO_WARNINGS. See online help for details.
                 C:\Program Files (x86)\Microsoft Visual Studio 11.0\VC\include\string.h(288) : vea la declaración de 'wcscpy'
     1>C:\WinDDK\7600.16385.1\inc\atl71\cstringt.h(629): warning C4996: '_wcsupr': This function or variable may be unsafe. Consider using _wcsupr_s instead. To disable deprecation, use _CRT_SECURE_NO_WARNINGS. See online help for details.
                 C:\Program Files (x86)\Microsoft Visual Studio 11.0\VC\include\string.h(355) : vea la declaración de '_wcsupr'
     1>C:\WinDDK\7600.16385.1\inc\atl71\cstringt.h(634): warning C4996: '_wcslwr': This function or variable may be unsafe. Consider using _wcslwr_s instead. To disable deprecation, use _CRT_SECURE_NO_WARNINGS. See online help for details.
                 C:\Program Files (x86)\Microsoft Visual Studio 11.0\VC\include\string.h(349) : vea la declaración de '_wcslwr'
     1>C:\WinDDK\7600.16385.1\inc\atl71\cstringt.h(649): warning C4996: 'vswprintf': swprintf has been changed to conform with the ISO C standard, adding an extra character count parameter. To use traditional Microsoft swprintf, set _CRT_NON_CONFORMING_SWPRINTFS.
                 C:\Program Files (x86)\Microsoft Visual Studio 11.0\VC\include\swprintf.inl(97) : vea la declaración de 'vswprintf'
         WaitIndicator.cpp
     1>C:\WinDDK\7600.16385.1\inc\atl71\cstringt.h(267): warning C4996: 'wcscpy': This function or variable may be unsafe. Consider using wcscpy_s instead. To disable deprecation, use _CRT_SECURE_NO_WARNINGS. See online help for details.
                 C:\Program Files (x86)\Microsoft Visual Studio 11.0\VC\include\string.h(288) : vea la declaración de 'wcscpy'
     1>C:\WinDDK\7600.16385.1\inc\atl71\cstringt.h(286): warning C4996: 'wcscpy': This function or variable may be unsafe. Consider using wcscpy_s instead. To disable deprecation, use _CRT_SECURE_NO_WARNINGS. See online help for details.
                 C:\Program Files (x86)\Microsoft Visual Studio 11.0\VC\include\string.h(288) : vea la declaración de 'wcscpy'
     1>C:\WinDDK\7600.16385.1\inc\atl71\cstringt.h(629): warning C4996: '_wcsupr': This function or variable may be unsafe. Consider using _wcsupr_s instead. To disable deprecation, use _CRT_SECURE_NO_WARNINGS. See online help for details.
                 C:\Program Files (x86)\Microsoft Visual Studio 11.0\VC\include\string.h(355) : vea la declaración de '_wcsupr'
     1>C:\WinDDK\7600.16385.1\inc\atl71\cstringt.h(634): warning C4996: '_wcslwr': This function or variable may be unsafe. Consider using _wcslwr_s instead. To disable deprecation, use _CRT_SECURE_NO_WARNINGS. See online help for details.
                 C:\Program Files (x86)\Microsoft Visual Studio 11.0\VC\include\string.h(349) : vea la declaración de '_wcslwr'
     1>C:\WinDDK\7600.16385.1\inc\atl71\cstringt.h(649): warning C4996: 'vswprintf': swprintf has been changed to conform with the ISO C standard, adding an extra character count parameter. To use traditional Microsoft swprintf, set _CRT_NON_CONFORMING_SWPRINTFS.
                 C:\Program Files (x86)\Microsoft Visual Studio 11.0\VC\include\swprintf.inl(97) : vea la declaración de 'vswprintf'
         Generando código...
         C:\Program Files (x86)\Microsoft Visual Studio 11.0\VC\bin\CL.exe /c /IC:\Marc_Serra\TortoiseGit_Busmaster\BUSMASTER_2.3_UDS\busmaster\Sources\ /IC:\WinDDK\7600.16385.1\inc\mfc42 /IC:\WinDDK\7600.16385.1\inc\atl71 /Zi /nologo /W4 /WX- /Od /Oy- /D WIN32 /D NDEBUG /D _LIB /D WINVER=0x0500 /D _VC80_UPGRADE=0x0710 /D _USING_V110_SDK71_ /D _MBCS /D _AFXDLL /Gm- /EHsc /MD /GS /fp:precise /Zc:wchar_t /Zc:forScope /Fo"busmaster_debug\\" /Fd"busmaster_debug\vc110.pdb" /Gd /TP /analyze- /errorReport:prompt RadixEdit.cpp
         RadixEdit.cpp
     1>C:\WinDDK\7600.16385.1\inc\atl71\cstringt.h(267): warning C4996: 'wcscpy': This function or variable may be unsafe. Consider using wcscpy_s instead. To disable deprecation, use _CRT_SECURE_NO_WARNINGS. See online help for details.
                 C:\Program Files (x86)\Microsoft Visual Studio 11.0\VC\include\string.h(288) : vea la declaración de 'wcscpy'
     1>C:\WinDDK\7600.16385.1\inc\atl71\cstringt.h(286): warning C4996: 'wcscpy': This function or variable may be unsafe. Consider using wcscpy_s instead. To disable deprecation, use _CRT_SECURE_NO_WARNINGS. See online help for details.
                 C:\Program Files (x86)\Microsoft Visual Studio 11.0\VC\include\string.h(288) : vea la declaración de 'wcscpy'
     1>C:\WinDDK\7600.16385.1\inc\atl71\cstringt.h(629): warning C4996: '_wcsupr': This function or variable may be unsafe. Consider using _wcsupr_s instead. To disable deprecation, use _CRT_SECURE_NO_WARNINGS. See online help for details.
                 C:\Program Files (x86)\Microsoft Visual Studio 11.0\VC\include\string.h(355) : vea la declaración de '_wcsupr'
     1>C:\WinDDK\7600.16385.1\inc\atl71\cstringt.h(634): warning C4996: '_wcslwr': This function or variable may be unsafe. Consider using _wcslwr_s instead. To disable deprecation, use _CRT_SECURE_NO_WARNINGS. See online help for details.
                 C:\Program Files (x86)\Microsoft Visual Studio 11.0\VC\include\string.h(349) : vea la declaración de '_wcslwr'
     1>C:\WinDDK\7600.16385.1\inc\atl71\cstringt.h(649): warning C4996: 'vswprintf': swprintf has been changed to conform with the ISO C standard, adding an extra character count parameter. To use traditional Microsoft swprintf, set _CRT_NON_CONFORMING_SWPRINTFS.
                 C:\Program Files (x86)\Microsoft Visual Studio 11.0\VC\include\swprintf.inl(97) : vea la declaración de 'vswprintf'
     1>C:\Program Files (x86)\MSBuild\Microsoft.Cpp\v4.0\V110\Microsoft.CppBuild.targets(1299,5): warning MSB8012: TargetPath(C:\Marc_Serra\TortoiseGit_Busmaster\BUSMASTER_2.3_UDS\busmaster\Sources\Utility\busmaster_debug\Utils.lib) does not match the Library's OutputFile property value (C:\Marc_Serra\TortoiseGit_Busmaster\BUSMASTER_2.3_UDS\busmaster\Sources\BIN\Libs\busmaster_debug\Utils.lib). This may cause your project to build incorrectly. To correct this, please make sure that $(OutDir), $(TargetName) and $(TargetExt) property values match the value specified in %(Lib.OutputFile).
       Lib:
         C:\Program Files (x86)\Microsoft Visual Studio 11.0\VC\bin\Lib.exe /OUT:"C:\Marc_Serra\TortoiseGit_Busmaster\BUSMASTER_2.3_UDS\busmaster\Sources\/BIN/Libs/busmaster_debug\Utils.lib" /NOLOGO libxml2.lib
         iconv.lib busmaster_debug\AlphaChar.obj
         busmaster_debug\AlphanumiricEdit.obj
         busmaster_debug\ButtonItem.obj
         busmaster_debug\ColorSelector.obj
         busmaster_debug\ComboItem.obj
         busmaster_debug\ComputeCheckSum.obj
         busmaster_debug\EditItem.obj
         busmaster_debug\FFListCtrl.obj
         busmaster_debug\FlexListCtrl.obj
         busmaster_debug\FlickerFreeListCtrl.obj
         busmaster_debug\FlickerFreeTree.obj
         busmaster_debug\KeyNumEdit.obj
         busmaster_debug\MsgInterpretation.obj
         busmaster_debug\MultiLanguageSupport.obj
         busmaster_debug\NumEdit.obj
         busmaster_debug\NumSpinCtrl.obj
         busmaster_debug\OffScreenDC.obj
         busmaster_debug\RadixEdit.obj
         busmaster_debug\SignalMatrix.obj
         busmaster_debug\UtilFunctions.obj
         busmaster_debug\Utility.obj
         busmaster_debug\Utility_Structs.obj
         busmaster_debug\Utility_Thread.obj
         busmaster_debug\WaitIndicator.obj
     1>iconv.lib(iconv.dll) : warning LNK4006: __NULL_IMPORT_DESCRIPTOR ya se defini¾ en libxml2.lib(libxml2.dll); segunda definici¾n omitida
     1>iconv.lib(iconv.dll) : warning LNK4221: Este archivo de objeto no define ning·n sÝmbolo p·blico que no se haya definido previamente, por lo que no se usarß en ninguna vinculaci¾n que utilice esta biblioteca
         Utils.vcxproj -> C:\Marc_Serra\TortoiseGit_Busmaster\BUSMASTER_2.3_UDS\busmaster\Sources\Utility\busmaster_debug\Utils.lib
     1>Done Building Project "C:\Marc_Serra\TortoiseGit_Busmaster\BUSMASTER_2.3_UDS\busmaster\Sources\Utility\Utils.vcxproj" (Build target(s)).

Build succeeded.

Time Elapsed 00:00:36.16
