Build started 09/04/2014 9:48:24 AM.
     1>Project "C:\Marc_Serra\TortoiseGit_Busmaster\BUSMASTER_2.3_UDS\busmaster\Sources\CAN_NSI\CAN_NSI.vcxproj" on node 5 (Build target(s)).
     1>PreBuildEvent:
         cmd GetKvaserLib.bat
         :VCEnd
         Microsoft Windows [Versión 6.1.7601]
         Copyright (c) 2009 Microsoft Corporation. Reservados todos los derechos.
         
         C:\Marc_Serra\TortoiseGit_Busmaster\BUSMASTER_2.3_UDS\busmaster\Sources\CAN_NSI>
     1>C:\Program Files (x86)\MSBuild\Microsoft.Cpp\v4.0\V110\Microsoft.CppBuild.targets(1137,5): warning MSB8012: TargetPath(C:\Marc_Serra\TortoiseGit_Busmaster\BUSMASTER_2.3_UDS\busmaster\Sources\CAN_NSI\Debug\CAN_NSI.dll) does not match the Linker's OutputFile property value (C:\Marc_Serra\TortoiseGit_Busmaster\BUSMASTER_2.3_UDS\busmaster\Sources\bin\Debug\CAN_NSI.dll). This may cause your project to build incorrectly. To correct this, please make sure that $(OutDir), $(TargetName) and $(TargetExt) property values match the value specified in %(Link.OutputFile).
       PreLinkEvent:
         copy "%TMP%\canlib32.lib" ".\..\bin\libs\Debug\canlib32.lib"
         del "%TMP%\canlib32.lib"
         
         :VCEnd
         No se pudo encontrar C:\Users\MSERRA~1\AppData\Local\Temp\canlib32.lib
         El sistema no puede encontrar el archivo especificado.
       Link:
         C:\Program Files (x86)\Microsoft Visual Studio 11.0\VC\bin\link.exe /ERRORREPORT:PROMPT /OUT:"C:\Marc_Serra\TortoiseGit_Busmaster\BUSMASTER_2.3_UDS\busmaster\Sources\/bin/Debug\CAN_NSI.dll" /INCREMENTAL /NOLOGO /LIBPATH:C:\WinDDK\7600.16385.1\lib\Mfc\i386 /LIBPATH:C:\WinDDK\7600.16385.1\lib\ATL\i386 C:\Marc_Serra\TortoiseGit_Busmaster\BUSMASTER_2.3_UDS\busmaster\Sources\/BIN/Libs/Debug\canlib32.lib /MANIFEST /MANIFESTUAC:"level='asInvoker' uiAccess='false'" /manifest:embed /manifestinput:"C:\Program Files (x86)\Microsoft Visual Studio 11.0\VC\Include\Manifest\dpiaware.manifest" /PDB:"Debug\CAN_NSI.pdb" /SUBSYSTEM:WINDOWS /TLBID:1 /DYNAMICBASE:NO /IMPLIB:"C:\Marc_Serra\TortoiseGit_Busmaster\BUSMASTER_2.3_UDS\busmaster\Sources\/BIN/Libs/Debug\CAN_Kvaser_CAN.lib" /MACHINE:X86 /SAFESEH "C:\Marc_Serra\TortoiseGit_Busmaster\BUSMASTER_2.3_UDS\busmaster\Sources\/BIN/Libs/Debug\DataTypes.lib"
         "C:\Marc_Serra\TortoiseGit_Busmaster\BUSMASTER_2.3_UDS\busmaster\Sources\/BIN/Libs/Debug\Utils.lib"
         "C:\Marc_Serra\TortoiseGit_Busmaster\BUSMASTER_2.3_UDS\busmaster\Sources\/Localization/lib/intl.lib" /DLL Debug\CAN_NSI.res
         Debug\AcceptanceFilterDlg.obj
         Debug\CAN_NSI.obj
         Debug\CAN_NSI_stdafx.obj
         Debug\CANRegAnalysis.obj
         Debug\ChangeRegisters.obj
         Debug\HardwareListing.obj
         Debug\MultiLanguage.obj
     1>atlsd.lib(stdafx.obj) : warning LNK4078: se encontraron varias secciones 'ATL' con atributos diferentes (40301040)
            Creando biblioteca C:\Marc_Serra\TortoiseGit_Busmaster\BUSMASTER_2.3_UDS\busmaster\Sources\/BIN/Libs/Debug\CAN_Kvaser_CAN.lib y objeto C:\Marc_Serra\TortoiseGit_Busmaster\BUSMASTER_2.3_UDS\busmaster\Sources\/BIN/Libs/Debug\CAN_Kvaser_CAN.exp
     1>CAN_NSI.obj : error LNK2019: símbolo externo __imp__Ic_EnumCards@12 sin resolver al que se hace referencia en la función "int __cdecl GetNoOfConnectedHardware(void)" (?GetNoOfConnectedHardware@@YAHXZ)
     1>CAN_NSI.obj : error LNK2019: símbolo externo __imp__Ic_ExitDrv@4 sin resolver al que se hace referencia en la función "public: virtual long __thiscall CDIL_CAN_NSI::CAN_DeselectHwInterface(void)" (?CAN_DeselectHwInterface@CDIL_CAN_NSI@@UAEJXZ)
     1>CAN_NSI.obj : error LNK2019: símbolo externo __imp__Ic_GetEvent@8 sin resolver al que se hace referencia en la función "unsigned long __stdcall CanMsgReadThreadProc_CAN_NSI(void *)" (?CanMsgReadThreadProc_CAN_NSI@@YGKPAX@Z)
     1>CAN_NSI.obj : error LNK2019: símbolo externo __imp__Ic_InitChip@20 sin resolver al que se hace referencia en la función "int __cdecl nInitBusParam(unsigned int,struct t_CANbusParams,enum t_CANaddressing,enum t_CANpadding)" (?nInitBusParam@@YAHIUt_CANbusParams@@W4t_CANaddressing@@W4t_CANpadding@@@Z)
     1>CAN_NSI.obj : error LNK2019: símbolo externo __imp__Ic_InitDrv@8 sin resolver al que se hace referencia en la función "int __cdecl nCreateMultipleHardwareNetwork(unsigned int)" (?nCreateMultipleHardwareNetwork@@YAHI@Z)
     1>CAN_NSI.obj : error LNK2019: símbolo externo __imp__Ic_InitId@8 sin resolver al que se hace referencia en la función "int __cdecl WriteMessageIntoNSIDevice(struct sTCAN_MSG)" (?WriteMessageIntoNSIDevice@@YAHUsTCAN_MSG@@@Z)
     1>CAN_NSI.obj : error LNK2019: símbolo externo __imp__Ic_InitInterface@8 sin resolver al que se hace referencia en la función "int __cdecl nInitInterface(unsigned int,enum t_Interface)" (?nInitInterface@@YAHIW4t_Interface@@@Z)
     1>CAN_NSI.obj : error LNK2019: símbolo externo __imp__Ic_SetRxMask@16 sin resolver al que se hace referencia en la función "int __cdecl nInitRxMask(unsigned int,unsigned long,unsigned long,enum t_CANidentType)" (?nInitRxMask@@YAHIKKW4t_CANidentType@@@Z)
     1>CAN_NSI.obj : error LNK2019: símbolo externo __imp__Ic_StartChip@4 sin resolver al que se hace referencia en la función "int __cdecl nConnect(int,unsigned char)" (?nConnect@@YAHHE@Z)
     1>CAN_NSI.obj : error LNK2019: símbolo externo __imp__Ic_StopChip@4 sin resolver al que se hace referencia en la función "int __cdecl nConnect(int,unsigned char)" (?nConnect@@YAHHE@Z)
     1>CAN_NSI.obj : error LNK2019: símbolo externo __imp__Ic_TxMsg@16 sin resolver al que se hace referencia en la función "int __cdecl nTransmitMessage(struct sTCAN_MSG,unsigned long)" (?nTransmitMessage@@YAHUsTCAN_MSG@@K@Z)
     1>CAN_NSI.obj : error LNK2019: símbolo externo __imp__Ic_ConfigEvent@12 sin resolver al que se hace referencia en la función "unsigned long __stdcall CanMsgReadThreadProc_CAN_NSI(void *)" (?CanMsgReadThreadProc_CAN_NSI@@YGKPAX@Z)
     1>CAN_NSI.obj : error LNK2019: símbolo externo __imp__Ic_InitLineDrv@16 sin resolver al que se hace referencia en la función "int __cdecl nInitLineDriver(unsigned int,short)" (?nInitLineDriver@@YAHIF@Z)
     1>CAN_NSI.obj : error LNK2019: símbolo externo __imp__Ic_GetMode@8 sin resolver al que se hace referencia en la función "int __cdecl nTestHardwareConnection(unsigned char &,unsigned int)" (?nTestHardwareConnection@@YAHAAEI@Z)
     1>CAN_NSI.obj : error LNK2019: símbolo externo __imp__Ic_SetMode@8 sin resolver al que se hace referencia en la función "public: virtual long __thiscall CDIL_CAN_NSI::CAN_SetControllerParams(int,enum ECONTR_PARAM)" (?CAN_SetControllerParams@CDIL_CAN_NSI@@UAEJHW4ECONTR_PARAM@@@Z)
     1>CAN_NSI.obj : error LNK2019: símbolo externo __imp__Ic_GetDeviceInfo@8 sin resolver al que se hace referencia en la función "int __cdecl nCreateMultipleHardwareNetwork(unsigned int)" (?nCreateMultipleHardwareNetwork@@YAHI@Z)
     1>C:\Marc_Serra\TortoiseGit_Busmaster\BUSMASTER_2.3_UDS\busmaster\Sources\/bin/Debug\CAN_NSI.dll : fatal error LNK1120: 16 externos sin resolver
     1>Done Building Project "C:\Marc_Serra\TortoiseGit_Busmaster\BUSMASTER_2.3_UDS\busmaster\Sources\CAN_NSI\CAN_NSI.vcxproj" (Build target(s)) -- FAILED.

Build FAILED.

Time Elapsed 00:00:02.98
