Build started 09/04/2014 9:49:12 AM.
     1>Project "C:\Marc_Serra\TortoiseGit_Busmaster\BUSMASTER_2.3_UDS\busmaster\Sources\FrameProcessor\FrameProcessor.vcxproj" on node 4 (Build target(s)).
     1>C:\Program Files (x86)\MSBuild\Microsoft.Cpp\v4.0\V110\Microsoft.CppBuild.targets(1137,5): warning MSB8012: TargetPath(C:\Marc_Serra\TortoiseGit_Busmaster\BUSMASTER_2.3_UDS\busmaster\Sources\FrameProcessor\Debug\FrameProcessor.dll) does not match the Linker's OutputFile property value (C:\Marc_Serra\TortoiseGit_Busmaster\BUSMASTER_2.3_UDS\busmaster\Sources\bin\Debug\FrameProcessor.dll). This may cause your project to build incorrectly. To correct this, please make sure that $(OutDir), $(TargetName) and $(TargetExt) property values match the value specified in %(Link.OutputFile).
     1>Link:
         C:\Program Files (x86)\Microsoft Visual Studio 11.0\VC\bin\link.exe /ERRORREPORT:PROMPT /OUT:"C:\Marc_Serra\TortoiseGit_Busmaster\BUSMASTER_2.3_UDS\busmaster\Sources\/bin/Debug\FrameProcessor.dll" /INCREMENTAL /NOLOGO /LIBPATH:C:\WinDDK\7600.16385.1\lib\Mfc\i386 /LIBPATH:C:\WinDDK\7600.16385.1\lib\ATL\i386 /MANIFEST /MANIFESTUAC:"level='asInvoker' uiAccess='false'" /manifest:embed /manifestinput:"C:\Program Files (x86)\Microsoft Visual Studio 11.0\VC\Include\Manifest\dpiaware.manifest" /DEBUG /PDB:"Debug\FrameProcessor.pdb" /SUBSYSTEM:WINDOWS,"5.01" /TLBID:1 /BASE:"0x61000000" /DYNAMICBASE:NO /IMPLIB:"C:\Marc_Serra\TortoiseGit_Busmaster\BUSMASTER_2.3_UDS\busmaster\Sources\/BIN/Libs/Debug\FrameProcessor.lib" /MACHINE:X86 /SAFESEH "C:\Marc_Serra\TortoiseGit_Busmaster\BUSMASTER_2.3_UDS\busmaster\Sources\/BIN/Libs/Debug\DataTypes.lib"
         "C:\Marc_Serra\TortoiseGit_Busmaster\BUSMASTER_2.3_UDS\busmaster\Sources\/BIN/Libs/Debug\Utils.lib"
         "C:\Marc_Serra\TortoiseGit_Busmaster\BUSMASTER_2.3_UDS\busmaster\Sources\/BIN/Libs/Debug\DIL_Interface.lib"
         "C:\Marc_Serra\TortoiseGit_Busmaster\BUSMASTER_2.3_UDS\busmaster\Sources\/Localization/lib/intl.lib" /DLL Debug\BaseLogObject.obj
         Debug\FormatMsgCAN.obj
         Debug\FormatMsgCommon.obj
         Debug\FormatMsgJ1939.obj
         Debug\FormatMsgLIN.obj
         Debug\FrameProcessor.obj
         Debug\FrameProcessor_CAN.obj
         Debug\FrameProcessor_Common.obj
         Debug\FrameProcessor_J1939.obj
         Debug\FrameProcessor_LIN.obj
         Debug\LogObjectCAN.obj
         Debug\LogObjectJ1939.obj
         Debug\LogObjectLIN.obj
         C:\Marc_Serra\TortoiseGit_Busmaster\BUSMASTER_2.3_UDS\busmaster\Sources\BIN\Libs\Debug\DataTypes.lib
         C:\Marc_Serra\TortoiseGit_Busmaster\BUSMASTER_2.3_UDS\busmaster\Sources\BIN\Libs\Debug\Utils.lib
         C:\Marc_Serra\TortoiseGit_Busmaster\BUSMASTER_2.3_UDS\busmaster\Sources\BIN\Libs\Debug\DIL_Interface.lib
     1>LINK : fatal error LNK1104: no se puede abrir el archivo 'C:\Marc_Serra\TortoiseGit_Busmaster\BUSMASTER_2.3_UDS\busmaster\Sources\/BIN/Libs/Debug\DIL_Interface.lib'
     1>Done Building Project "C:\Marc_Serra\TortoiseGit_Busmaster\BUSMASTER_2.3_UDS\busmaster\Sources\FrameProcessor\FrameProcessor.vcxproj" (Build target(s)) -- FAILED.

Build FAILED.

Time Elapsed 00:00:00.57
