

Terminals which are not used:

   BEGINLOGTOKEN
   ENDLOGTOKEN
   DATETOKEN
   FULLTIME
   BASE
   TIMEMODE
   NUMBER
   DOUBLEVAL
   DATE
   TIME
   STDMSG
   EXTMSG
   STDRMSG
   EXTRMSG
   MSGDIR
   LENGTHTOKEN
   BITCOUNTTOKEN
   LINEEND
   TIMESTAMPTOKEN
   DECNUMBER
   CONSTANT


State 60 contains 1 shift/reduce conflict.
State 99 contains 1 reduce/reduce conflict.
State 109 contains 1 shift/reduce conflict.
State 124 contains 1 shift/reduce conflict.

Grammar
rule 1    commands -> command
rule 2    commands -> commands command
rule 3    command -> error
rule 4    command -> Section_End
rule 5    command -> LinDescriptionFile
rule 6    command -> LIN_protocol_version
rule 7    command -> LIN_language_version
rule 8    command -> LIN_Speed
rule 9    command -> NodeDecleration
rule 10   command -> Master_Decleration
rule 11   command -> Slaves_Deleration
rule 12   command -> Signal_Start
rule 13   command -> Signal_Def
rule 14   command -> DigSignal_Start
rule 15   command -> Unconditional_Frame_Start
rule 16   command -> Unconditional_Frame_Def
rule 17   command -> Unconditional_Frame_Signal_Map
rule 18   command -> Sporadic_Frame_Start
rule 19   command -> Sporadic_Frames_Dec
rule 20   command -> Event_Triggered_Frames
rule 21   command -> Event_Trigger_Frame_Start
rule 22   command -> Diagnostic_Frames_Dec
rule 23   command -> Diagnostic_Frame_Start
rule 24   command -> Section_Start
rule 25   command -> Signal_Encodeing_Start
rule 26   command -> Signal_Physical_Val_dec
rule 27   command -> Signal_Logical_Val_dec
rule 28   command -> Signal_Representation_Start
rule 29   Section_End -> CLOSEBRACE
rule 30   LinDescriptionFile -> LinDescriptionEmpty
rule 31   LinDescriptionFile -> LinDescription
rule 32   LinDescriptionEmpty -> LIN_DESCRIPTION_FILE ENDOFSTATEMENT
rule 33   LinDescription -> LIN_DESCRIPTION_FILE EQUAL STRING ENDOFSTATEMENT
rule 34   LIN_protocol_version -> LIN_PROTOCOL_VERSION EQUAL STRING ENDOFSTATEMENT
rule 35   LIN_language_version -> LIN_LANGUAGE_VERSION EQUAL STRING ENDOFSTATEMENT
rule 36   LIN_Speed -> LIN_SPEED EQUAL FLOAT KBPS ENDOFSTATEMENT
rule 37   NodeDecleration -> NODE OPENBRACE
rule 38   Master_Decleration -> MASTER COLONE IDENTIFIER FLOAT MS FLOAT MS ENDOFSTATEMENT
rule 39   Slaves_Deleration -> SLAVES COLONE IdentifierList ENDOFSTATEMENT
rule 40   IdentifierList ->		/* empty */
rule 41   IdentifierList -> IdentifierList IDENTIFIER
rule 42   Signal_Start -> SIGNALS OPENBRACE
rule 43   Signal_Def -> Signal_Single
rule 44   Signal_Def -> Signal_Multiple
rule 45   Signal_Single -> IDENTIFIER COLONE FLOAT FLOAT IdentifierList ENDOFSTATEMENT
rule 46   Signal_Multiple -> IDENTIFIER COLONE FLOAT OPENBRACE ArrayVal CLOSEBRACE IdentifierList
rule 47   ArrayVal ->		/* empty */
rule 48   ArrayVal -> ArrayVal FLOAT
rule 49   DigSignal_Start -> DIAGNOSTIC_SIGNALS OPENBRACE
rule 50   Unconditional_Frame_Start -> FRAMES OPENBRACE
rule 51   Unconditional_Frame_Def -> Unconditional_Frame_Def_Int
rule 52   Unconditional_Frame_Def -> Unconditional_Frame_Def_Hex
rule 53   Unconditional_Frame_Def_Int -> IDENTIFIER COLONE FLOAT IDENTIFIER FLOAT OPENBRACE
rule 54   Unconditional_Frame_Def_Hex -> IDENTIFIER COLONE HEXNUMBER IDENTIFIER FLOAT OPENBRACE
rule 55   Unconditional_Frame_Signal_Map -> IDENTIFIER FLOAT ENDOFSTATEMENT
rule 56   Sporadic_Frame_Start -> SPORADIC_FRAMES OPENBRACE
rule 57   Sporadic_Frames_Dec -> Sporadic_Frames_Dec_List
rule 58   Sporadic_Frames_Dec -> Sporadic_Frames_Dec_Sinlge
rule 59   Sporadic_Frames_Dec_List -> IDENTIFIER COLONE IdentifierList ENDOFSTATEMENT
rule 60   Sporadic_Frames_Dec_Sinlge -> IDENTIFIER COLONE IDENTIFIER ENDOFSTATEMENT
rule 61   Event_Triggered_Frames -> EVENT_TRIGGERED_FRAMES OPENBRACE
rule 62   Event_Trigger_Frame_Start -> IDENTIFIER COLONE IDENTIFIER FLOAT IdentifierList
rule 63   Diagnostic_Frames_Dec -> DIAGNOSTIC_FRAMES OPENBRACE
rule 64   Diagnostic_Frame_Start -> Diagnostic_Frame_Start_DEC
rule 65   Diagnostic_Frame_Start -> Diagnostic_Frame_Start_HEX
rule 66   Diagnostic_Frame_Start_DEC -> IDENTIFIER COLONE FLOAT OPENBRACE
rule 67   Diagnostic_Frame_Start_HEX -> IDENTIFIER COLONE HEXNUMBER OPENBRACE
rule 68   Section_Start -> IDENTIFIER OPENBRACE
rule 69   Signal_Encodeing_Start -> SIGNAL_ENCODING_TYPES OPENBRACE
rule 70   Signal_Physical_Val_dec -> PHYSICAL_VALUE FLOAT FLOAT FLOAT FLOAT STRING
rule 71   Signal_Logical_Val_dec -> LOGICAL_VALUE FLOAT STRING
rule 72   Signal_Representation_Start -> SIGNAL_REPRESENTATION OPENBRACE

Terminals, with rules where they appear

$ (-1)
error (256) 3
BEGINLOGTOKEN (258)
ENDLOGTOKEN (259)
DATETOKEN (260)
FULLTIME (261)
BASE (262)
TIMEMODE (263)
NUMBER (264)
DOUBLEVAL (265)
DATE (266)
TIME (267)
STDMSG (268)
EXTMSG (269)
STDRMSG (270)
EXTRMSG (271)
MSGDIR (272)
EQUAL (273) 33 34 35 36
LENGTHTOKEN (274)
BITCOUNTTOKEN (275)
LINEEND (276)
TIMESTAMPTOKEN (277)
STRING (278) 33 34 35 70 71
ENDOFSTATEMENT (279) 32 33 34 35 36 38 39 45 55 59 60
KBPS (280) 36
IDENTIFIER (281) 38 41 45 46 53 54 55 59 60 62 66 67 68
DECNUMBER (282)
HEXNUMBER (283) 54 67
LIN_DESCRIPTION_FILE (284) 32 33
LIN_PROTOCOL_VERSION (285) 34
LIN_LANGUAGE_VERSION (286) 35
LIN_SPEED (287) 36
SIGNAL_REPRESENTATION (288) 72
LOGICAL_VALUE (289) 71
FLOAT (290) 36 38 45 46 48 53 54 55 62 66 70 71
CONSTANT (291)
SIGNALS (292) 42
DIAGNOSTIC_SIGNALS (293) 49
FRAMES (294) 50
SPORADIC_FRAMES (295) 56
EVENT_TRIGGERED_FRAMES (296) 61
DIAGNOSTIC_FRAMES (297) 63
SIGNAL_ENCODING_TYPES (298) 69
PHYSICAL_VALUE (299) 70
NODE (300) 37
OPENBRACE (301) 37 42 46 49 50 53 54 56 61 63 66 67 68 69 72
CLOSEBRACE (302) 29 46
MASTER (303) 38
SLAVES (304) 39
COLONE (305) 38 39 45 46 53 54 59 60 62 66 67
MS (306) 38

Nonterminals, with rules where they appear

commands (52)
    on left: 1 2, on right: 2
command (53)
    on left: 3 4 5 6 7 8 9 10 11 12 13 14 15 16 17 18 19 20 21 22 23
    24 25 26 27 28, on right: 1 2
Section_End (54)
    on left: 29, on right: 4
LinDescriptionFile (55)
    on left: 30 31, on right: 5
LinDescriptionEmpty (56)
    on left: 32, on right: 30
LinDescription (57)
    on left: 33, on right: 31
LIN_protocol_version (58)
    on left: 34, on right: 6
LIN_language_version (59)
    on left: 35, on right: 7
LIN_Speed (60)
    on left: 36, on right: 8
NodeDecleration (61)
    on left: 37, on right: 9
Master_Decleration (62)
    on left: 38, on right: 10
Slaves_Deleration (63)
    on left: 39, on right: 11
IdentifierList (64)
    on left: 40 41, on right: 39 41 45 46 59 62
Signal_Start (65)
    on left: 42, on right: 12
Signal_Def (66)
    on left: 43 44, on right: 13
Signal_Single (67)
    on left: 45, on right: 43
Signal_Multiple (68)
    on left: 46, on right: 44
ArrayVal (69)
    on left: 47 48, on right: 46 48
DigSignal_Start (70)
    on left: 49, on right: 14
Unconditional_Frame_Start (71)
    on left: 50, on right: 15
Unconditional_Frame_Def (72)
    on left: 51 52, on right: 16
Unconditional_Frame_Def_Int (73)
    on left: 53, on right: 51
Unconditional_Frame_Def_Hex (74)
    on left: 54, on right: 52
Unconditional_Frame_Signal_Map (75)
    on left: 55, on right: 17
Sporadic_Frame_Start (76)
    on left: 56, on right: 18
Sporadic_Frames_Dec (77)
    on left: 57 58, on right: 19
Sporadic_Frames_Dec_List (78)
    on left: 59, on right: 57
Sporadic_Frames_Dec_Sinlge (79)
    on left: 60, on right: 58
Event_Triggered_Frames (80)
    on left: 61, on right: 20
Event_Trigger_Frame_Start (81)
    on left: 62, on right: 21
Diagnostic_Frames_Dec (82)
    on left: 63, on right: 22
Diagnostic_Frame_Start (83)
    on left: 64 65, on right: 23
Diagnostic_Frame_Start_DEC (84)
    on left: 66, on right: 64
Diagnostic_Frame_Start_HEX (85)
    on left: 67, on right: 65
Section_Start (86)
    on left: 68, on right: 24
Signal_Encodeing_Start (87)
    on left: 69, on right: 25
Signal_Physical_Val_dec (88)
    on left: 70, on right: 26
Signal_Logical_Val_dec (89)
    on left: 71, on right: 27
Signal_Representation_Start (90)
    on left: 72, on right: 28


state 0

    error	shift, and go to state 1
    IDENTIFIER	shift, and go to state 2
    LIN_DESCRIPTION_FILE	shift, and go to state 3
    LIN_PROTOCOL_VERSION	shift, and go to state 4
    LIN_LANGUAGE_VERSION	shift, and go to state 5
    LIN_SPEED	shift, and go to state 6
    SIGNAL_REPRESENTATION	shift, and go to state 7
    LOGICAL_VALUE	shift, and go to state 8
    SIGNALS	shift, and go to state 9
    DIAGNOSTIC_SIGNALS	shift, and go to state 10
    FRAMES	shift, and go to state 11
    SPORADIC_FRAMES	shift, and go to state 12
    EVENT_TRIGGERED_FRAMES	shift, and go to state 13
    DIAGNOSTIC_FRAMES	shift, and go to state 14
    SIGNAL_ENCODING_TYPES	shift, and go to state 15
    PHYSICAL_VALUE	shift, and go to state 16
    NODE	shift, and go to state 17
    CLOSEBRACE	shift, and go to state 18
    MASTER	shift, and go to state 19
    SLAVES	shift, and go to state 20

    commands	go to state 21
    command	go to state 22
    Section_End	go to state 23
    LinDescriptionFile	go to state 24
    LinDescriptionEmpty	go to state 25
    LinDescription	go to state 26
    LIN_protocol_version	go to state 27
    LIN_language_version	go to state 28
    LIN_Speed	go to state 29
    NodeDecleration	go to state 30
    Master_Decleration	go to state 31
    Slaves_Deleration	go to state 32
    Signal_Start	go to state 33
    Signal_Def	go to state 34
    Signal_Single	go to state 35
    Signal_Multiple	go to state 36
    DigSignal_Start	go to state 37
    Unconditional_Frame_Start	go to state 38
    Unconditional_Frame_Def	go to state 39
    Unconditional_Frame_Def_Int	go to state 40
    Unconditional_Frame_Def_Hex	go to state 41
    Unconditional_Frame_Signal_Map	go to state 42
    Sporadic_Frame_Start	go to state 43
    Sporadic_Frames_Dec	go to state 44
    Sporadic_Frames_Dec_List	go to state 45
    Sporadic_Frames_Dec_Sinlge	go to state 46
    Event_Triggered_Frames	go to state 47
    Event_Trigger_Frame_Start	go to state 48
    Diagnostic_Frames_Dec	go to state 49
    Diagnostic_Frame_Start	go to state 50
    Diagnostic_Frame_Start_DEC	go to state 51
    Diagnostic_Frame_Start_HEX	go to state 52
    Section_Start	go to state 53
    Signal_Encodeing_Start	go to state 54
    Signal_Physical_Val_dec	go to state 55
    Signal_Logical_Val_dec	go to state 56
    Signal_Representation_Start	go to state 57



state 1

    command  ->  error .   (rule 3)

    $default	reduce using rule 3 (command)



state 2

    Signal_Single  ->  IDENTIFIER . COLONE FLOAT FLOAT IdentifierList ENDOFSTATEMENT   (rule 45)
    Signal_Multiple  ->  IDENTIFIER . COLONE FLOAT OPENBRACE ArrayVal CLOSEBRACE IdentifierList   (rule 46)
    Unconditional_Frame_Def_Int  ->  IDENTIFIER . COLONE FLOAT IDENTIFIER FLOAT OPENBRACE   (rule 53)
    Unconditional_Frame_Def_Hex  ->  IDENTIFIER . COLONE HEXNUMBER IDENTIFIER FLOAT OPENBRACE   (rule 54)
    Unconditional_Frame_Signal_Map  ->  IDENTIFIER . FLOAT ENDOFSTATEMENT   (rule 55)
    Sporadic_Frames_Dec_List  ->  IDENTIFIER . COLONE IdentifierList ENDOFSTATEMENT   (rule 59)
    Sporadic_Frames_Dec_Sinlge  ->  IDENTIFIER . COLONE IDENTIFIER ENDOFSTATEMENT   (rule 60)
    Event_Trigger_Frame_Start  ->  IDENTIFIER . COLONE IDENTIFIER FLOAT IdentifierList   (rule 62)
    Diagnostic_Frame_Start_DEC  ->  IDENTIFIER . COLONE FLOAT OPENBRACE   (rule 66)
    Diagnostic_Frame_Start_HEX  ->  IDENTIFIER . COLONE HEXNUMBER OPENBRACE   (rule 67)
    Section_Start  ->  IDENTIFIER . OPENBRACE   (rule 68)

    FLOAT	shift, and go to state 58
    OPENBRACE	shift, and go to state 59
    COLONE	shift, and go to state 60



state 3

    LinDescriptionEmpty  ->  LIN_DESCRIPTION_FILE . ENDOFSTATEMENT   (rule 32)
    LinDescription  ->  LIN_DESCRIPTION_FILE . EQUAL STRING ENDOFSTATEMENT   (rule 33)

    EQUAL	shift, and go to state 61
    ENDOFSTATEMENT	shift, and go to state 62



state 4

    LIN_protocol_version  ->  LIN_PROTOCOL_VERSION . EQUAL STRING ENDOFSTATEMENT   (rule 34)

    EQUAL	shift, and go to state 63



state 5

    LIN_language_version  ->  LIN_LANGUAGE_VERSION . EQUAL STRING ENDOFSTATEMENT   (rule 35)

    EQUAL	shift, and go to state 64



state 6

    LIN_Speed  ->  LIN_SPEED . EQUAL FLOAT KBPS ENDOFSTATEMENT   (rule 36)

    EQUAL	shift, and go to state 65



state 7

    Signal_Representation_Start  ->  SIGNAL_REPRESENTATION . OPENBRACE   (rule 72)

    OPENBRACE	shift, and go to state 66



state 8

    Signal_Logical_Val_dec  ->  LOGICAL_VALUE . FLOAT STRING   (rule 71)

    FLOAT	shift, and go to state 67



state 9

    Signal_Start  ->  SIGNALS . OPENBRACE   (rule 42)

    OPENBRACE	shift, and go to state 68



state 10

    DigSignal_Start  ->  DIAGNOSTIC_SIGNALS . OPENBRACE   (rule 49)

    OPENBRACE	shift, and go to state 69



state 11

    Unconditional_Frame_Start  ->  FRAMES . OPENBRACE   (rule 50)

    OPENBRACE	shift, and go to state 70



state 12

    Sporadic_Frame_Start  ->  SPORADIC_FRAMES . OPENBRACE   (rule 56)

    OPENBRACE	shift, and go to state 71



state 13

    Event_Triggered_Frames  ->  EVENT_TRIGGERED_FRAMES . OPENBRACE   (rule 61)

    OPENBRACE	shift, and go to state 72



state 14

    Diagnostic_Frames_Dec  ->  DIAGNOSTIC_FRAMES . OPENBRACE   (rule 63)

    OPENBRACE	shift, and go to state 73



state 15

    Signal_Encodeing_Start  ->  SIGNAL_ENCODING_TYPES . OPENBRACE   (rule 69)

    OPENBRACE	shift, and go to state 74



state 16

    Signal_Physical_Val_dec  ->  PHYSICAL_VALUE . FLOAT FLOAT FLOAT FLOAT STRING   (rule 70)

    FLOAT	shift, and go to state 75



state 17

    NodeDecleration  ->  NODE . OPENBRACE   (rule 37)

    OPENBRACE	shift, and go to state 76



state 18

    Section_End  ->  CLOSEBRACE .   (rule 29)

    $default	reduce using rule 29 (Section_End)



state 19

    Master_Decleration  ->  MASTER . COLONE IDENTIFIER FLOAT MS FLOAT MS ENDOFSTATEMENT   (rule 38)

    COLONE	shift, and go to state 77



state 20

    Slaves_Deleration  ->  SLAVES . COLONE IdentifierList ENDOFSTATEMENT   (rule 39)

    COLONE	shift, and go to state 78



state 21

    commands  ->  commands . command   (rule 2)

    $   	go to state 127
    error	shift, and go to state 1
    IDENTIFIER	shift, and go to state 2
    LIN_DESCRIPTION_FILE	shift, and go to state 3
    LIN_PROTOCOL_VERSION	shift, and go to state 4
    LIN_LANGUAGE_VERSION	shift, and go to state 5
    LIN_SPEED	shift, and go to state 6
    SIGNAL_REPRESENTATION	shift, and go to state 7
    LOGICAL_VALUE	shift, and go to state 8
    SIGNALS	shift, and go to state 9
    DIAGNOSTIC_SIGNALS	shift, and go to state 10
    FRAMES	shift, and go to state 11
    SPORADIC_FRAMES	shift, and go to state 12
    EVENT_TRIGGERED_FRAMES	shift, and go to state 13
    DIAGNOSTIC_FRAMES	shift, and go to state 14
    SIGNAL_ENCODING_TYPES	shift, and go to state 15
    PHYSICAL_VALUE	shift, and go to state 16
    NODE	shift, and go to state 17
    CLOSEBRACE	shift, and go to state 18
    MASTER	shift, and go to state 19
    SLAVES	shift, and go to state 20

    command	go to state 79
    Section_End	go to state 23
    LinDescriptionFile	go to state 24
    LinDescriptionEmpty	go to state 25
    LinDescription	go to state 26
    LIN_protocol_version	go to state 27
    LIN_language_version	go to state 28
    LIN_Speed	go to state 29
    NodeDecleration	go to state 30
    Master_Decleration	go to state 31
    Slaves_Deleration	go to state 32
    Signal_Start	go to state 33
    Signal_Def	go to state 34
    Signal_Single	go to state 35
    Signal_Multiple	go to state 36
    DigSignal_Start	go to state 37
    Unconditional_Frame_Start	go to state 38
    Unconditional_Frame_Def	go to state 39
    Unconditional_Frame_Def_Int	go to state 40
    Unconditional_Frame_Def_Hex	go to state 41
    Unconditional_Frame_Signal_Map	go to state 42
    Sporadic_Frame_Start	go to state 43
    Sporadic_Frames_Dec	go to state 44
    Sporadic_Frames_Dec_List	go to state 45
    Sporadic_Frames_Dec_Sinlge	go to state 46
    Event_Triggered_Frames	go to state 47
    Event_Trigger_Frame_Start	go to state 48
    Diagnostic_Frames_Dec	go to state 49
    Diagnostic_Frame_Start	go to state 50
    Diagnostic_Frame_Start_DEC	go to state 51
    Diagnostic_Frame_Start_HEX	go to state 52
    Section_Start	go to state 53
    Signal_Encodeing_Start	go to state 54
    Signal_Physical_Val_dec	go to state 55
    Signal_Logical_Val_dec	go to state 56
    Signal_Representation_Start	go to state 57



state 22

    commands  ->  command .   (rule 1)

    $default	reduce using rule 1 (commands)



state 23

    command  ->  Section_End .   (rule 4)

    $default	reduce using rule 4 (command)



state 24

    command  ->  LinDescriptionFile .   (rule 5)

    $default	reduce using rule 5 (command)



state 25

    LinDescriptionFile  ->  LinDescriptionEmpty .   (rule 30)

    $default	reduce using rule 30 (LinDescriptionFile)



state 26

    LinDescriptionFile  ->  LinDescription .   (rule 31)

    $default	reduce using rule 31 (LinDescriptionFile)



state 27

    command  ->  LIN_protocol_version .   (rule 6)

    $default	reduce using rule 6 (command)



state 28

    command  ->  LIN_language_version .   (rule 7)

    $default	reduce using rule 7 (command)



state 29

    command  ->  LIN_Speed .   (rule 8)

    $default	reduce using rule 8 (command)



state 30

    command  ->  NodeDecleration .   (rule 9)

    $default	reduce using rule 9 (command)



state 31

    command  ->  Master_Decleration .   (rule 10)

    $default	reduce using rule 10 (command)



state 32

    command  ->  Slaves_Deleration .   (rule 11)

    $default	reduce using rule 11 (command)



state 33

    command  ->  Signal_Start .   (rule 12)

    $default	reduce using rule 12 (command)



state 34

    command  ->  Signal_Def .   (rule 13)

    $default	reduce using rule 13 (command)



state 35

    Signal_Def  ->  Signal_Single .   (rule 43)

    $default	reduce using rule 43 (Signal_Def)



state 36

    Signal_Def  ->  Signal_Multiple .   (rule 44)

    $default	reduce using rule 44 (Signal_Def)



state 37

    command  ->  DigSignal_Start .   (rule 14)

    $default	reduce using rule 14 (command)



state 38

    command  ->  Unconditional_Frame_Start .   (rule 15)

    $default	reduce using rule 15 (command)



state 39

    command  ->  Unconditional_Frame_Def .   (rule 16)

    $default	reduce using rule 16 (command)



state 40

    Unconditional_Frame_Def  ->  Unconditional_Frame_Def_Int .   (rule 51)

    $default	reduce using rule 51 (Unconditional_Frame_Def)



state 41

    Unconditional_Frame_Def  ->  Unconditional_Frame_Def_Hex .   (rule 52)

    $default	reduce using rule 52 (Unconditional_Frame_Def)



state 42

    command  ->  Unconditional_Frame_Signal_Map .   (rule 17)

    $default	reduce using rule 17 (command)



state 43

    command  ->  Sporadic_Frame_Start .   (rule 18)

    $default	reduce using rule 18 (command)



state 44

    command  ->  Sporadic_Frames_Dec .   (rule 19)

    $default	reduce using rule 19 (command)



state 45

    Sporadic_Frames_Dec  ->  Sporadic_Frames_Dec_List .   (rule 57)

    $default	reduce using rule 57 (Sporadic_Frames_Dec)



state 46

    Sporadic_Frames_Dec  ->  Sporadic_Frames_Dec_Sinlge .   (rule 58)

    $default	reduce using rule 58 (Sporadic_Frames_Dec)



state 47

    command  ->  Event_Triggered_Frames .   (rule 20)

    $default	reduce using rule 20 (command)



state 48

    command  ->  Event_Trigger_Frame_Start .   (rule 21)

    $default	reduce using rule 21 (command)



state 49

    command  ->  Diagnostic_Frames_Dec .   (rule 22)

    $default	reduce using rule 22 (command)



state 50

    command  ->  Diagnostic_Frame_Start .   (rule 23)

    $default	reduce using rule 23 (command)



state 51

    Diagnostic_Frame_Start  ->  Diagnostic_Frame_Start_DEC .   (rule 64)

    $default	reduce using rule 64 (Diagnostic_Frame_Start)



state 52

    Diagnostic_Frame_Start  ->  Diagnostic_Frame_Start_HEX .   (rule 65)

    $default	reduce using rule 65 (Diagnostic_Frame_Start)



state 53

    command  ->  Section_Start .   (rule 24)

    $default	reduce using rule 24 (command)



state 54

    command  ->  Signal_Encodeing_Start .   (rule 25)

    $default	reduce using rule 25 (command)



state 55

    command  ->  Signal_Physical_Val_dec .   (rule 26)

    $default	reduce using rule 26 (command)



state 56

    command  ->  Signal_Logical_Val_dec .   (rule 27)

    $default	reduce using rule 27 (command)



state 57

    command  ->  Signal_Representation_Start .   (rule 28)

    $default	reduce using rule 28 (command)



state 58

    Unconditional_Frame_Signal_Map  ->  IDENTIFIER FLOAT . ENDOFSTATEMENT   (rule 55)

    ENDOFSTATEMENT	shift, and go to state 80



state 59

    Section_Start  ->  IDENTIFIER OPENBRACE .   (rule 68)

    $default	reduce using rule 68 (Section_Start)



state 60

    Signal_Single  ->  IDENTIFIER COLONE . FLOAT FLOAT IdentifierList ENDOFSTATEMENT   (rule 45)
    Signal_Multiple  ->  IDENTIFIER COLONE . FLOAT OPENBRACE ArrayVal CLOSEBRACE IdentifierList   (rule 46)
    Unconditional_Frame_Def_Int  ->  IDENTIFIER COLONE . FLOAT IDENTIFIER FLOAT OPENBRACE   (rule 53)
    Unconditional_Frame_Def_Hex  ->  IDENTIFIER COLONE . HEXNUMBER IDENTIFIER FLOAT OPENBRACE   (rule 54)
    Sporadic_Frames_Dec_List  ->  IDENTIFIER COLONE . IdentifierList ENDOFSTATEMENT   (rule 59)
    Sporadic_Frames_Dec_Sinlge  ->  IDENTIFIER COLONE . IDENTIFIER ENDOFSTATEMENT   (rule 60)
    Event_Trigger_Frame_Start  ->  IDENTIFIER COLONE . IDENTIFIER FLOAT IdentifierList   (rule 62)
    Diagnostic_Frame_Start_DEC  ->  IDENTIFIER COLONE . FLOAT OPENBRACE   (rule 66)
    Diagnostic_Frame_Start_HEX  ->  IDENTIFIER COLONE . HEXNUMBER OPENBRACE   (rule 67)

    IDENTIFIER	shift, and go to state 81
    HEXNUMBER	shift, and go to state 82
    FLOAT	shift, and go to state 83

    IDENTIFIER	[reduce using rule 40 (IdentifierList)]
    $default	reduce using rule 40 (IdentifierList)

    IdentifierList	go to state 84



state 61

    LinDescription  ->  LIN_DESCRIPTION_FILE EQUAL . STRING ENDOFSTATEMENT   (rule 33)

    STRING	shift, and go to state 85



state 62

    LinDescriptionEmpty  ->  LIN_DESCRIPTION_FILE ENDOFSTATEMENT .   (rule 32)

    $default	reduce using rule 32 (LinDescriptionEmpty)



state 63

    LIN_protocol_version  ->  LIN_PROTOCOL_VERSION EQUAL . STRING ENDOFSTATEMENT   (rule 34)

    STRING	shift, and go to state 86



state 64

    LIN_language_version  ->  LIN_LANGUAGE_VERSION EQUAL . STRING ENDOFSTATEMENT   (rule 35)

    STRING	shift, and go to state 87



state 65

    LIN_Speed  ->  LIN_SPEED EQUAL . FLOAT KBPS ENDOFSTATEMENT   (rule 36)

    FLOAT	shift, and go to state 88



state 66

    Signal_Representation_Start  ->  SIGNAL_REPRESENTATION OPENBRACE .   (rule 72)

    $default	reduce using rule 72 (Signal_Representation_Start)



state 67

    Signal_Logical_Val_dec  ->  LOGICAL_VALUE FLOAT . STRING   (rule 71)

    STRING	shift, and go to state 89



state 68

    Signal_Start  ->  SIGNALS OPENBRACE .   (rule 42)

    $default	reduce using rule 42 (Signal_Start)



state 69

    DigSignal_Start  ->  DIAGNOSTIC_SIGNALS OPENBRACE .   (rule 49)

    $default	reduce using rule 49 (DigSignal_Start)



state 70

    Unconditional_Frame_Start  ->  FRAMES OPENBRACE .   (rule 50)

    $default	reduce using rule 50 (Unconditional_Frame_Start)



state 71

    Sporadic_Frame_Start  ->  SPORADIC_FRAMES OPENBRACE .   (rule 56)

    $default	reduce using rule 56 (Sporadic_Frame_Start)



state 72

    Event_Triggered_Frames  ->  EVENT_TRIGGERED_FRAMES OPENBRACE .   (rule 61)

    $default	reduce using rule 61 (Event_Triggered_Frames)



state 73

    Diagnostic_Frames_Dec  ->  DIAGNOSTIC_FRAMES OPENBRACE .   (rule 63)

    $default	reduce using rule 63 (Diagnostic_Frames_Dec)



state 74

    Signal_Encodeing_Start  ->  SIGNAL_ENCODING_TYPES OPENBRACE .   (rule 69)

    $default	reduce using rule 69 (Signal_Encodeing_Start)



state 75

    Signal_Physical_Val_dec  ->  PHYSICAL_VALUE FLOAT . FLOAT FLOAT FLOAT STRING   (rule 70)

    FLOAT	shift, and go to state 90



state 76

    NodeDecleration  ->  NODE OPENBRACE .   (rule 37)

    $default	reduce using rule 37 (NodeDecleration)



state 77

    Master_Decleration  ->  MASTER COLONE . IDENTIFIER FLOAT MS FLOAT MS ENDOFSTATEMENT   (rule 38)

    IDENTIFIER	shift, and go to state 91



state 78

    Slaves_Deleration  ->  SLAVES COLONE . IdentifierList ENDOFSTATEMENT   (rule 39)

    $default	reduce using rule 40 (IdentifierList)

    IdentifierList	go to state 92



state 79

    commands  ->  commands command .   (rule 2)

    $default	reduce using rule 2 (commands)



state 80

    Unconditional_Frame_Signal_Map  ->  IDENTIFIER FLOAT ENDOFSTATEMENT .   (rule 55)

    $default	reduce using rule 55 (Unconditional_Frame_Signal_Map)



state 81

    Sporadic_Frames_Dec_Sinlge  ->  IDENTIFIER COLONE IDENTIFIER . ENDOFSTATEMENT   (rule 60)
    Event_Trigger_Frame_Start  ->  IDENTIFIER COLONE IDENTIFIER . FLOAT IdentifierList   (rule 62)

    ENDOFSTATEMENT	shift, and go to state 93
    FLOAT	shift, and go to state 94



state 82

    Unconditional_Frame_Def_Hex  ->  IDENTIFIER COLONE HEXNUMBER . IDENTIFIER FLOAT OPENBRACE   (rule 54)
    Diagnostic_Frame_Start_HEX  ->  IDENTIFIER COLONE HEXNUMBER . OPENBRACE   (rule 67)

    IDENTIFIER	shift, and go to state 95
    OPENBRACE	shift, and go to state 96



state 83

    Signal_Single  ->  IDENTIFIER COLONE FLOAT . FLOAT IdentifierList ENDOFSTATEMENT   (rule 45)
    Signal_Multiple  ->  IDENTIFIER COLONE FLOAT . OPENBRACE ArrayVal CLOSEBRACE IdentifierList   (rule 46)
    Unconditional_Frame_Def_Int  ->  IDENTIFIER COLONE FLOAT . IDENTIFIER FLOAT OPENBRACE   (rule 53)
    Diagnostic_Frame_Start_DEC  ->  IDENTIFIER COLONE FLOAT . OPENBRACE   (rule 66)

    IDENTIFIER	shift, and go to state 97
    FLOAT	shift, and go to state 98
    OPENBRACE	shift, and go to state 99



state 84

    IdentifierList  ->  IdentifierList . IDENTIFIER   (rule 41)
    Sporadic_Frames_Dec_List  ->  IDENTIFIER COLONE IdentifierList . ENDOFSTATEMENT   (rule 59)

    ENDOFSTATEMENT	shift, and go to state 100
    IDENTIFIER	shift, and go to state 101



state 85

    LinDescription  ->  LIN_DESCRIPTION_FILE EQUAL STRING . ENDOFSTATEMENT   (rule 33)

    ENDOFSTATEMENT	shift, and go to state 102



state 86

    LIN_protocol_version  ->  LIN_PROTOCOL_VERSION EQUAL STRING . ENDOFSTATEMENT   (rule 34)

    ENDOFSTATEMENT	shift, and go to state 103



state 87

    LIN_language_version  ->  LIN_LANGUAGE_VERSION EQUAL STRING . ENDOFSTATEMENT   (rule 35)

    ENDOFSTATEMENT	shift, and go to state 104



state 88

    LIN_Speed  ->  LIN_SPEED EQUAL FLOAT . KBPS ENDOFSTATEMENT   (rule 36)

    KBPS	shift, and go to state 105



state 89

    Signal_Logical_Val_dec  ->  LOGICAL_VALUE FLOAT STRING .   (rule 71)

    $default	reduce using rule 71 (Signal_Logical_Val_dec)



state 90

    Signal_Physical_Val_dec  ->  PHYSICAL_VALUE FLOAT FLOAT . FLOAT FLOAT STRING   (rule 70)

    FLOAT	shift, and go to state 106



state 91

    Master_Decleration  ->  MASTER COLONE IDENTIFIER . FLOAT MS FLOAT MS ENDOFSTATEMENT   (rule 38)

    FLOAT	shift, and go to state 107



state 92

    Slaves_Deleration  ->  SLAVES COLONE IdentifierList . ENDOFSTATEMENT   (rule 39)
    IdentifierList  ->  IdentifierList . IDENTIFIER   (rule 41)

    ENDOFSTATEMENT	shift, and go to state 108
    IDENTIFIER	shift, and go to state 101



state 93

    Sporadic_Frames_Dec_Sinlge  ->  IDENTIFIER COLONE IDENTIFIER ENDOFSTATEMENT .   (rule 60)

    $default	reduce using rule 60 (Sporadic_Frames_Dec_Sinlge)



state 94

    Event_Trigger_Frame_Start  ->  IDENTIFIER COLONE IDENTIFIER FLOAT . IdentifierList   (rule 62)

    $default	reduce using rule 40 (IdentifierList)

    IdentifierList	go to state 109



state 95

    Unconditional_Frame_Def_Hex  ->  IDENTIFIER COLONE HEXNUMBER IDENTIFIER . FLOAT OPENBRACE   (rule 54)

    FLOAT	shift, and go to state 110



state 96

    Diagnostic_Frame_Start_HEX  ->  IDENTIFIER COLONE HEXNUMBER OPENBRACE .   (rule 67)

    $default	reduce using rule 67 (Diagnostic_Frame_Start_HEX)



state 97

    Unconditional_Frame_Def_Int  ->  IDENTIFIER COLONE FLOAT IDENTIFIER . FLOAT OPENBRACE   (rule 53)

    FLOAT	shift, and go to state 111



state 98

    Signal_Single  ->  IDENTIFIER COLONE FLOAT FLOAT . IdentifierList ENDOFSTATEMENT   (rule 45)

    $default	reduce using rule 40 (IdentifierList)

    IdentifierList	go to state 112



state 99

    Signal_Multiple  ->  IDENTIFIER COLONE FLOAT OPENBRACE . ArrayVal CLOSEBRACE IdentifierList   (rule 46)
    Diagnostic_Frame_Start_DEC  ->  IDENTIFIER COLONE FLOAT OPENBRACE .   (rule 66)

    FLOAT	reduce using rule 47 (ArrayVal)
    CLOSEBRACE	reduce using rule 47 (ArrayVal)
    CLOSEBRACE	[reduce using rule 66 (Diagnostic_Frame_Start_DEC)]
    $default	reduce using rule 66 (Diagnostic_Frame_Start_DEC)

    ArrayVal	go to state 113



state 100

    Sporadic_Frames_Dec_List  ->  IDENTIFIER COLONE IdentifierList ENDOFSTATEMENT .   (rule 59)

    $default	reduce using rule 59 (Sporadic_Frames_Dec_List)



state 101

    IdentifierList  ->  IdentifierList IDENTIFIER .   (rule 41)

    $default	reduce using rule 41 (IdentifierList)



state 102

    LinDescription  ->  LIN_DESCRIPTION_FILE EQUAL STRING ENDOFSTATEMENT .   (rule 33)

    $default	reduce using rule 33 (LinDescription)



state 103

    LIN_protocol_version  ->  LIN_PROTOCOL_VERSION EQUAL STRING ENDOFSTATEMENT .   (rule 34)

    $default	reduce using rule 34 (LIN_protocol_version)



state 104

    LIN_language_version  ->  LIN_LANGUAGE_VERSION EQUAL STRING ENDOFSTATEMENT .   (rule 35)

    $default	reduce using rule 35 (LIN_language_version)



state 105

    LIN_Speed  ->  LIN_SPEED EQUAL FLOAT KBPS . ENDOFSTATEMENT   (rule 36)

    ENDOFSTATEMENT	shift, and go to state 114



state 106

    Signal_Physical_Val_dec  ->  PHYSICAL_VALUE FLOAT FLOAT FLOAT . FLOAT STRING   (rule 70)

    FLOAT	shift, and go to state 115



state 107

    Master_Decleration  ->  MASTER COLONE IDENTIFIER FLOAT . MS FLOAT MS ENDOFSTATEMENT   (rule 38)

    MS  	shift, and go to state 116



state 108

    Slaves_Deleration  ->  SLAVES COLONE IdentifierList ENDOFSTATEMENT .   (rule 39)

    $default	reduce using rule 39 (Slaves_Deleration)



state 109

    IdentifierList  ->  IdentifierList . IDENTIFIER   (rule 41)
    Event_Trigger_Frame_Start  ->  IDENTIFIER COLONE IDENTIFIER FLOAT IdentifierList .   (rule 62)

    IDENTIFIER	shift, and go to state 101

    IDENTIFIER	[reduce using rule 62 (Event_Trigger_Frame_Start)]
    $default	reduce using rule 62 (Event_Trigger_Frame_Start)



state 110

    Unconditional_Frame_Def_Hex  ->  IDENTIFIER COLONE HEXNUMBER IDENTIFIER FLOAT . OPENBRACE   (rule 54)

    OPENBRACE	shift, and go to state 117



state 111

    Unconditional_Frame_Def_Int  ->  IDENTIFIER COLONE FLOAT IDENTIFIER FLOAT . OPENBRACE   (rule 53)

    OPENBRACE	shift, and go to state 118



state 112

    IdentifierList  ->  IdentifierList . IDENTIFIER   (rule 41)
    Signal_Single  ->  IDENTIFIER COLONE FLOAT FLOAT IdentifierList . ENDOFSTATEMENT   (rule 45)

    ENDOFSTATEMENT	shift, and go to state 119
    IDENTIFIER	shift, and go to state 101



state 113

    Signal_Multiple  ->  IDENTIFIER COLONE FLOAT OPENBRACE ArrayVal . CLOSEBRACE IdentifierList   (rule 46)
    ArrayVal  ->  ArrayVal . FLOAT   (rule 48)

    FLOAT	shift, and go to state 120
    CLOSEBRACE	shift, and go to state 121



state 114

    LIN_Speed  ->  LIN_SPEED EQUAL FLOAT KBPS ENDOFSTATEMENT .   (rule 36)

    $default	reduce using rule 36 (LIN_Speed)



state 115

    Signal_Physical_Val_dec  ->  PHYSICAL_VALUE FLOAT FLOAT FLOAT FLOAT . STRING   (rule 70)

    STRING	shift, and go to state 122



state 116

    Master_Decleration  ->  MASTER COLONE IDENTIFIER FLOAT MS . FLOAT MS ENDOFSTATEMENT   (rule 38)

    FLOAT	shift, and go to state 123



state 117

    Unconditional_Frame_Def_Hex  ->  IDENTIFIER COLONE HEXNUMBER IDENTIFIER FLOAT OPENBRACE .   (rule 54)

    $default	reduce using rule 54 (Unconditional_Frame_Def_Hex)



state 118

    Unconditional_Frame_Def_Int  ->  IDENTIFIER COLONE FLOAT IDENTIFIER FLOAT OPENBRACE .   (rule 53)

    $default	reduce using rule 53 (Unconditional_Frame_Def_Int)



state 119

    Signal_Single  ->  IDENTIFIER COLONE FLOAT FLOAT IdentifierList ENDOFSTATEMENT .   (rule 45)

    $default	reduce using rule 45 (Signal_Single)



state 120

    ArrayVal  ->  ArrayVal FLOAT .   (rule 48)

    $default	reduce using rule 48 (ArrayVal)



state 121

    Signal_Multiple  ->  IDENTIFIER COLONE FLOAT OPENBRACE ArrayVal CLOSEBRACE . IdentifierList   (rule 46)

    $default	reduce using rule 40 (IdentifierList)

    IdentifierList	go to state 124



state 122

    Signal_Physical_Val_dec  ->  PHYSICAL_VALUE FLOAT FLOAT FLOAT FLOAT STRING .   (rule 70)

    $default	reduce using rule 70 (Signal_Physical_Val_dec)



state 123

    Master_Decleration  ->  MASTER COLONE IDENTIFIER FLOAT MS FLOAT . MS ENDOFSTATEMENT   (rule 38)

    MS  	shift, and go to state 125



state 124

    IdentifierList  ->  IdentifierList . IDENTIFIER   (rule 41)
    Signal_Multiple  ->  IDENTIFIER COLONE FLOAT OPENBRACE ArrayVal CLOSEBRACE IdentifierList .   (rule 46)

    IDENTIFIER	shift, and go to state 101

    IDENTIFIER	[reduce using rule 46 (Signal_Multiple)]
    $default	reduce using rule 46 (Signal_Multiple)



state 125

    Master_Decleration  ->  MASTER COLONE IDENTIFIER FLOAT MS FLOAT MS . ENDOFSTATEMENT   (rule 38)

    ENDOFSTATEMENT	shift, and go to state 126



state 126

    Master_Decleration  ->  MASTER COLONE IDENTIFIER FLOAT MS FLOAT MS ENDOFSTATEMENT .   (rule 38)

    $default	reduce using rule 38 (Master_Decleration)



state 127

    $   	go to state 128



state 128

    $default	accept
