Build started 09/04/2014 10:04:02 AM.
     1>Project "C:\Marc_Serra\TortoiseGit_Busmaster\BUSMASTER_2.3_UDS\busmaster\Sources\DIL_J1939\J1939.vcxproj" on node 5 (Build target(s)).
     1>C:\Program Files (x86)\MSBuild\Microsoft.Cpp\v4.0\V110\Microsoft.CppBuild.targets(1137,5): warning MSB8012: TargetPath(C:\Marc_Serra\TortoiseGit_Busmaster\BUSMASTER_2.3_UDS\busmaster\Sources\DIL_J1939\busmaster_debug\DIL_J1939.dll) does not match the Linker's OutputFile property value (C:\Marc_Serra\TortoiseGit_Busmaster\BUSMASTER_2.3_UDS\busmaster\Sources\bin\busmaster_debug\DIL_J1939.dll). This may cause your project to build incorrectly. To correct this, please make sure that $(OutDir), $(TargetName) and $(TargetExt) property values match the value specified in %(Link.OutputFile).
     1>Link:
         C:\Program Files (x86)\Microsoft Visual Studio 11.0\VC\bin\link.exe /ERRORREPORT:PROMPT /OUT:"C:\Marc_Serra\TortoiseGit_Busmaster\BUSMASTER_2.3_UDS\busmaster\Sources\/bin/busmaster_debug\DIL_J1939.dll" /INCREMENTAL:NO /NOLOGO /LIBPATH:C:\WinDDK\7600.16385.1\lib\Mfc\i386 /LIBPATH:C:\WinDDK\7600.16385.1\lib\ATL\i386 /MANIFEST /MANIFESTUAC:"level='asInvoker' uiAccess='false'" /manifest:embed /manifestinput:"C:\Program Files (x86)\Microsoft Visual Studio 11.0\VC\Include\Manifest\dpiaware.manifest" /DEBUG /PDB:"busmaster_debug\DIL_J1939.pdb" /SUBSYSTEM:WINDOWS,"5.01" /STACK:"8000000" /OPT:REF /OPT:ICF /TLBID:1 /BASE:"0x64000000" /DYNAMICBASE:NO /IMPLIB:"C:\Marc_Serra\TortoiseGit_Busmaster\BUSMASTER_2.3_UDS\busmaster\Sources\/BIN/Libs/busmaster_debug\DIL_J1939.lib" /MACHINE:X86 /SAFESEH "C:\Marc_Serra\TortoiseGit_Busmaster\BUSMASTER_2.3_UDS\busmaster\Sources\/BIN/Libs/busmaster_debug\Utils.lib"
         "C:\Marc_Serra\TortoiseGit_Busmaster\BUSMASTER_2.3_UDS\busmaster\Sources\/BIN/Libs/busmaster_debug\DataTypes.lib"
          /DLL busmaster_debug\ConnectionDet.obj
         busmaster_debug\DIL_J1939.obj
         busmaster_debug\DIL_J1939_stdafx.obj
         busmaster_debug\MonitorNode.obj
         busmaster_debug\NetworkMgmt.obj
         busmaster_debug\NodeConManager.obj
         busmaster_debug\ReadCanMsg.obj
         busmaster_debug\TransferLayer.obj
            Creando biblioteca C:\Marc_Serra\TortoiseGit_Busmaster\BUSMASTER_2.3_UDS\busmaster\Sources\/BIN/Libs/busmaster_debug\DIL_J1939.lib y objeto C:\Marc_Serra\TortoiseGit_Busmaster\BUSMASTER_2.3_UDS\busmaster\Sources\/BIN/Libs/busmaster_debug\DIL_J1939.exp
     1>Utils.lib(Utility_Thread.obj) : warning LNK4254: sección 'ATL' (50000040) combinada en '.rdata' (40000040) con atributos diferentes
         J1939.vcxproj -> C:\Marc_Serra\TortoiseGit_Busmaster\BUSMASTER_2.3_UDS\busmaster\Sources\DIL_J1939\busmaster_debug\DIL_J1939.dll
     1>Done Building Project "C:\Marc_Serra\TortoiseGit_Busmaster\BUSMASTER_2.3_UDS\busmaster\Sources\DIL_J1939\J1939.vcxproj" (Build target(s)).

Build succeeded.

Time Elapsed 00:00:01.53
