Build started 09/04/2014 9:48:24 AM.
     1>Project "C:\Marc_Serra\TortoiseGit_Busmaster\BUSMASTER_2.3_UDS\busmaster\Sources\CAN_IXXAT_VCI\CAN_IXXAT_VCI.vcxproj" on node 2 (Build target(s)).
     1>ClCompile:
         C:\Program Files (x86)\Microsoft Visual Studio 11.0\VC\bin\CL.exe /c /IC:\Marc_Serra\TortoiseGit_Busmaster\BUSMASTER_2.3_UDS\busmaster\Sources\ /IC:\WinDDK\7600.16385.1\inc\mfc42 /IC:\WinDDK\7600.16385.1\inc\atl71 /I..\EXTERNAL\libxml2\include /I..\EXTERNAL\iconv\include /nologo /W4 /WX- /O2 /Oy- /D WIN32 /D _WINDOWS /D _DEBUG /D _USRDLL /D _USING_V110_SDK71_ /D _WINDLL /D _MBCS /D _AFXDLL /Gm /EHsc /MDd /GS /fp:precise /Zc:wchar_t /Zc:forScope /Yc"CAN_IXXAT_VCI_stdAfx.h" /Fp"Debug\CAN_IXXAT_VCI.pch" /Fo"Debug\\" /Fd"Debug\vc110.pdb" /Gd /TP /analyze- /errorReport:prompt /I "C:\Marc_Serra\TortoiseGit_Busmaster\BUSMASTER_2.3_UDS\busmaster\Sources\/Localization/include" ..\Application\MultiLanguage.cpp CANControllerConfigDlg.cpp CAN_IXXAT_VCI.cpp DIL_CAN_IXXAT_VCI.cpp IxxatCanChannel.cpp vcinpldynl.cpp
     1>cl : Línea de comandos warning D9007: '/Gm' requiere '/Zi o /ZI'; opción omitida
         MultiLanguage.cpp
     1>..\Application\MultiLanguage.cpp(565): fatal error C1010: final de archivo inesperado al buscar la directiva de encabezado precompilado. Compruebe si olvidó agregar '#include "CAN_IXXAT_VCI_stdAfx.h"' al código fuente?
         CANControllerConfigDlg.cpp
     1>CANControllerConfigDlg.cpp(27): fatal error C1083: No se puede abrir el archivo incluir: 'vcinpl.h': No such file or directory
         CAN_IXXAT_VCI.cpp
     1>c:\marc_serra\tortoisegit_busmaster\busmaster_2.3_uds\busmaster\sources\include\Struct_CAN.h(293): warning C4100: 'pNodePtr' : parámetro formal sin referencia
     1>c:\marc_serra\tortoisegit_busmaster\busmaster_2.3_uds\busmaster\sources\include\Struct_CAN.h(340): warning C4244: 'inicializando' : conversión de 'double' a 'float'; posible pérdida de datos
     1>c:\marc_serra\tortoisegit_busmaster\busmaster_2.3_uds\busmaster\sources\include\Struct_CAN.h(463): warning C4101: 'nStrSize' : variable local sin referencia
     1>c:\marc_serra\tortoisegit_busmaster\busmaster_2.3_uds\busmaster\sources\include\Struct_CAN.h(499): warning C4244: 'inicializando' : conversión de 'double' a 'float'; posible pérdida de datos
     1>c:\marc_serra\tortoisegit_busmaster\busmaster_2.3_uds\busmaster\sources\include\Struct_LIN.h(124): warning C4091: 'typedef ' : se ha omitido a la izquierda de 'SEVENT_SYNC_LIN' cuando no hay ninguna variable declarada
     1>C:\Marc_Serra\TortoiseGit_Busmaster\BUSMASTER_2.3_UDS\busmaster\Sources\include/basedefs.h(244): warning C4091: 'typedef ' : se ha omitido a la izquierda de 'tagFormattedData_CAN' cuando no hay ninguna variable declarada
     1>C:\Marc_Serra\TortoiseGit_Busmaster\BUSMASTER_2.3_UDS\busmaster\Sources\include/basedefs.h(291): warning C4091: 'typedef ' : se ha omitido a la izquierda de 'tagFormattedData_LIN' cuando no hay ninguna variable declarada
     1>c:\marc_serra\tortoisegit_busmaster\busmaster_2.3_uds\busmaster\sources\datatypes\Base_FlexRay_Buffer.h(126): warning C4005: 'FLX_MAX_MSG_DATA_SIZE' : redefinición de macro
                 C:\Marc_Serra\TortoiseGit_Busmaster\BUSMASTER_2.3_UDS\busmaster\Sources\include/basedefs.h(164) : vea la definición anterior de 'FLX_MAX_MSG_DATA_SIZE'
     1>c:\marc_serra\tortoisegit_busmaster\busmaster_2.3_uds\busmaster\sources\can_ixxat_vci\IxxatCanChannel.h(31): fatal error C1083: No se puede abrir el archivo incluir: 'vcinpl.h': No such file or directory
         DIL_CAN_IXXAT_VCI.cpp
     1>c:\marc_serra\tortoisegit_busmaster\busmaster_2.3_uds\busmaster\sources\include\Struct_CAN.h(293): warning C4100: 'pNodePtr' : parámetro formal sin referencia
     1>c:\marc_serra\tortoisegit_busmaster\busmaster_2.3_uds\busmaster\sources\include\Struct_CAN.h(340): warning C4244: 'inicializando' : conversión de 'double' a 'float'; posible pérdida de datos
     1>c:\marc_serra\tortoisegit_busmaster\busmaster_2.3_uds\busmaster\sources\include\Struct_CAN.h(463): warning C4101: 'nStrSize' : variable local sin referencia
     1>c:\marc_serra\tortoisegit_busmaster\busmaster_2.3_uds\busmaster\sources\include\Struct_CAN.h(499): warning C4244: 'inicializando' : conversión de 'double' a 'float'; posible pérdida de datos
     1>c:\marc_serra\tortoisegit_busmaster\busmaster_2.3_uds\busmaster\sources\include\Struct_LIN.h(124): warning C4091: 'typedef ' : se ha omitido a la izquierda de 'SEVENT_SYNC_LIN' cuando no hay ninguna variable declarada
     1>C:\Marc_Serra\TortoiseGit_Busmaster\BUSMASTER_2.3_UDS\busmaster\Sources\include/basedefs.h(244): warning C4091: 'typedef ' : se ha omitido a la izquierda de 'tagFormattedData_CAN' cuando no hay ninguna variable declarada
     1>C:\Marc_Serra\TortoiseGit_Busmaster\BUSMASTER_2.3_UDS\busmaster\Sources\include/basedefs.h(291): warning C4091: 'typedef ' : se ha omitido a la izquierda de 'tagFormattedData_LIN' cuando no hay ninguna variable declarada
     1>c:\marc_serra\tortoisegit_busmaster\busmaster_2.3_uds\busmaster\sources\datatypes\Base_FlexRay_Buffer.h(126): warning C4005: 'FLX_MAX_MSG_DATA_SIZE' : redefinición de macro
                 C:\Marc_Serra\TortoiseGit_Busmaster\BUSMASTER_2.3_UDS\busmaster\Sources\include/basedefs.h(164) : vea la definición anterior de 'FLX_MAX_MSG_DATA_SIZE'
     1>c:\marc_serra\tortoisegit_busmaster\busmaster_2.3_uds\busmaster\sources\can_ixxat_vci\IxxatCanChannel.h(31): fatal error C1083: No se puede abrir el archivo incluir: 'vcinpl.h': No such file or directory
         IxxatCanChannel.cpp
     1>c:\marc_serra\tortoisegit_busmaster\busmaster_2.3_uds\busmaster\sources\include\Struct_CAN.h(293): warning C4100: 'pNodePtr' : parámetro formal sin referencia
     1>c:\marc_serra\tortoisegit_busmaster\busmaster_2.3_uds\busmaster\sources\include\Struct_CAN.h(340): warning C4244: 'inicializando' : conversión de 'double' a 'float'; posible pérdida de datos
     1>c:\marc_serra\tortoisegit_busmaster\busmaster_2.3_uds\busmaster\sources\include\Struct_CAN.h(463): warning C4101: 'nStrSize' : variable local sin referencia
     1>c:\marc_serra\tortoisegit_busmaster\busmaster_2.3_uds\busmaster\sources\include\Struct_CAN.h(499): warning C4244: 'inicializando' : conversión de 'double' a 'float'; posible pérdida de datos
     1>c:\marc_serra\tortoisegit_busmaster\busmaster_2.3_uds\busmaster\sources\include\Struct_LIN.h(124): warning C4091: 'typedef ' : se ha omitido a la izquierda de 'SEVENT_SYNC_LIN' cuando no hay ninguna variable declarada
     1>C:\Marc_Serra\TortoiseGit_Busmaster\BUSMASTER_2.3_UDS\busmaster\Sources\include/basedefs.h(244): warning C4091: 'typedef ' : se ha omitido a la izquierda de 'tagFormattedData_CAN' cuando no hay ninguna variable declarada
     1>C:\Marc_Serra\TortoiseGit_Busmaster\BUSMASTER_2.3_UDS\busmaster\Sources\include/basedefs.h(291): warning C4091: 'typedef ' : se ha omitido a la izquierda de 'tagFormattedData_LIN' cuando no hay ninguna variable declarada
     1>c:\marc_serra\tortoisegit_busmaster\busmaster_2.3_uds\busmaster\sources\datatypes\Base_FlexRay_Buffer.h(126): warning C4005: 'FLX_MAX_MSG_DATA_SIZE' : redefinición de macro
                 C:\Marc_Serra\TortoiseGit_Busmaster\BUSMASTER_2.3_UDS\busmaster\Sources\include/basedefs.h(164) : vea la definición anterior de 'FLX_MAX_MSG_DATA_SIZE'
     1>c:\marc_serra\tortoisegit_busmaster\busmaster_2.3_uds\busmaster\sources\can_ixxat_vci\IxxatCanChannel.h(31): fatal error C1083: No se puede abrir el archivo incluir: 'vcinpl.h': No such file or directory
         vcinpldynl.cpp
     1>c:\marc_serra\tortoisegit_busmaster\busmaster_2.3_uds\busmaster\sources\can_ixxat_vci\vcinpldynl.h(20): fatal error C1083: No se puede abrir el archivo incluir: 'vcinpl.h': No such file or directory
     1>Done Building Project "C:\Marc_Serra\TortoiseGit_Busmaster\BUSMASTER_2.3_UDS\busmaster\Sources\CAN_IXXAT_VCI\CAN_IXXAT_VCI.vcxproj" (Build target(s)) -- FAILED.

Build FAILED.

Time Elapsed 00:00:05.21
